INFO: 2022-03-25T16:45:46 - customResource:AffinitiesDef
INFO: 2022-03-25T16:45:46 - chassisAffinities:20
INFO: 2022-03-25T16:45:46 -  id:please_fill_it_with_some_unique_id
INFO: 2022-03-25T16:45:46 -   level:Zippy
INFO: 2022-03-25T16:45:46 -  id:please_fill_it_with_some_unique_id_0
INFO: 2022-03-25T16:45:46 -   level:Evasive
INFO: 2022-03-25T16:45:46 -  id:please_fill_it_with_some_unique_id_1
INFO: 2022-03-25T16:45:46 -   level:Nimble
INFO: 2022-03-25T16:45:46 -  id:please_fill_it_with_some_unique_id_2
INFO: 2022-03-25T16:45:46 -   level:Encouraging
INFO: 2022-03-25T16:45:46 -  id:please_fill_it_with_some_unique_id_3
INFO: 2022-03-25T16:45:46 -   level:Precise_Shot
INFO: 2022-03-25T16:45:46 -  id:please_fill_it_with_some_unique_id_4
INFO: 2022-03-25T16:45:46 -   level:Keen-Eyed
INFO: 2022-03-25T16:45:46 -  id:please_fill_it_with_some_unique_id_5
INFO: 2022-03-25T16:45:46 -   level:Agile
INFO: 2022-03-25T16:45:46 -  id:please_fill_it_with_some_unique_id_6
INFO: 2022-03-25T16:45:46 -   level:Sturdy
INFO: 2022-03-25T16:45:46 -  id:please_fill_it_with_some_unique_id_7
INFO: 2022-03-25T16:45:46 -   level:Cool-Running
INFO: 2022-03-25T16:45:46 -  id:please_fill_it_with_some_unique_id_8
INFO: 2022-03-25T16:45:46 -   level:Ice_Cold
INFO: 2022-03-25T16:45:46 -  id:please_fill_it_with_some_unique_id_9
INFO: 2022-03-25T16:45:46 -   level:Resistant
INFO: 2022-03-25T16:45:46 -  id:please_fill_it_with_some_unique_id_10
INFO: 2022-03-25T16:45:46 -   level:Unlimited_Power
INFO: 2022-03-25T16:45:46 -  id:please_fill_it_with_some_unique_id_11
INFO: 2022-03-25T16:45:46 -   level:Brawler
INFO: 2022-03-25T16:45:46 -  id:please_fill_it_with_some_unique_id_12
INFO: 2022-03-25T16:45:46 -   level:Command_Unit
INFO: 2022-03-25T16:45:46 -  id:please_fill_it_with_some_unique_id_13
INFO: 2022-03-25T16:45:46 -   level:Stabilized
INFO: 2022-03-25T16:45:46 -  id:please_fill_it_with_some_unique_id_14
INFO: 2022-03-25T16:45:46 -   level:Sharpshooter
INFO: 2022-03-25T16:45:46 -  id:please_fill_it_with_some_unique_id_15
INFO: 2022-03-25T16:45:46 -   level:Long-Range_Specialist
INFO: 2022-03-25T16:45:46 -  id:please_fill_it_with_some_unique_id_16
INFO: 2022-03-25T16:45:46 -   level:Goomba_Stomper
INFO: 2022-03-25T16:45:46 -  id:please_fill_it_with_some_unique_id_17
INFO: 2022-03-25T16:45:46 -   level:Squirrelly_Bastard
INFO: 2022-03-25T16:45:46 -  id:please_fill_it_with_some_unique_id_18
INFO: 2022-03-25T16:45:46 -   level:Armor_Block
INFO: 2022-03-25T16:45:46 - taggedAffinities:16
INFO: 2022-03-25T16:45:46 -  id:please_fill_it_with_some_unique_id_19
INFO: 2022-03-25T16:45:46 -   level:Speed_King
INFO: 2022-03-25T16:45:46 -  id:please_fill_it_with_some_unique_id_20
INFO: 2022-03-25T16:45:46 -   level:Too_Angry_to_Die
INFO: 2022-03-25T16:45:46 -  id:please_fill_it_with_some_unique_id_21
INFO: 2022-03-25T16:45:46 -   level:Choppy_Choppy
INFO: 2022-03-25T16:45:46 -  id:please_fill_it_with_some_unique_id_22
INFO: 2022-03-25T16:45:46 -   level:Warfighter
INFO: 2022-03-25T16:45:46 -  id:please_fill_it_with_some_unique_id_23
INFO: 2022-03-25T16:45:46 -   level:Beats_By_Crab
INFO: 2022-03-25T16:45:46 -  id:please_fill_it_with_some_unique_id_24
INFO: 2022-03-25T16:45:46 -   level:Shield_of_Faith
INFO: 2022-03-25T16:45:46 -  id:please_fill_it_with_some_unique_id_25
INFO: 2022-03-25T16:45:46 -   level:Radar_Jammer
INFO: 2022-03-25T16:45:46 -  id:please_fill_it_with_some_unique_id_26
INFO: 2022-03-25T16:45:46 -   level:Little_Purple_Tank
INFO: 2022-03-25T16:45:46 -  id:please_fill_it_with_some_unique_id_27
INFO: 2022-03-25T16:45:46 -   level:Foundation's_Edge
INFO: 2022-03-25T16:45:46 -  id:please_fill_it_with_some_unique_id_28
INFO: 2022-03-25T16:45:46 -   level:Wizard_of_Camelot
INFO: 2022-03-25T16:45:46 -  id:please_fill_it_with_some_unique_id_29
INFO: 2022-03-25T16:45:46 -   level:On_the_Wings_of_Angels
INFO: 2022-03-25T16:45:46 -  id:please_fill_it_with_some_unique_id_30
INFO: 2022-03-25T16:45:46 -   level:Bring_Your_Pretty_Face_To_My_Axe
INFO: 2022-03-25T16:45:46 -  id:please_fill_it_with_some_unique_id_31
INFO: 2022-03-25T16:45:46 -   level:Make_It_Rain
INFO: 2022-03-25T16:45:46 -  id:please_fill_it_with_some_unique_id_32
INFO: 2022-03-25T16:45:46 -   level:Can't_Break_Me
INFO: 2022-03-25T16:45:46 -  id:please_fill_it_with_some_unique_id_33
INFO: 2022-03-25T16:45:46 -   level:Minimizer
INFO: 2022-03-25T16:45:46 -  id:please_fill_it_with_some_unique_id_34
INFO: 2022-03-25T16:45:46 -   level:Battle_Brother
INFO: 2022-03-25T16:45:46 - quirkAffinities:0
INFO: 2022-03-25T16:45:46 - globalAffinities:2
INFO: 2022-03-25T16:45:46 -  id:Comfortable_(5)
INFO: 2022-03-25T16:45:46 -  id:Attuned_(10)
