16:45:01.593 Assembly version: 1.0.0.0
16:45:01.593 ModDir is:D:\Steam\steamapps\common\BATTLETECH\Mods\CodeWords
16:45:01.593 mod.json settings are:({"Debug":true,"Trace":false,"FactionNameWeight":0.2,"ExcludeContractsWithId":["itrom_attack","itrom_defense","panzyr_attack","panzr_defense","smithon_attack","tyrlon_attack","story_1a_retreat","story_1b_retreat","story_2_threeyearslater","story_3_axylus","story_4_liberationofweldry","story_5_servedcold","story_6a_treasuretrove","story_6b_treasuretrove","story_7_gunboatdiplomacy","story_8_locura","story_9_downfall","Assassinate_Superheavy_BRUTAL","Assassinate_Superheavy_kobiyashi_BRUTAL","Assassinate_Superheavy_Scientists_HARD","Assassinate_Superheavy_Scientists","Assassinate_Superheavy_WhiteWhale","Assassinate_Superheavy","DestroyBase_itsatrap_BRUTAL","DestroyBase_itsatrap_NEW","Assassinate_Raczilla_mechs","Assassinate_Raczilla_tanks","Assassinate_Raczilla","Assassinate_SuperHeavy_EW_taskforce_common","Assassinate_SuperHeavy_EW_taskforce_DS","Assassinate_SuperHeavy_EW_taskforce_JF","Assassinate_SuperHeavy_EW_taskforce","SimpleBattle_TestDrive_VTOL_2_NEW","ThreeWayBattle_TestDrive_Wildcard_2_NEW","ThreeWayBattle_TestDrive_Wildcard_5_NEW","ThreeWayBattle_TestDrive_Wildcard_8_NEW","SimpleBattle_UrgentMatter_NEW","CaptureBase_TheBTeam","CaptureBase_TheBTeam_Alt","ThreeWayBattle_TrainingDay","ThreeWayBattle_TrainingDay_Alt","ThreeWayBattle_TrainingDay_Alt_2","Assassinate_HeDoesHisOwnStunts","ThreeWayBattle_ShowTheFlag_Alt","ThreeWayBattle_ShowTheFlag","solaris_offseason_4x4battle_mech_2","solaris_offseason_4x4battle_mech_5","solaris_offseason_4x4battle_mech_8","solaris_offseason_4x4ctf_mech_2","solaris_offseason_4x4ctf_mech_5","solaris_offseason_4x4ctf_mech_8","solaris_offseason_4x4freeforall_mech_2","solaris_offseason_4x4freeforall_mech_5","solaris_offseason_4x4freeforall_mech_8","solaris_offseason_8x8battle_mech_2","solaris_offseason_8x8battle_mech_5","solaris_offseason_8x8battle_mech_8","solaris_offseason_8x8ctf_mech_2","solaris_offseason_8x8ctf_mech_5","solaris_offseason_8x8ctf_mech_8","solaris_offseason_1x1Duel_mech","solaris_offseason_2x2Duel_mech","solaris_assault_4x4battle_mech_2","solaris_assault_4x4battle_mech_5","solaris_assault_4x4battle_mech_8","solaris_assault_4x4ctf_mech_2","solaris_assault_4x4ctf_mech_5","solaris_assault_4x4ctf_mech_8","solaris_assault_4x4freeforall_mech_2","solaris_assault_4x4freeforall_mech_5","solaris_assault_4x4freeforall_mech_8","solaris_assault_league_d10","solaris_assault_league_d5","solaris_assault_league_d6","solaris_assault_league_d7","solaris_assault_league_d8","solaris_assault_league_d9","solaris_heavy_4x4battle_mech_2","solaris_heavy_4x4battle_mech_5","solaris_heavy_4x4battle_mech_8","solaris_heavy_4x4ctf_mech_2","solaris_heavy_4x4ctf_mech_5","solaris_heavy_4x4ctf_mech_8","solaris_heavy_4x4freeforall_mech_2","solaris_heavy_4x4freeforall_mech_5","solaris_heavy_4x4freeforall_mech_8","solaris_heavy_league_d10","solaris_heavy_league_d5","solaris_heavy_league_d6","solaris_heavy_league_d7","solaris_heavy_league_d8","solaris_heavy_league_d9","solaris_light_4x4battle_mech_2","solaris_light_4x4battle_mech_5","solaris_light_4x4battle_mech_8","solaris_light_4x4ctf_mech_2","solaris_light_4x4ctf_mech_5","solaris_light_4x4ctf_mech_8","solaris_light_4x4freeforall_mech_2","solaris_light_4x4freeforall_mech_5","solaris_light_4x4freeforall_mech_8","solaris_light_league_d10","solaris_light_league_d5","solaris_light_league_d6","solaris_light_league_d7","solaris_light_league_d8","solaris_light_league_d9","solaris_medium_4x4battle_mech_2","solaris_medium_4x4battle_mech_5","solaris_medium_4x4battle_mech_8","solaris_medium_4x4ctf_mech_2","solaris_medium_4x4ctf_mech_5","solaris_medium_4x4ctf_mech_8","solaris_medium_4x4freeforall_mech_2","solaris_medium_4x4freeforall_mech_5","solaris_medium_4x4freeforall_mech_8","solaris_medium_league_d10","solaris_medium_league_d5","solaris_medium_league_d6","solaris_medium_league_d7","solaris_medium_league_d8","solaris_medium_league_d9"]})
16:45:01.595 === MOD CONFIG BEGIN ===
16:45:01.595   DEBUG: True Trace: False
16:45:01.595 
16:45:01.595   FactionNameWeight: 0.2
16:45:01.595 
16:45:01.595   -- ExcludedContractIds --
16:45:01.595  --- id: itrom_attack
16:45:01.595  --- id: itrom_defense
16:45:01.595  --- id: panzyr_attack
16:45:01.595  --- id: panzr_defense
16:45:01.595  --- id: smithon_attack
16:45:01.595  --- id: tyrlon_attack
16:45:01.595  --- id: story_1a_retreat
16:45:01.595  --- id: story_1b_retreat
16:45:01.595  --- id: story_2_threeyearslater
16:45:01.595  --- id: story_3_axylus
16:45:01.595  --- id: story_4_liberationofweldry
16:45:01.595  --- id: story_5_servedcold
16:45:01.595  --- id: story_6a_treasuretrove
16:45:01.595  --- id: story_6b_treasuretrove
16:45:01.595  --- id: story_7_gunboatdiplomacy
16:45:01.595  --- id: story_8_locura
16:45:01.595  --- id: story_9_downfall
16:45:01.595  --- id: Assassinate_Superheavy_BRUTAL
16:45:01.595  --- id: Assassinate_Superheavy_kobiyashi_BRUTAL
16:45:01.595  --- id: Assassinate_Superheavy_Scientists_HARD
16:45:01.595  --- id: Assassinate_Superheavy_Scientists
16:45:01.595  --- id: Assassinate_Superheavy_WhiteWhale
16:45:01.595  --- id: Assassinate_Superheavy
16:45:01.596  --- id: DestroyBase_itsatrap_BRUTAL
16:45:01.596  --- id: DestroyBase_itsatrap_NEW
16:45:01.596  --- id: Assassinate_Raczilla_mechs
16:45:01.596  --- id: Assassinate_Raczilla_tanks
16:45:01.596  --- id: Assassinate_Raczilla
16:45:01.596  --- id: Assassinate_SuperHeavy_EW_taskforce_common
16:45:01.596  --- id: Assassinate_SuperHeavy_EW_taskforce_DS
16:45:01.596  --- id: Assassinate_SuperHeavy_EW_taskforce_JF
16:45:01.596  --- id: Assassinate_SuperHeavy_EW_taskforce
16:45:01.596  --- id: SimpleBattle_TestDrive_VTOL_2_NEW
16:45:01.596  --- id: ThreeWayBattle_TestDrive_Wildcard_2_NEW
16:45:01.596  --- id: ThreeWayBattle_TestDrive_Wildcard_5_NEW
16:45:01.596  --- id: ThreeWayBattle_TestDrive_Wildcard_8_NEW
16:45:01.596  --- id: SimpleBattle_UrgentMatter_NEW
16:45:01.596  --- id: CaptureBase_TheBTeam
16:45:01.596  --- id: CaptureBase_TheBTeam_Alt
16:45:01.596  --- id: ThreeWayBattle_TrainingDay
16:45:01.596  --- id: ThreeWayBattle_TrainingDay_Alt
16:45:01.596  --- id: ThreeWayBattle_TrainingDay_Alt_2
16:45:01.596  --- id: Assassinate_HeDoesHisOwnStunts
16:45:01.596  --- id: ThreeWayBattle_ShowTheFlag_Alt
16:45:01.596  --- id: ThreeWayBattle_ShowTheFlag
16:45:01.596  --- id: solaris_offseason_4x4battle_mech_2
16:45:01.596  --- id: solaris_offseason_4x4battle_mech_5
16:45:01.596  --- id: solaris_offseason_4x4battle_mech_8
16:45:01.596  --- id: solaris_offseason_4x4ctf_mech_2
16:45:01.596  --- id: solaris_offseason_4x4ctf_mech_5
16:45:01.596  --- id: solaris_offseason_4x4ctf_mech_8
16:45:01.596  --- id: solaris_offseason_4x4freeforall_mech_2
16:45:01.596  --- id: solaris_offseason_4x4freeforall_mech_5
16:45:01.596  --- id: solaris_offseason_4x4freeforall_mech_8
16:45:01.596  --- id: solaris_offseason_8x8battle_mech_2
16:45:01.596  --- id: solaris_offseason_8x8battle_mech_5
16:45:01.596  --- id: solaris_offseason_8x8battle_mech_8
16:45:01.596  --- id: solaris_offseason_8x8ctf_mech_2
16:45:01.596  --- id: solaris_offseason_8x8ctf_mech_5
16:45:01.596  --- id: solaris_offseason_8x8ctf_mech_8
16:45:01.596  --- id: solaris_offseason_1x1Duel_mech
16:45:01.596  --- id: solaris_offseason_2x2Duel_mech
16:45:01.596  --- id: solaris_assault_4x4battle_mech_2
16:45:01.596  --- id: solaris_assault_4x4battle_mech_5
16:45:01.596  --- id: solaris_assault_4x4battle_mech_8
16:45:01.596  --- id: solaris_assault_4x4ctf_mech_2
16:45:01.596  --- id: solaris_assault_4x4ctf_mech_5
16:45:01.596  --- id: solaris_assault_4x4ctf_mech_8
16:45:01.596  --- id: solaris_assault_4x4freeforall_mech_2
16:45:01.596  --- id: solaris_assault_4x4freeforall_mech_5
16:45:01.596  --- id: solaris_assault_4x4freeforall_mech_8
16:45:01.596  --- id: solaris_assault_league_d10
16:45:01.596  --- id: solaris_assault_league_d5
16:45:01.596  --- id: solaris_assault_league_d6
16:45:01.596  --- id: solaris_assault_league_d7
16:45:01.596  --- id: solaris_assault_league_d8
16:45:01.596  --- id: solaris_assault_league_d9
16:45:01.596  --- id: solaris_heavy_4x4battle_mech_2
16:45:01.596  --- id: solaris_heavy_4x4battle_mech_5
16:45:01.596  --- id: solaris_heavy_4x4battle_mech_8
16:45:01.596  --- id: solaris_heavy_4x4ctf_mech_2
16:45:01.596  --- id: solaris_heavy_4x4ctf_mech_5
16:45:01.596  --- id: solaris_heavy_4x4ctf_mech_8
16:45:01.596  --- id: solaris_heavy_4x4freeforall_mech_2
16:45:01.596  --- id: solaris_heavy_4x4freeforall_mech_5
16:45:01.596  --- id: solaris_heavy_4x4freeforall_mech_8
16:45:01.596  --- id: solaris_heavy_league_d10
16:45:01.596  --- id: solaris_heavy_league_d5
16:45:01.596  --- id: solaris_heavy_league_d6
16:45:01.596  --- id: solaris_heavy_league_d7
16:45:01.596  --- id: solaris_heavy_league_d8
16:45:01.596  --- id: solaris_heavy_league_d9
16:45:01.596  --- id: solaris_light_4x4battle_mech_2
16:45:01.596  --- id: solaris_light_4x4battle_mech_5
16:45:01.596  --- id: solaris_light_4x4battle_mech_8
16:45:01.596  --- id: solaris_light_4x4ctf_mech_2
16:45:01.596  --- id: solaris_light_4x4ctf_mech_5
16:45:01.596  --- id: solaris_light_4x4ctf_mech_8
16:45:01.596  --- id: solaris_light_4x4freeforall_mech_2
16:45:01.596  --- id: solaris_light_4x4freeforall_mech_5
16:45:01.596  --- id: solaris_light_4x4freeforall_mech_8
16:45:01.596  --- id: solaris_light_league_d10
16:45:01.596  --- id: solaris_light_league_d5
16:45:01.596  --- id: solaris_light_league_d6
16:45:01.596  --- id: solaris_light_league_d7
16:45:01.596  --- id: solaris_light_league_d8
16:45:01.596  --- id: solaris_light_league_d9
16:45:01.596  --- id: solaris_medium_4x4battle_mech_2
16:45:01.596  --- id: solaris_medium_4x4battle_mech_5
16:45:01.596  --- id: solaris_medium_4x4battle_mech_8
16:45:01.596  --- id: solaris_medium_4x4ctf_mech_2
16:45:01.596  --- id: solaris_medium_4x4ctf_mech_5
16:45:01.596  --- id: solaris_medium_4x4ctf_mech_8
16:45:01.596  --- id: solaris_medium_4x4freeforall_mech_2
16:45:01.596  --- id: solaris_medium_4x4freeforall_mech_5
16:45:01.596  --- id: solaris_medium_4x4freeforall_mech_8
16:45:01.596  --- id: solaris_medium_league_d10
16:45:01.596  --- id: solaris_medium_league_d5
16:45:01.596  --- id: solaris_medium_league_d6
16:45:01.596  --- id: solaris_medium_league_d7
16:45:01.596  --- id: solaris_medium_league_d8
16:45:01.596  --- id: solaris_medium_league_d9
16:45:01.596 
16:45:01.596 INFO: No errors reading settings file.
