[14:51:43.959]Шаблон:Valid For Stock Skirmishes
 Контекст:
  DM:BattleTech.Data.DataManager
   IsLoading:Boolean
   GetHashCode:Int32
   ToString:String
  TDSF:BattleTech.TagDataStructFetcher
   GetHashCode:Int32
   ToString:String
[14:51:43.965]Шаблон:Valid For Stock Skirmishes
 Контекст:
  DM:BattleTech.Data.DataManager
   IsLoading:Boolean
   GetHashCode:Int32
   ToString:String
  TDSF:BattleTech.TagDataStructFetcher
   GetHashCode:Int32
   ToString:String
[14:51:44.021]Шаблон:Toggle Display of Pre-Made Lances
 Контекст:
  DM:BattleTech.Data.DataManager
   IsLoading:Boolean
   GetHashCode:Int32
   ToString:String
  TDSF:BattleTech.TagDataStructFetcher
   GetHashCode:Int32
   ToString:String
[14:51:44.021]Шаблон:Toggle Display of Pre-Made Lances
 Контекст:
  DM:BattleTech.Data.DataManager
   IsLoading:Boolean
   GetHashCode:Int32
   ToString:String
  TDSF:BattleTech.TagDataStructFetcher
   GetHashCode:Int32
   ToString:String
[14:51:44.821]Шаблон:Show Heavy 'Mechs
 Контекст:
  DM:BattleTech.Data.DataManager
   IsLoading:Boolean
   GetHashCode:Int32
   ToString:String
  TDSF:BattleTech.TagDataStructFetcher
   GetHashCode:Int32
   ToString:String
[14:51:44.821]Шаблон:Show Heavy 'Mechs
 Контекст:
  DM:BattleTech.Data.DataManager
   IsLoading:Boolean
   GetHashCode:Int32
   ToString:String
  TDSF:BattleTech.TagDataStructFetcher
   GetHashCode:Int32
   ToString:String
[14:51:47.978]Шаблон:Show Assault 'Mechs
 Контекст:
  DM:BattleTech.Data.DataManager
   IsLoading:Boolean
   GetHashCode:Int32
   ToString:String
  TDSF:BattleTech.TagDataStructFetcher
   GetHashCode:Int32
   ToString:String
[14:51:47.979]Шаблон:Show Assault 'Mechs
 Контекст:
  DM:BattleTech.Data.DataManager
   IsLoading:Boolean
   GetHashCode:Int32
   ToString:String
  TDSF:BattleTech.TagDataStructFetcher
   GetHashCode:Int32
   ToString:String
[14:51:48.248]Шаблон:Show Heavy 'Mechs
 Контекст:
  DM:BattleTech.Data.DataManager
   IsLoading:Boolean
   GetHashCode:Int32
   ToString:String
  TDSF:BattleTech.TagDataStructFetcher
   GetHashCode:Int32
   ToString:String
[14:51:48.248]Шаблон:Show Heavy 'Mechs
 Контекст:
  DM:BattleTech.Data.DataManager
   IsLoading:Boolean
   GetHashCode:Int32
   ToString:String
  TDSF:BattleTech.TagDataStructFetcher
   GetHashCode:Int32
   ToString:String
[15:05:38.719]Шаблон:Quit
 Контекст:
  DM:BattleTech.Data.DataManager
   IsLoading:Boolean
   GetHashCode:Int32
   ToString:String
  TDSF:BattleTech.TagDataStructFetcher
   GetHashCode:Int32
   ToString:String
[15:05:38.719]Шаблон:Quit
 Контекст:
  DM:BattleTech.Data.DataManager
   IsLoading:Boolean
   GetHashCode:Int32
   ToString:String
  TDSF:BattleTech.TagDataStructFetcher
   GetHashCode:Int32
   ToString:String
[15:05:38.986]Шаблон:Quit
 Контекст:
  DM:BattleTech.Data.DataManager
   IsLoading:Boolean
   GetHashCode:Int32
   ToString:String
  TDSF:BattleTech.TagDataStructFetcher
   GetHashCode:Int32
   ToString:String
[15:05:38.986]Шаблон:Quit
