[14:50:14.710]Initing... D:\Steam\steamapps\common\BATTLETECH\Mods\CustomUnits version: 0.0.0.115

ToHit.GetAllModifiers transpliter
ToHit.GetAllModifiers transpliter
ToHit.GetAllModifiers transpliter
can't find WeightedFactorHelper.CollectMasksForCellAndPathNode call
can't find WeightedFactorHelper.CollectMasksForCellAndPathNode call
can't find WeightedFactorHelper.CollectMasksForCellAndPathNode call
can't find WeightedFactorHelper.CollectMasksForCellAndPathNode call
can't find WeightedFactorHelper.CollectMasksForCellAndPathNode call
can't find WeightedFactorHelper.CollectMasksForCellAndPathNode call
can't find WeightedFactorHelper.CollectMasksForCellAndPathNode call
can't find WeightedFactorHelper.CollectMasksForCellAndPathNode call
can't find WeightedFactorHelper.CollectMasksForCellAndPathNode call
can't find WeightedFactorHelper.CollectMasksForCellAndPathNode call
can't find WeightedFactorHelper.CollectMasksForCellAndPathNode call
can't find WeightedFactorHelper.CollectMasksForCellAndPathNode call
can't find WeightedFactorHelper.CollectMasksForCellAndPathNode call
can't find WeightedFactorHelper.CollectMasksForCellAndPathNode call
can't find WeightedFactorHelper.CollectMasksForCellAndPathNode call
can't find WeightedFactorHelper.CollectMasksForCellAndPathNode call
can't find WeightedFactorHelper.CollectMasksForCellAndPathNode call
can't find WeightedFactorHelper.CollectMasksForCellAndPathNode call
can't find WeightedFactorHelper.CollectMasksForCellAndPathNode call
can't find WeightedFactorHelper.CollectMasksForCellAndPathNode call
can't find WeightedFactorHelper.CollectMasksForCellAndPathNode call
ToHit.GetAllModifiers transpliter
ToHit.GetAllModifiers transpliter
ToHit.GetAllModifiers transpliter
ToHit.GetAllModifiers transpliter
ToHit.GetAllModifiers transpliter
[14:50:31.006]FinishedLoading
[14:50:31.113]Can't find drop lance definition default_default_lance2
[14:50:42.959]System.ArgumentNullException: Value cannot be null.
Parameter name: key
  at System.Collections.Concurrent.ConcurrentDictionary`2[TKey,TValue].ThrowKeyNullException () [0x00000] in <d7ac571ca2d04b2f981d0d886fa067cf>:0 
  at System.Collections.Concurrent.ConcurrentDictionary`2[TKey,TValue].ContainsKey (TKey key) [0x00008] in <d7ac571ca2d04b2f981d0d886fa067cf>:0 
  at CustomUnits.CustomHardPointsHelper.Find (System.String name) [0x00000] in <c810d3d4d50242cd87cfe006b3fd3b19>:0 
  at CustomUnits.DataManager_Exists.Prefix (BattleTech.Data.DataManager __instance, BattleTech.BattleTechResourceType resourceType, System.String& id) [0x00007] in <c810d3d4d50242cd87cfe006b3fd3b19>:0 
[14:50:42.965]System.ArgumentNullException: Value cannot be null.
Parameter name: key
  at System.Collections.Concurrent.ConcurrentDictionary`2[TKey,TValue].ThrowKeyNullException () [0x00000] in <d7ac571ca2d04b2f981d0d886fa067cf>:0 
  at System.Collections.Concurrent.ConcurrentDictionary`2[TKey,TValue].ContainsKey (TKey key) [0x00008] in <d7ac571ca2d04b2f981d0d886fa067cf>:0 
  at CustomUnits.CustomHardPointsHelper.Find (System.String name) [0x00000] in <c810d3d4d50242cd87cfe006b3fd3b19>:0 
  at CustomUnits.DataManager_Exists.Prefix (BattleTech.Data.DataManager __instance, BattleTech.BattleTechResourceType resourceType, System.String& id) [0x00007] in <c810d3d4d50242cd87cfe006b3fd3b19>:0 
[14:51:06.787]System.ArgumentNullException: Value cannot be null.
Parameter name: key
  at System.Collections.Concurrent.ConcurrentDictionary`2[TKey,TValue].ThrowKeyNullException () [0x00000] in <d7ac571ca2d04b2f981d0d886fa067cf>:0 
  at System.Collections.Concurrent.ConcurrentDictionary`2[TKey,TValue].ContainsKey (TKey key) [0x00008] in <d7ac571ca2d04b2f981d0d886fa067cf>:0 
  at CustomUnits.CustomHardPointsHelper.Find (System.String name) [0x00000] in <c810d3d4d50242cd87cfe006b3fd3b19>:0 
  at CustomUnits.DataManager_Exists.Prefix (BattleTech.Data.DataManager __instance, BattleTech.BattleTechResourceType resourceType, System.String& id) [0x00007] in <c810d3d4d50242cd87cfe006b3fd3b19>:0 
[14:51:06.790]System.ArgumentNullException: Value cannot be null.
Parameter name: key
  at System.Collections.Concurrent.ConcurrentDictionary`2[TKey,TValue].ThrowKeyNullException () [0x00000] in <d7ac571ca2d04b2f981d0d886fa067cf>:0 
  at System.Collections.Concurrent.ConcurrentDictionary`2[TKey,TValue].ContainsKey (TKey key) [0x00008] in <d7ac571ca2d04b2f981d0d886fa067cf>:0 
  at CustomUnits.CustomHardPointsHelper.Find (System.String name) [0x00000] in <c810d3d4d50242cd87cfe006b3fd3b19>:0 
  at CustomUnits.DataManager_Exists.Prefix (BattleTech.Data.DataManager __instance, BattleTech.BattleTechResourceType resourceType, System.String& id) [0x00007] in <c810d3d4d50242cd87cfe006b3fd3b19>:0 
{
	"MechTags": {
		"items": [
			"unit_mech",
			"unit_heavy",
			"unit_lance_tank",
			"unit_role_sniper",
			"unit_release",
			"unit_royal",
			"unit_rarity_3",
			"TaurianConcordat"
			"unit_notsacellum"
		],
		"tagSetSourceFile": ""
	},
	"ChassisID": "chassisdef_marauder_MAD-2T",
	"HeraldryID": null,
	"Description": {
		"Cost": 9500000,
		"Rarity": 5,
		"Purchasable": true,
		"Manufacturer": null,
		"Model": null,
		"UIName": "Royal Marauder MAD-2T",
		"Id": "mechdef_marauder_MAD-2T",
		"Name": "Royal Marauder",
		"Details": "The Marauder-2T a direct result of the constant skrimishes between the Taurians and the Capallens. The Royal Marauder MAD-2T is a MAD-2R refitted with a Lubbin Experimental AC/5.",
		"Icon": "uixTxrIcon_marauder"
	},
	"simGameMechPartCost": 950000,
	"Version": 1,
	"Locations": [
		{
			"DamageLevel": "Functional",
			"Location": "Head",
			"CurrentArmor": 45,
			"CurrentRearArmor": -1,
			"CurrentInternalStructure": 16,
			"AssignedArmor": 45,
			"AssignedRearArmor": -1
		},
		{
			"DamageLevel": "Functional",
			"Location": "LeftArm",
			"CurrentArmor": 110,
			"CurrentRearArmor": -1,
			"CurrentInternalStructure": 60,
			"AssignedArmor": 110,
			"AssignedRearArmor": -1
		},
		{
			"DamageLevel": "Functional",
			"Location": "LeftTorso",
			"CurrentArmor": 120,
			"CurrentRearArmor": 50,
			"CurrentInternalStructure": 80,
			"AssignedArmor": 120,
			"AssignedRearArmor": 50
		},
		{
			"DamageLevel": "Functional",
			"Location": "CenterTorso",
			"CurrentArmor": 195,
			"CurrentRearArmor": 60,
			"CurrentInternalStructure": 115,
			"AssignedArmor": 195,
			"AssignedRearArmor": 60
		},
		{
			"DamageLevel": "Functional",
			"Location": "RightTorso",
			"CurrentArmor": 120,
			"CurrentRearArmor": 50,
			"CurrentInternalStructure": 80,
			"AssignedArmor": 120,
			"AssignedRearArmor": 50
		},
		{
			"DamageLevel": "Functional",
			"Location": "RightArm",
			"CurrentArmor": 110,
			"CurrentRearArmor": -1,
			"CurrentInternalStructure": 60,
			"AssignedArmor": 110,
			"AssignedRearArmor": -1
		},
		{
			"DamageLevel": "Functional",
			"Location": "LeftLeg",
			"CurrentArmor": 105,
			"CurrentRearArmor": -1,
			"CurrentInternalStructure": 80,
			"AssignedArmor": 105,
			"AssignedRearArmor": -1
		},
		{
			"DamageLevel": "Functional",
			"Location": "RightLeg",
			"CurrentArmor": 105,
			"CurrentRearArmor": -1,
			"CurrentInternalStructure": 80,
			"AssignedArmor": 105,
			"AssignedRearArmor": -1
		}
	],
	"inventory": [
		{
			"MountedLocation": "CenterTorso",
			"ComponentDefID": "emod_armorslots_ferrosfibrous",
			"ComponentDefType": "Upgrade",
			"HardpointSlot": -1,
			"DamageLevel": "Functional",
			"prefabName": "",
			"hasPrefabName": true
		},
		{
			"MountedLocation": "CenterTorso",
			"ComponentDefID": "emod_engine_300",
			"SimGameUID": null,
			"ComponentDefType": "HeatSink",
			"HardpointSlot": -1,
			"GUID": null,
			"DamageLevel": "Functional",
			"prefabName": null,
			"hasPrefabName": false
		},
		{
			"MountedLocation": "CenterTorso",
			"ComponentDefID": "emod_engine_cooling_2",
			"SimGameUID": null,
			"ComponentDefType": "HeatSink",
			"HardpointSlot": -1,
			"GUID": null,
			"DamageLevel": "Functional",
			"prefabName": null,
			"hasPrefabName": false
		},
		{
			"MountedLocation": "CenterTorso",
			"ComponentDefID": "emod_engineslots_std_center",
			"SimGameUID": null,
			"ComponentDefType": "HeatSink",
			"HardpointSlot": -1,
			"GUID": null,
			"DamageLevel": "Functional",
			"prefabName": null,
			"hasPrefabName": false
		},
		{
			"MountedLocation": "CenterTorso",
			"ComponentDefID": "Gear_Gyro_Generic_Standard",
			"SimGameUID": null,
			"ComponentDefType": "Upgrade",
			"HardpointSlot": -1,
			"GUID": null,
			"DamageLevel": "Functional",
			"prefabName": null,
			"hasPrefabName": false
		},
		{
			"MountedLocation": "LeftLeg",
			"ComponentDefID": "emod_leg_hip",
			"SimGameUID": "",
			"ComponentDefType": "Upgrade",
			"HardpointSlot": 0,
			"GUID": null,
			"DamageLevel": "Functional",
			"prefabName": null,
			"hasPrefabName": false
		},
		{
			"MountedLocation": "LeftLeg",
			"ComponentDefID": "emod_leg_upper",
			"SimGameUID": "",
			"ComponentDefType": "Upgrade",
			"HardpointSlot": 0,
			"GUID": null,
			"DamageLevel": "Functional",
			"prefabName": null,
			"hasPrefabName": false
		},
		{
			"MountedLocation": "LeftLeg",
			"ComponentDefID": "emod_leg_lower",
			"SimGameUID": "",
			"ComponentDefType": "Upgrade",
			"HardpointSlot": 0,
			"GUID": null,
			"DamageLevel": "Functional",
			"prefabName": null,
			"hasPrefabName": false
		},
		{
			"MountedLocation": "LeftLeg",
			"ComponentDefID": "emod_leg_foot",
			"SimGameUID": "",
			"ComponentDefType": "Upgrade",
			"HardpointSlot": 0,
			"GUID": null,
			"DamageLevel": "Functional",
			"prefabName": null,
			"hasPrefabName": false
		},
		{
			"MountedLocation": "RightLeg",
			"ComponentDefID": "emod_leg_hip",
			"SimGameUID": "",
			"ComponentDefType": "Upgrade",
			"HardpointSlot": 0,
			"GUID": null,
			"DamageLevel": "Functional",
			"prefabName": null,
			"hasPrefabName": false
		},
		{
			"MountedLocation": "RightLeg",
			"ComponentDefID": "emod_leg_upper",
			"SimGameUID": "",
			"ComponentDefType": "Upgrade",
			"HardpointSlot": 0,
			"GUID": null,
			"DamageLevel": "Functional",
			"prefabName": null,
			"hasPrefabName": false
		},
		{
			"MountedLocation": "RightLeg",
			"ComponentDefID": "emod_leg_lower",
			"SimGameUID": "",
			"ComponentDefType": "Upgrade",
			"HardpointSlot": 0,
			"GUID": null,
			"DamageLevel": "Functional",
			"prefabName": null,
			"hasPrefabName": false
		},
		{
			"MountedLocation": "RightLeg",
			"ComponentDefID": "emod_leg_foot",
			"SimGameUID": "",
			"ComponentDefType": "Upgrade",
			"HardpointSlot": 0,
			"GUID": null,
			"DamageLevel": "Functional",
			"prefabName": null,
			"hasPrefabName": false
		},
		{
			"MountedLocation": "LeftArm",
			"ComponentDefID": "emod_arm_part_shoulder",
			"SimGameUID": "",
			"ComponentDefType": "Upgrade",
			"HardpointSlot": 0,
			"GUID": null,
			"DamageLevel": "Functional",
			"prefabName": null,
			"hasPrefabName": false
		},
		{
			"MountedLocation": "LeftArm",
			"ComponentDefID": "emod_arm_part_upper",
			"SimGameUID": "",
			"ComponentDefType": "Upgrade",
			"HardpointSlot": 0,
			"GUID": null,
			"DamageLevel": "Functional",
			"prefabName": null,
			"hasPrefabName": false
		},
		{
			"MountedLocation": "LeftArm",
			"ComponentDefID": "emod_arm_part_lower",
			"SimGameUID": "",
			"ComponentDefType": "Upgrade",
			"HardpointSlot": 0,
			"GUID": null,
			"DamageLevel": "Functional",
			"prefabName": null,
			"hasPrefabName": false
		},
		{
			"MountedLocation": "RightArm",
			"ComponentDefID": "emod_arm_part_shoulder",
			"SimGameUID": "",
			"ComponentDefType": "Upgrade",
			"HardpointSlot": 0,
			"GUID": null,
			"DamageLevel": "Functional",
			"prefabName": null,
			"hasPrefabName": false
		},
		{
			"MountedLocation": "RightArm",
			"ComponentDefID": "emod_arm_part_upper",
			"SimGameUID": "",
			"ComponentDefType": "Upgrade",
			"HardpointSlot": 0,
			"GUID": null,
			"DamageLevel": "Functional",
			"prefabName": null,
			"hasPrefabName": false
		},
		{
			"MountedLocation": "RightArm",
			"ComponentDefID": "emod_arm_part_lower",
			"SimGameUID": "",
			"ComponentDefType": "Upgrade",
			"HardpointSlot": 0,
			"GUID": null,
			"DamageLevel": "Functional",
			"prefabName": null,
			"hasPrefabName": false
		},
		{
			"MountedLocation": "LeftArm",
			"ComponentDefID": "Weapon_PPC_PPCER_0-STOCK",
			"SimGameUID": null,
			"ComponentDefType": "Weapon",
			"HardpointSlot": 0,
			"GUID": null,
			"DamageLevel": "Functional",
			"prefabName": null,
			"hasPrefabName": false
		},
		{
			"MountedLocation": "LeftArm",
			"ComponentDefID": "Weapon_Laser_MediumLaser_0-STOCK",
			"SimGameUID": null,
			"ComponentDefType": "Weapon",
			"HardpointSlot": 0,
			"GUID": null,
			"DamageLevel": "Functional",
			"prefabName": null,
			"hasPrefabName": false
		},
		{
			"MountedLocation": "RightTorso",
			"ComponentDefID": "Ammo_AmmunitionBox_LBX_CLUSTER_AC5",
			"SimGameUID": null,
			"ComponentDefType": "AmmunitionBox",
			"HardpointSlot": -1,
			"GUID": null,
			"DamageLevel": "Functional",
			"prefabName": null,
			"hasPrefabName": false
		},
		{
			"MountedLocation": "RightTorso",
			"ComponentDefID": "emod_case",
			"SimGameUID": "",
			"ComponentDefType": "Upgrade",
			"HardpointSlot": 0,
			"GUID": null,
			"DamageLevel": "Functional",
			"prefabName": null,
			"hasPrefabName": false
		},
		{
			"MountedLocation": "LeftTorso",
			"ComponentDefID": "Gear_HeatSink_Generic_Double",
			"SimGameUID": null,
			"ComponentDefType": "HeatSink",
			"HardpointSlot": -1,
			"GUID": null,
			"DamageLevel": "Functional",
			"prefabName": null,
			"hasPrefabName": false
		},
		{
			"MountedLocation": "LeftTorso",
			"ComponentDefID": "Gear_HeatSink_Generic_Double",
			"SimGameUID": null,
			"ComponentDefType": "HeatSink",
			"HardpointSlot": -1,
			"GUID": null,
			"DamageLevel": "Functional",
			"prefabName": null,
			"hasPrefabName": false
		},
		{
			"MountedLocation": "RightTorso",
			"ComponentDefID": "Gear_HeatSink_Generic_Double",
			"SimGameUID": null,
			"ComponentDefType": "HeatSink",
			"HardpointSlot": -1,
			"GUID": null,
			"DamageLevel": "Functional",
			"prefabName": null,
			"hasPrefabName": false
		},
		{
			"MountedLocation": "RightTorso",
			"ComponentDefID": "Weapon_Autocannon_LB5XAC",
			"SimGameUID": null,
			"ComponentDefType": "Weapon",
			"HardpointSlot": 0,
			"GUID": null,
			"DamageLevel": "Functional",
			"prefabName": null,
			"hasPrefabName": false
		},
		{
			"MountedLocation": "RightArm",
			"ComponentDefID": "Weapon_PPC_PPCER_0-STOCK",
			"SimGameUID": null,
			"ComponentDefType": "Weapon",
			"HardpointSlot": 0,
			"GUID": null,
			"DamageLevel": "Functional",
			"prefabName": null,
			"hasPrefabName": false
		},
		{
			"MountedLocation": "RightArm",
			"ComponentDefID": "Weapon_Laser_MediumLaser_0-STOCK",
			"SimGameUID": null,
			"ComponentDefType": "Weapon",
			"HardpointSlot": 1,
			"GUID": null,
			"DamageLevel": "Functional",
			"prefabName": null,
			"hasPrefabName": false
		}
	]
}
Newtonsoft.Json.JsonReaderException: After parsing a value an unexpected character was encountered: ". Path 'MechTags.items[7]', line 12, position 3.
  at Newtonsoft.Json.JsonTextReader.ParsePostValue (System.Boolean ignoreComments) [0x00182] in <bcfe3779d9974effb214d2a48329f488>:0 
  at Newtonsoft.Json.JsonTextReader.Read () [0x0005a] in <bcfe3779d9974effb214d2a48329f488>:0 
  at Newtonsoft.Json.Linq.JContainer.ReadContentFrom (Newtonsoft.Json.JsonReader r, Newtonsoft.Json.Linq.JsonLoadSettings settings) [0x00226] in <bcfe3779d9974effb214d2a48329f488>:0 
  at Newtonsoft.Json.Linq.JContainer.ReadTokenFrom (Newtonsoft.Json.JsonReader reader, Newtonsoft.Json.Linq.JsonLoadSettings options) [0x00030] in <bcfe3779d9974effb214d2a48329f488>:0 
  at Newtonsoft.Json.Linq.JObject.Load (Newtonsoft.Json.JsonReader reader, Newtonsoft.Json.Linq.JsonLoadSettings settings) [0x0006a] in <bcfe3779d9974effb214d2a48329f488>:0 
  at Newtonsoft.Json.Linq.JObject.Parse (System.String json, Newtonsoft.Json.Linq.JsonLoadSettings settings) [0x0000c] in <bcfe3779d9974effb214d2a48329f488>:0 
  at Newtonsoft.Json.Linq.JObject.Parse (System.String json) [0x00000] in <bcfe3779d9974effb214d2a48329f488>:0 
  at CustomUnits.MechDef_FromJSON_fake.Prefix (BattleTech.MechDef __instance, System.String& json) [0x0000b] in <c810d3d4d50242cd87cfe006b3fd3b19>:0 
[14:52:16.560]System.ArgumentNullException: Value cannot be null.
Parameter name: key
  at System.Collections.Concurrent.ConcurrentDictionary`2[TKey,TValue].ThrowKeyNullException () [0x00000] in <d7ac571ca2d04b2f981d0d886fa067cf>:0 
  at System.Collections.Concurrent.ConcurrentDictionary`2[TKey,TValue].ContainsKey (TKey key) [0x00008] in <d7ac571ca2d04b2f981d0d886fa067cf>:0 
  at CustomUnits.CustomHardPointsHelper.Find (System.String name) [0x00000] in <c810d3d4d50242cd87cfe006b3fd3b19>:0 
  at CustomUnits.DataManager_Exists.Prefix (BattleTech.Data.DataManager __instance, BattleTech.BattleTechResourceType resourceType, System.String& id) [0x00007] in <c810d3d4d50242cd87cfe006b3fd3b19>:0 
[14:52:16.563]System.ArgumentNullException: Value cannot be null.
Parameter name: key
  at System.Collections.Concurrent.ConcurrentDictionary`2[TKey,TValue].ThrowKeyNullException () [0x00000] in <d7ac571ca2d04b2f981d0d886fa067cf>:0 
  at System.Collections.Concurrent.ConcurrentDictionary`2[TKey,TValue].ContainsKey (TKey key) [0x00008] in <d7ac571ca2d04b2f981d0d886fa067cf>:0 
  at CustomUnits.CustomHardPointsHelper.Find (System.String name) [0x00000] in <c810d3d4d50242cd87cfe006b3fd3b19>:0 
  at CustomUnits.DataManager_Exists.Prefix (BattleTech.Data.DataManager __instance, BattleTech.BattleTechResourceType resourceType, System.String& id) [0x00007] in <c810d3d4d50242cd87cfe006b3fd3b19>:0 
