18:25:40.978 Assembly version: 0.2.2.1
18:25:40.978 ModDir is:D:\Steam\steamapps\common\BATTLETECH\Mods\SizeMatters
18:25:40.978 mod.json settings are:({"Debug":true,"Trace":false,"TonnageDivisor":15.0,"TonnageCap":100.0,"ModifierCap":5,"VirtualTonnage":{"LightTurret":40.0,"MediumTurret":60.0,"HeavyTurret":80.0,"DefaultTurret":100.0,"Building":60.0},"StatisticsToAddPerTon":{"CACIncomingHeatMult":-0.0025}})
18:25:40.979 === MOD CONFIG BEGIN ===
18:25:40.979   DEBUG: True Trace: False
18:25:40.979 
18:25:40.979   TonnageDivisor: 15  TonnageCap: 100  ModifierCap: 5
18:25:40.979   Virtual Tonnage - Turrets => light: 40  medium: 60  heavy: 80
18:25:40.979   Virtual Tonnage - Building: 60
18:25:40.979   StatisticsToAddPerTon:
18:25:40.983     CACIncomingHeatMult: -0.0025
18:25:40.983 === MOD CONFIG END ===
18:25:40.983 INFO: No errors reading settings file.
18:38:34.609 Using tonnage: 30 for mech: Incubus_Slapdash_7B9F1E30
18:38:34.609 Applying CACIncomingHeatMult 0.925 to Incubus
18:38:34.850 Using tonnage: 25 for mech: Commando_Raza5_897CCCCA
18:38:34.850 Applying CACIncomingHeatMult 0.9375 to Commando
18:38:34.913 Using tonnage: 55 for mech: Dervish_Gunner_BE734610
18:38:34.913 Applying CACIncomingHeatMult 0.8625 to Dervish
18:38:35.079 Using tonnage: 50 for mech: Blackjack Omni_Gunner_958BC8D6
18:38:35.079 Applying CACIncomingHeatMult 0.875 to Blackjack Omni
18:39:54.501 Using tonnage: 25 for mech: Commando_Raza5_897CCCCA
18:39:54.501 Using tonnage: 55 for mech: Dervish_Gunner_BE734610
18:39:54.501 TonnageDelta: -30 from attackerTonnage: 25 - targetTonnage: 55
18:39:54.501 Tonnage fraction: -2 = tonnageDelta: -30 / tonnageDiv: 15
18:39:54.501 RawMod: -2 => ceiling = -2
18:39:55.327 Using tonnage: 25 for mech: Commando_Raza5_897CCCCA
18:39:55.327 Using tonnage: 50 for mech: Blackjack Omni_Gunner_958BC8D6
18:39:55.327 TonnageDelta: -25 from attackerTonnage: 25 - targetTonnage: 50
18:39:55.327 Tonnage fraction: -1.666667 = tonnageDelta: -25 / tonnageDiv: 15
18:39:55.327 RawMod: -1.666667 => ceiling = -2
18:40:10.050 Using tonnage: 30 for mech: Incubus_Slapdash_7B9F1E30
18:40:10.050 Using tonnage: 55 for mech: Dervish_Gunner_BE734610
18:40:10.050 TonnageDelta: -25 from attackerTonnage: 30 - targetTonnage: 55
18:40:10.050 Tonnage fraction: -1.666667 = tonnageDelta: -25 / tonnageDiv: 15
18:40:10.050 RawMod: -1.666667 => ceiling = -2
18:40:10.077 Using tonnage: 50 for mech: Blackjack Omni_Gunner_958BC8D6
18:40:10.077 Using tonnage: 25 for mech: Commando_Raza5_897CCCCA
18:40:10.077 TonnageDelta: 25 from attackerTonnage: 50 - targetTonnage: 25
18:40:10.077 Tonnage fraction: 1.666667 = tonnageDelta: 25 / tonnageDiv: 15
18:40:10.077 RawMod: 1.666667 => ceiling = 1
18:40:10.735 Using tonnage: 50 for mech: Blackjack Omni_Gunner_958BC8D6
18:40:10.735 Using tonnage: 30 for mech: Incubus_Slapdash_7B9F1E30
18:40:10.735 TonnageDelta: 20 from attackerTonnage: 50 - targetTonnage: 30
18:40:10.735 Tonnage fraction: 1.333333 = tonnageDelta: 20 / tonnageDiv: 15
18:40:10.735 RawMod: 1.333333 => ceiling = 1
18:40:28.027 Using tonnage: 30 for mech: Incubus_Slapdash_7B9F1E30
18:40:28.028 Using tonnage: 50 for mech: Blackjack Omni_Gunner_958BC8D6
18:40:28.028 TonnageDelta: -20 from attackerTonnage: 30 - targetTonnage: 50
18:40:28.028 Tonnage fraction: -1.333333 = tonnageDelta: -20 / tonnageDiv: 15
18:40:28.028 RawMod: -1.333333 => ceiling = -2
18:40:33.233 Using tonnage: 55 for mech: Dervish_Gunner_BE734610
18:40:33.233 Using tonnage: 30 for mech: Incubus_Slapdash_7B9F1E30
18:40:33.233 TonnageDelta: 25 from attackerTonnage: 55 - targetTonnage: 30
18:40:33.233 Tonnage fraction: 1.666667 = tonnageDelta: 25 / tonnageDiv: 15
18:40:33.233 RawMod: 1.666667 => ceiling = 1
18:40:33.234 Using tonnage: 55 for mech: Dervish_Gunner_BE734610
18:40:33.234 Using tonnage: 25 for mech: Commando_Raza5_897CCCCA
18:40:33.234 TonnageDelta: 30 from attackerTonnage: 55 - targetTonnage: 25
18:40:33.234 Tonnage fraction: 2 = tonnageDelta: 30 / tonnageDiv: 15
18:40:33.234 RawMod: 2 => ceiling = 2
18:41:52.580 Using tonnage: 55 for mech: Dervish_Gunner_BE734610
18:41:52.580 Using tonnage: 55 for mech: Dervish_Gunner_BE734610
18:41:52.580 TonnageDelta: 0 from attackerTonnage: 55 - targetTonnage: 55
18:41:52.580 Tonnage fraction: 0 = tonnageDelta: 0 / tonnageDiv: 15
18:41:57.657 Using tonnage: 30 for mech: Incubus_Slapdash_7B9F1E30
18:41:57.657 Using tonnage: 30 for mech: Incubus_Slapdash_7B9F1E30
18:41:57.657 TonnageDelta: 0 from attackerTonnage: 30 - targetTonnage: 30
18:41:57.657 Tonnage fraction: 0 = tonnageDelta: 0 / tonnageDiv: 15
