INFO: 2022-07-23T14:50:10 - Initializing PracticeMakesPerfect - Version 1.1.1.1
INFO: 2022-07-23T14:50:10 - Initializing StratComs!
INFO: 2022-07-23T14:50:10 - Adding effects for Strategic Resolve!
INFO: 2022-07-23T14:50:10 - Adding effects for Strategic Defense!
INFO: 2022-07-23T14:50:10 - Adding effects for Strategic Accuracy!
INFO: 2022-07-23T14:50:10 - Initializing OpForSpecs!
INFO: 2022-07-23T14:50:10 - Adding effects for Federated Suns: Katherine's Favor!
INFO: 2022-07-23T14:50:10 - Adding effects for Lyran Alliance: Victor's Favor!
INFO: 2022-07-23T14:50:10 - Adding effects for Free Worlds League: SAFEty Isn't Guaranteed!
INFO: 2022-07-23T14:50:10 - Adding effects for Draconis Combine: The Way of Bushido!
INFO: 2022-07-23T14:50:10 - Adding effects for Capellan Confederation: Twirl That Moustache!
INFO: 2022-07-23T14:50:10 - Adding effects for ComStar: Nobody Likes Their ISP!
INFO: 2022-07-23T14:50:10 - Adding effects for Magistracy Of Canopus: Breaking the Trinity!
INFO: 2022-07-23T14:50:10 - Adding effects for Taurian Concordat: Oppressor of Freedom!
INFO: 2022-07-23T14:50:10 - Adding effects for Marian Hegemony: Breaker of Chains!
INFO: 2022-07-23T14:50:10 - Adding effects for Outworlds Alliance: Bringer of Chains!
INFO: 2022-07-23T14:50:10 - Adding effects for Free Rasalhague Republic: Give Us Back Our Worlds!
INFO: 2022-07-23T14:50:10 - Adding effects for Aurigan Restoration: Free the Reach!!
INFO: 2022-07-23T14:50:10 - Adding effects for Aurigan Directorate: Tyrant Breaker!
INFO: 2022-07-23T14:50:10 - Adding effects for Rim Collection: Amaris or Am I Wrong!
INFO: 2022-07-23T14:50:10 - Adding effects for Circinus Federation: Order To the Chaos!
INFO: 2022-07-23T14:50:10 - Adding effects for Tortuga Dominions: Piracy Doesn't Pay!
INFO: 2022-07-23T14:50:10 - Adding effects for Aurigan Pirates: Piracy Doesn't Pay!
INFO: 2022-07-23T14:50:10 - Adding effects for JarnFolk: Killing the Competition!
INFO: 2022-07-23T14:50:10 - Adding effects for Hanseatic League: Killing the Competition!
INFO: 2022-07-23T14:50:10 - Adding effects for Chainelane Isles: Internal Chaos!
INFO: 2022-07-23T14:50:10 - Adding effects for Locals: Centralized Government!
INFO: 2022-07-23T14:50:10 - Adding effects for Clan Wolf: Dog Catcher!
INFO: 2022-07-23T14:50:10 - Adding effects for Clan Jade Falcon: Turkey Season!
INFO: 2022-07-23T14:50:10 - Adding effects for Clan Ghost Bear: Loaded For Bear!
INFO: 2022-07-23T14:50:10 - Adding effects for Clan Nova Cat: Bad Trip!
INFO: 2022-07-23T14:50:10 - Adding effects for Dark Caste: Once a Pirate, Always a Pirate!
INFO: 2022-07-23T14:50:10 - Adding effects for St. Ives: Gonna Give Them The St. Ives Blues!
INFO: 2022-07-23T14:50:10 - Adding effects for Word of Blake: Damn Toaster Worshippers!
INFO: 2022-07-23T14:50:10 - Adding effects for Lothian League: Kicking Them While They're Down!
INFO: 2022-07-23T14:50:10 - Adding effects for Illyrian Palatinate: I Can't Believe It's Not Slavery!!
INFO: 2022-07-23T14:50:10 - Adding effects for Mercenaries: It's Not Personal, It's Just Business!
INFO: 2022-07-23T14:50:10 - Adding effects for default Increased Damage!
INFO: 2022-07-23T14:50:10 - Adding effects for default Damage Resistance!
INFO: 2022-07-23T14:50:10 - Initializing MissionSpecs!
INFO: 2022-07-23T14:50:10 - Adding effects for Simple Battle: They Were Coming Right At Me!!
INFO: 2022-07-23T14:50:10 - Adding effects for Three-Way Battle: Institutional Chaos!
INFO: 2022-07-23T14:50:10 - Adding effects for Assassinate: Headhunter!
INFO: 2022-07-23T14:50:10 - Adding effects for Solo Duel: Master Duelist!
INFO: 2022-07-23T14:50:10 - Adding effects for Duo Duel: Master Duelist!
INFO: 2022-07-23T14:50:10 - Adding effects for Capture Base: Turrets Syndrome!
INFO: 2022-07-23T14:50:10 - Adding effects for Destroy Base: Demolition Expert!
INFO: 2022-07-23T14:50:10 - Adding effects for Defend Base: Bulwark Writ Large!
INFO: 2022-07-23T14:50:10 - Adding effects for Attack and Defend: Combined Tactics!
INFO: 2022-07-23T14:50:10 - Adding effects for Capture-Escort: Shield of Faith!
INFO: 2022-07-23T14:50:10 - Adding effects for Ambush Convoy: Tankssassin!
INFO: 2022-07-23T14:50:10 - Adding effects for Target Acquisition: Welcome to the Race Track!
INFO: 2022-07-23T14:50:10 - Adding effects for Rescue/Recovery: Need For Speed!
INFO: 2022-07-23T14:50:10 - Adding effects for Blackout: Hazard Pay!
INFO: 2022-07-23T14:50:10 - Adding effects for default Increased Damage!
INFO: 2022-07-23T14:50:10 - Adding effects for default Damage Resistance!
