18:50:11.528 Assembly version: 1.0.0.0
18:50:11.528 ModDir is:D:\Steam\steamapps\common\BATTLETECH\Mods\CodeWords
18:50:11.528 mod.json settings are:({"Debug":true,"Trace":false,"FactionNameWeight":0.2,"ExcludeContractsWithId":["itrom_attack","itrom_defense","panzyr_attack","panzr_defense","smithon_attack","tyrlon_attack","story_1a_retreat","story_1b_retreat","story_2_threeyearslater","story_3_axylus","story_4_liberationofweldry","story_5_servedcold","story_6a_treasuretrove","story_6b_treasuretrove","story_7_gunboatdiplomacy","story_8_locura","story_9_downfall","Assassinate_Superheavy_BRUTAL","Assassinate_Superheavy_kobiyashi_BRUTAL","Assassinate_Superheavy_Scientists_HARD","Assassinate_Superheavy_Scientists","Assassinate_Superheavy_WhiteWhale","Assassinate_Superheavy","DestroyBase_itsatrap_BRUTAL","DestroyBase_itsatrap_NEW","Assassinate_Raczilla_mechs","Assassinate_Raczilla_tanks","Assassinate_Raczilla","Assassinate_SuperHeavy_EW_taskforce_common","Assassinate_SuperHeavy_EW_taskforce_DS","Assassinate_SuperHeavy_EW_taskforce_JF","Assassinate_SuperHeavy_EW_taskforce","SimpleBattle_TestDrive_VTOL_2_NEW","ThreeWayBattle_TestDrive_Wildcard_2_NEW","ThreeWayBattle_TestDrive_Wildcard_5_NEW","ThreeWayBattle_TestDrive_Wildcard_8_NEW","SimpleBattle_UrgentMatter_NEW","CaptureBase_TheBTeam","CaptureBase_TheBTeam_Alt","ThreeWayBattle_TrainingDay","ThreeWayBattle_TrainingDay_Alt","ThreeWayBattle_TrainingDay_Alt_2","Assassinate_HeDoesHisOwnStunts","ThreeWayBattle_ShowTheFlag_Alt","ThreeWayBattle_ShowTheFlag","solaris_offseason_4x4battle_mech_2","solaris_offseason_4x4battle_mech_5","solaris_offseason_4x4battle_mech_8","solaris_offseason_4x4ctf_mech_2","solaris_offseason_4x4ctf_mech_5","solaris_offseason_4x4ctf_mech_8","solaris_offseason_4x4freeforall_mech_2","solaris_offseason_4x4freeforall_mech_5","solaris_offseason_4x4freeforall_mech_8","solaris_offseason_8x8battle_mech_2","solaris_offseason_8x8battle_mech_5","solaris_offseason_8x8battle_mech_8","solaris_offseason_8x8ctf_mech_2","solaris_offseason_8x8ctf_mech_5","solaris_offseason_8x8ctf_mech_8","solaris_offseason_1x1Duel_mech","solaris_offseason_2x2Duel_mech","solaris_assault_4x4battle_mech_2","solaris_assault_4x4battle_mech_5","solaris_assault_4x4battle_mech_8","solaris_assault_4x4ctf_mech_2","solaris_assault_4x4ctf_mech_5","solaris_assault_4x4ctf_mech_8","solaris_assault_4x4freeforall_mech_2","solaris_assault_4x4freeforall_mech_5","solaris_assault_4x4freeforall_mech_8","solaris_assault_league_d10","solaris_assault_league_d5","solaris_assault_league_d6","solaris_assault_league_d7","solaris_assault_league_d8","solaris_assault_league_d9","solaris_heavy_4x4battle_mech_2","solaris_heavy_4x4battle_mech_5","solaris_heavy_4x4battle_mech_8","solaris_heavy_4x4ctf_mech_2","solaris_heavy_4x4ctf_mech_5","solaris_heavy_4x4ctf_mech_8","solaris_heavy_4x4freeforall_mech_2","solaris_heavy_4x4freeforall_mech_5","solaris_heavy_4x4freeforall_mech_8","solaris_heavy_league_d10","solaris_heavy_league_d5","solaris_heavy_league_d6","solaris_heavy_league_d7","solaris_heavy_league_d8","solaris_heavy_league_d9","solaris_light_4x4battle_mech_2","solaris_light_4x4battle_mech_5","solaris_light_4x4battle_mech_8","solaris_light_4x4ctf_mech_2","solaris_light_4x4ctf_mech_5","solaris_light_4x4ctf_mech_8","solaris_light_4x4freeforall_mech_2","solaris_light_4x4freeforall_mech_5","solaris_light_4x4freeforall_mech_8","solaris_light_league_d10","solaris_light_league_d5","solaris_light_league_d6","solaris_light_league_d7","solaris_light_league_d8","solaris_light_league_d9","solaris_medium_4x4battle_mech_2","solaris_medium_4x4battle_mech_5","solaris_medium_4x4battle_mech_8","solaris_medium_4x4ctf_mech_2","solaris_medium_4x4ctf_mech_5","solaris_medium_4x4ctf_mech_8","solaris_medium_4x4freeforall_mech_2","solaris_medium_4x4freeforall_mech_5","solaris_medium_4x4freeforall_mech_8","solaris_medium_league_d10","solaris_medium_league_d5","solaris_medium_league_d6","solaris_medium_league_d7","solaris_medium_league_d8","solaris_medium_league_d9"]})
18:50:11.530 === MOD CONFIG BEGIN ===
18:50:11.530   DEBUG: True Trace: False
18:50:11.530 
18:50:11.530   FactionNameWeight: 0.2
18:50:11.530 
18:50:11.530   -- ExcludedContractIds --
18:50:11.530  --- id: itrom_attack
18:50:11.530  --- id: itrom_defense
18:50:11.530  --- id: panzyr_attack
18:50:11.530  --- id: panzr_defense
18:50:11.531  --- id: smithon_attack
18:50:11.531  --- id: tyrlon_attack
18:50:11.531  --- id: story_1a_retreat
18:50:11.531  --- id: story_1b_retreat
18:50:11.531  --- id: story_2_threeyearslater
18:50:11.531  --- id: story_3_axylus
18:50:11.531  --- id: story_4_liberationofweldry
18:50:11.531  --- id: story_5_servedcold
18:50:11.531  --- id: story_6a_treasuretrove
18:50:11.531  --- id: story_6b_treasuretrove
18:50:11.531  --- id: story_7_gunboatdiplomacy
18:50:11.531  --- id: story_8_locura
18:50:11.531  --- id: story_9_downfall
18:50:11.531  --- id: Assassinate_Superheavy_BRUTAL
18:50:11.531  --- id: Assassinate_Superheavy_kobiyashi_BRUTAL
18:50:11.531  --- id: Assassinate_Superheavy_Scientists_HARD
18:50:11.531  --- id: Assassinate_Superheavy_Scientists
18:50:11.531  --- id: Assassinate_Superheavy_WhiteWhale
18:50:11.531  --- id: Assassinate_Superheavy
18:50:11.531  --- id: DestroyBase_itsatrap_BRUTAL
18:50:11.531  --- id: DestroyBase_itsatrap_NEW
18:50:11.531  --- id: Assassinate_Raczilla_mechs
18:50:11.531  --- id: Assassinate_Raczilla_tanks
18:50:11.531  --- id: Assassinate_Raczilla
18:50:11.531  --- id: Assassinate_SuperHeavy_EW_taskforce_common
18:50:11.531  --- id: Assassinate_SuperHeavy_EW_taskforce_DS
18:50:11.531  --- id: Assassinate_SuperHeavy_EW_taskforce_JF
18:50:11.531  --- id: Assassinate_SuperHeavy_EW_taskforce
18:50:11.531  --- id: SimpleBattle_TestDrive_VTOL_2_NEW
18:50:11.531  --- id: ThreeWayBattle_TestDrive_Wildcard_2_NEW
18:50:11.531  --- id: ThreeWayBattle_TestDrive_Wildcard_5_NEW
18:50:11.531  --- id: ThreeWayBattle_TestDrive_Wildcard_8_NEW
18:50:11.531  --- id: SimpleBattle_UrgentMatter_NEW
18:50:11.531  --- id: CaptureBase_TheBTeam
18:50:11.531  --- id: CaptureBase_TheBTeam_Alt
18:50:11.531  --- id: ThreeWayBattle_TrainingDay
18:50:11.531  --- id: ThreeWayBattle_TrainingDay_Alt
18:50:11.531  --- id: ThreeWayBattle_TrainingDay_Alt_2
18:50:11.531  --- id: Assassinate_HeDoesHisOwnStunts
18:50:11.531  --- id: ThreeWayBattle_ShowTheFlag_Alt
18:50:11.531  --- id: ThreeWayBattle_ShowTheFlag
18:50:11.531  --- id: solaris_offseason_4x4battle_mech_2
18:50:11.531  --- id: solaris_offseason_4x4battle_mech_5
18:50:11.531  --- id: solaris_offseason_4x4battle_mech_8
18:50:11.531  --- id: solaris_offseason_4x4ctf_mech_2
18:50:11.531  --- id: solaris_offseason_4x4ctf_mech_5
18:50:11.531  --- id: solaris_offseason_4x4ctf_mech_8
18:50:11.531  --- id: solaris_offseason_4x4freeforall_mech_2
18:50:11.531  --- id: solaris_offseason_4x4freeforall_mech_5
18:50:11.531  --- id: solaris_offseason_4x4freeforall_mech_8
18:50:11.531  --- id: solaris_offseason_8x8battle_mech_2
18:50:11.531  --- id: solaris_offseason_8x8battle_mech_5
18:50:11.531  --- id: solaris_offseason_8x8battle_mech_8
18:50:11.531  --- id: solaris_offseason_8x8ctf_mech_2
18:50:11.531  --- id: solaris_offseason_8x8ctf_mech_5
18:50:11.531  --- id: solaris_offseason_8x8ctf_mech_8
18:50:11.531  --- id: solaris_offseason_1x1Duel_mech
18:50:11.531  --- id: solaris_offseason_2x2Duel_mech
18:50:11.531  --- id: solaris_assault_4x4battle_mech_2
18:50:11.531  --- id: solaris_assault_4x4battle_mech_5
18:50:11.531  --- id: solaris_assault_4x4battle_mech_8
18:50:11.531  --- id: solaris_assault_4x4ctf_mech_2
18:50:11.531  --- id: solaris_assault_4x4ctf_mech_5
18:50:11.531  --- id: solaris_assault_4x4ctf_mech_8
18:50:11.531  --- id: solaris_assault_4x4freeforall_mech_2
18:50:11.531  --- id: solaris_assault_4x4freeforall_mech_5
18:50:11.531  --- id: solaris_assault_4x4freeforall_mech_8
18:50:11.531  --- id: solaris_assault_league_d10
18:50:11.531  --- id: solaris_assault_league_d5
18:50:11.531  --- id: solaris_assault_league_d6
18:50:11.531  --- id: solaris_assault_league_d7
18:50:11.531  --- id: solaris_assault_league_d8
18:50:11.531  --- id: solaris_assault_league_d9
18:50:11.531  --- id: solaris_heavy_4x4battle_mech_2
18:50:11.531  --- id: solaris_heavy_4x4battle_mech_5
18:50:11.531  --- id: solaris_heavy_4x4battle_mech_8
18:50:11.531  --- id: solaris_heavy_4x4ctf_mech_2
18:50:11.531  --- id: solaris_heavy_4x4ctf_mech_5
18:50:11.531  --- id: solaris_heavy_4x4ctf_mech_8
18:50:11.531  --- id: solaris_heavy_4x4freeforall_mech_2
18:50:11.531  --- id: solaris_heavy_4x4freeforall_mech_5
18:50:11.531  --- id: solaris_heavy_4x4freeforall_mech_8
18:50:11.531  --- id: solaris_heavy_league_d10
18:50:11.531  --- id: solaris_heavy_league_d5
18:50:11.531  --- id: solaris_heavy_league_d6
18:50:11.531  --- id: solaris_heavy_league_d7
18:50:11.531  --- id: solaris_heavy_league_d8
18:50:11.531  --- id: solaris_heavy_league_d9
18:50:11.531  --- id: solaris_light_4x4battle_mech_2
18:50:11.531  --- id: solaris_light_4x4battle_mech_5
18:50:11.531  --- id: solaris_light_4x4battle_mech_8
18:50:11.531  --- id: solaris_light_4x4ctf_mech_2
18:50:11.531  --- id: solaris_light_4x4ctf_mech_5
18:50:11.531  --- id: solaris_light_4x4ctf_mech_8
18:50:11.531  --- id: solaris_light_4x4freeforall_mech_2
18:50:11.531  --- id: solaris_light_4x4freeforall_mech_5
18:50:11.531  --- id: solaris_light_4x4freeforall_mech_8
18:50:11.531  --- id: solaris_light_league_d10
18:50:11.531  --- id: solaris_light_league_d5
18:50:11.531  --- id: solaris_light_league_d6
18:50:11.531  --- id: solaris_light_league_d7
18:50:11.531  --- id: solaris_light_league_d8
18:50:11.531  --- id: solaris_light_league_d9
18:50:11.531  --- id: solaris_medium_4x4battle_mech_2
18:50:11.531  --- id: solaris_medium_4x4battle_mech_5
18:50:11.531  --- id: solaris_medium_4x4battle_mech_8
18:50:11.531  --- id: solaris_medium_4x4ctf_mech_2
18:50:11.531  --- id: solaris_medium_4x4ctf_mech_5
18:50:11.531  --- id: solaris_medium_4x4ctf_mech_8
18:50:11.531  --- id: solaris_medium_4x4freeforall_mech_2
18:50:11.531  --- id: solaris_medium_4x4freeforall_mech_5
18:50:11.531  --- id: solaris_medium_4x4freeforall_mech_8
18:50:11.531  --- id: solaris_medium_league_d10
18:50:11.531  --- id: solaris_medium_league_d5
18:50:11.531  --- id: solaris_medium_league_d6
18:50:11.531  --- id: solaris_medium_league_d7
18:50:11.531  --- id: solaris_medium_league_d8
18:50:11.531  --- id: solaris_medium_league_d9
18:50:11.531 
18:50:11.531 INFO: No errors reading settings file.
