16:45:01.174 ModDir is:D:\Steam\steamapps\common\BATTLETECH\Mods\SkillBasedInit
16:45:01.174 mod.json settings are:({"Debug":true,"Trace":false,"Icons":{"Stopwatch":"sbi_stopwatch"},"Colors":{"ColorFriendlyUnactivated":[0.231,0.694,0.262,1.0],"ColorFriendlyAlreadyActivated":[0.043,0.4,0.137,1.0],"ColorAlliedUnactivated":[0.521,0.858,0.964,1.0],"ColorAlliedAlreadyActivated":[0.345,0.545,0.682,1.0],"ColorNeutralUnactivated":[0.85,0.866,0.862,1.0],"ColorNeutralAlreadyActivated":[0.466,0.482,0.494,1.0],"ColorEnemyUnactivated":[1.0,0.031,0.0,1.0],"ColorEnemyAlreadyActivated":[0.486,0.039,0.007,1.0]},"Pilot":{"PilotTagModifiers":{"pilot_morale_high":2,"pilot_morale_low":-2,"pilot_reckless":1,"pilot_lucky":1,"pilot_cautious":-1}},"Mech":{"TypeMod":0,"RandomnessMax":-10,"RandomnessMin":-2,"HesitationMax":-6,"HesitationMin":-2,"CalledShotRandMax":-6,"CalledShotRandMin":-2,"VigilanceRandMax":6,"VigilanceRandMin":2,"InspiredMax":3,"InspiredMin":1,"DefaultTonnage":120.0,"InitBaseByTonnage":{"5":19,"15":18,"25":17,"35":16,"45":15,"55":14,"65":13,"75":12,"85":11,"95":10,"100":9,"999":6},"ProneModifierMax":-9,"ProneModifierMin":-2,"ShutdownModifierMax":-8,"ShutdownModifierMin":-2,"CrippledModifierMax":-13,"CrippledModifierMin":-5},"Trooper":{"TypeMod":0,"RandomnessMax":-10,"RandomnessMin":-2,"HesitationMax":-6,"HesitationMin":-2,"CalledShotRandMax":-6,"CalledShotRandMin":-2,"VigilanceRandMax":6,"VigilanceRandMin":2,"InspiredMax":3,"InspiredMin":1,"DefaultTonnage":120.0,"InitBaseByTonnage":{"0":20,"5":19,"15":18,"25":17,"35":16,"45":15,"55":14,"65":13,"75":12,"85":11,"95":10,"100":9,"999":6},"ShutdownModifierMax":-8,"ShutdownModifierMin":-2},"Naval":{"TypeMod":-2,"RandomnessMax":-10,"RandomnessMin":-2,"HesitationMax":-6,"HesitationMin":-2,"CalledShotRandMax":-6,"CalledShotRandMin":-2,"VigilanceRandMax":6,"VigilanceRandMin":2,"InspiredMax":3,"InspiredMin":1,"DefaultTonnage":120.0,"InitBaseByTonnage":{"5":19,"15":18,"25":17,"35":16,"45":15,"55":14,"65":13,"75":12,"85":11,"95":10,"100":9,"999":6},"CrippledModifierMax":-13,"CrippledModifierMin":-5},"Vehicle":{"TypeMod":-2,"RandomnessMax":-10,"RandomnessMin":-2,"HesitationMax":-6,"HesitationMin":-2,"CalledShotRandMax":-6,"CalledShotRandMin":-2,"VigilanceRandMax":6,"VigilanceRandMin":2,"InspiredMax":3,"InspiredMin":1,"DefaultTonnage":120.0,"InitBaseByTonnage":{"5":19,"15":18,"25":17,"35":16,"45":15,"55":14,"65":13,"75":12,"85":11,"95":10,"100":9,"999":6},"CrippledModifierMax":-13,"CrippledModifierMin":-5},"Turret":{"TypeMod":-6,"RandomnessMax":-10,"RandomnessMin":-2,"HesitationMax":-6,"HesitationMin":-2,"CalledShotRandMax":-6,"CalledShotRandMin":-2,"VigilanceRandMax":6,"VigilanceRandMin":2,"InspiredMax":3,"InspiredMin":1,"DefaultTonnage":120.0,"InitBaseByTonnage":{"5":19,"15":18,"25":17,"35":16,"45":15,"55":14,"65":13,"75":12,"85":11,"95":10,"100":9,"999":6},"LightTonnage":60.0,"MediumTonnage":80.0,"HeavyTonnage":100.0}})
16:45:01.176 === MOD CONFIG BEGIN ===
16:45:01.176   DEBUG:True Trace:False
16:45:01.176   == Pilot Tag Modifiers
16:45:01.176     tag:pilot_morale_high modifier:2
16:45:01.176     tag:pilot_morale_low modifier:-2
16:45:01.176     tag:pilot_reckless modifier:1
16:45:01.176     tag:pilot_lucky modifier:1
16:45:01.176     tag:pilot_cautious modifier:-1
16:45:01.176 
16:45:01.176   == MECH ==
16:45:01.176   TypeMod: 0 DefaultTonnage: 120 CrippledMod (max: -13 min: -5) Hesitation: (max: -6 min: -2)  Prone: (max: -9 min: -2)  Randomness: (max: -10 min: -2)  Shutdown: (max: -8 min: -2)
16:45:01.176 
16:45:01.176   == TROOPER ==
16:45:01.176   TypeMod: 0
16:45:01.176 
16:45:01.176   == VEHICLE ==
16:45:01.176   TypeMod: -2 CrippledMod (max: -13 min: -5)
16:45:01.176 
16:45:01.176   == NAVAL ==
16:45:01.176   TypeMod: -2 CrippledMod (max: -13 min: -5)
16:45:01.176 
16:45:01.176   == TURRET ==
16:45:01.176   TypeMod: -6  Tonnages (Light:60  Medium:80  Heavy:100  Default:120) 
16:45:01.176 
16:45:01.176 === MOD CONFIG END ===
16:45:01.177 Failed to read localizations from: D:\Steam\steamapps\common\BATTLETECH\Mods\SkillBasedInit\./mod_localized_text.json due to error!
16:45:01.177 Could not find file "D:\Steam\steamapps\common\BATTLETECH\Mods\SkillBasedInit\mod_localized_text.json"
16:45:01.177   at System.IO.FileStream..ctor (System.String path, System.IO.FileMode mode, System.IO.FileAccess access, System.IO.FileShare share, System.Int32 bufferSize, System.Boolean anonymous, System.IO.FileOptions options) [0x0019e] in <d7ac571ca2d04b2f981d0d886fa067cf>:0 
  at System.IO.FileStream..ctor (System.String path, System.IO.FileMode mode, System.IO.FileAccess access, System.IO.FileShare share, System.Int32 bufferSize, System.IO.FileOptions options, System.String msgPath, System.Boolean bFromProxy, System.Boolean useLongPath, System.Boolean checkHost) [0x00000] in <d7ac571ca2d04b2f981d0d886fa067cf>:0 
  at (wrapper remoting-invoke-with-check) System.IO.FileStream..ctor(string,System.IO.FileMode,System.IO.FileAccess,System.IO.FileShare,int,System.IO.FileOptions,string,bool,bool,bool)
  at System.IO.StreamReader..ctor (System.String path, System.Text.Encoding encoding, System.Boolean detectEncodingFromByteOrderMarks, System.Int32 bufferSize, System.Boolean checkHost) [0x00067] in <d7ac571ca2d04b2f981d0d886fa067cf>:0 
  at System.IO.StreamReader..ctor (System.String path, System.Text.Encoding encoding, System.Boolean detectEncodingFromByteOrderMarks, System.Int32 bufferSize) [0x00000] in <d7ac571ca2d04b2f981d0d886fa067cf>:0 
  at System.IO.StreamReader..ctor (System.String path, System.Boolean detectEncodingFromByteOrderMarks) [0x0000d] in <d7ac571ca2d04b2f981d0d886fa067cf>:0 
  at (wrapper dynamic-method) System.IO.StreamReader..ctor_Patch1(object,string)
  at (wrapper remoting-invoke-with-check) System.IO.StreamReader..ctor(string)
  at System.IO.File.ReadAllText (System.String path) [0x00000] in <d7ac571ca2d04b2f981d0d886fa067cf>:0 
  at SkillBasedInit.Mod.Init (System.String modDirectory, System.String settingsJSON) [0x000e9] in <6f40c18b7999432fb89ff6358f3ec529>:0 
16:45:01.177Failed to read localizations from: D:\Steam\steamapps\common\BATTLETECH\Mods\SkillBasedInit\./mod_localized_text.json due to error!
16:45:01.180 Assembly version: 2.1.2.0
