INFO: 2022-03-23T20:05:37 - Initializing us.tbone.DejaVu - Version 1.0.2.0
INFO: 2022-03-23T20:11:06 - BHA-2G already exists in dejaVuMechs or AllMechs
INFO: 2022-03-23T20:11:06 - Adding KTO-19ss to dejaVuMechs
INFO: 2022-03-23T20:11:06 - SMN-E already exists in dejaVuMechs or AllMechs
INFO: 2022-03-23T20:11:06 - Adding COM-7Y to dejaVuMechs
INFO: 2022-03-23T20:11:06 - Adding COM-1AK to dejaVuMechs
INFO: 2022-03-23T20:11:06 - Adding Thor Thunderbolt Vehicle to dejaVuMechs
INFO: 2022-03-23T20:11:06 - Adding Thor Artillery Vehicle to dejaVuMechs
INFO: 2022-03-23T20:11:06 - Adding ACH-BA to dejaVuMechs
INFO: 2022-03-23T20:11:06 - IS-S-BA already exists in dejaVuMechs or AllMechs
INFO: 2022-03-23T23:12:18 - Mech KTO-19ss got < 2 kills, removing from dejavu.
INFO: 2022-03-23T23:12:18 - Mech SMN-E got < 2 kills, removing from dejavu.
INFO: 2022-03-23T23:12:18 - Mech COM-7Y got < 2 kills, removing from dejavu.
INFO: 2022-03-23T23:12:18 - Mech COM-1AK got < 2 kills, removing from dejavu.
INFO: 2022-03-23T23:12:18 - Mech Thor Thunderbolt Vehicle got < 2 kills, removing from dejavu.
INFO: 2022-03-23T23:12:18 - Mech ACH-BA got < 2 kills, removing from dejavu.
INFO: 2022-03-23T23:14:17 - Added MechInventory for Thor Artillery Vehicle to DejaVuInventories
CRITICAL: 2022-03-23T23:14:17 - System.NullReferenceException: Object reference not set to an instance of an object
  at DejaVu.Framework.Util.SerializeMech (BattleTech.MechDef def) [0x000db] in <7a08d82a28e941ffbecd4620aba2f8ee>:0 
INFO: 2022-03-23T23:31:20 - BHA-2G already exists in dejaVuMechs or AllMechs
INFO: 2022-03-23T23:31:20 - Adding KTO-19ss to dejaVuMechs
INFO: 2022-03-23T23:31:20 - Adding CLNT-2-3U to dejaVuMechs
INFO: 2022-03-23T23:31:20 - Adding COM-7Y to dejaVuMechs
INFO: 2022-03-23T23:31:20 - Adding COM-1AK to dejaVuMechs
INFO: 2022-03-23T23:31:20 - Adding Thor Thunderbolt Vehicle to dejaVuMechs
INFO: 2022-03-23T23:31:20 - Thor Artillery Vehicle already exists in dejaVuMechs or AllMechs
INFO: 2022-03-23T23:31:20 - Adding ACH-BA to dejaVuMechs
INFO: 2022-03-23T23:31:20 - IS-S-BA already exists in dejaVuMechs or AllMechs
INFO: 2022-03-24T01:01:08 - Mech KTO-19ss got < 2 kills, removing from dejavu.
INFO: 2022-03-24T01:01:09 - Mech COM-7Y got < 2 kills, removing from dejavu.
INFO: 2022-03-24T01:01:09 - Mech COM-1AK got < 2 kills, removing from dejavu.
INFO: 2022-03-24T01:01:09 - Mech Thor Thunderbolt Vehicle got < 2 kills, removing from dejavu.
INFO: 2022-03-24T01:01:09 - Mech Thor Artillery Vehicle got < 2 kills, removing from dejavu.
INFO: 2022-03-24T01:01:09 - Mech IS-S-BA got < 2 kills, removing from dejavu.
INFO: 2022-03-24T01:02:37 - Added MechInventory for Clint CLNT-2-3U to DejaVuInventories
INFO: 2022-03-24T01:02:37 - Processing MechDef sans ChassisDef: mechdef_clint_CLNT-2-3U
INFO: 2022-03-24T01:02:37 - Added -SQ to mechdefID: mechdef_clint_CLNT-2-3U-SQ and UIName: Clint CLNT-2-3U
INFO: 2022-03-24T01:02:37 - Set def.ChassisID to chassisdef_clint_CLNT-2-3U, def.Description.Id to mechdef_clint_CLNT-2-3U-SQ and def.Description.UIName to Clint CLNT-2-3U-SQ
INFO: 2022-03-24T01:02:37 - Serialized mechdef_clint_CLNT-2-3U-SQ mechDef to .json
INFO: 2022-03-24T01:02:37 - Added MechInventory for Achilles Battle Armor to DejaVuInventories
INFO: 2022-03-24T01:02:37 - Processing MechDef sans ChassisDef: mechdef_ba_achilles
INFO: 2022-03-24T01:02:37 - Added -fr to mechdefID: mechdef_ba_achilles-fr and UIName: Achilles Battle Armor
INFO: 2022-03-24T01:02:37 - Set def.ChassisID to chassisdef_ba_achilles, def.Description.Id to mechdef_ba_achilles-fr and def.Description.UIName to Achilles Battle Armor-fr
INFO: 2022-03-24T01:02:37 - Serialized mechdef_ba_achilles-fr mechDef to .json
