16:45:07.313 Assembly version: 0.9.5.1
16:45:07.313 ModDir is:D:\Steam\steamapps\common\BATTLETECH\Mods\IRTweaks
16:45:07.313 mod.json settings are:({"Debug":true,"Trace":false,"Fixes":{"AbilityResourceFix":true,"AlternateMechNamingStyle":false,"BuildingDamageColorChange":false,"BraceOnMeleeWithJuggernaut":true,"BreachingShotIgnoresAllDR":false,"BulkPurchasing":false,"BulkScrapping":false,"CombatLog":false,"CTDestructInjuryFix":true,"DifficultyModsFromStats":false,"DisableCampaign":true,"DisableDebug":true,"DisableCombatSaves":true,"DisableCombatRestarts":true,"DisableLowFundsNotification":true,"DisableMPHashCalculation":true,"ExtendedStats":false,"FactionValueFix":true,"FlexibleSensorLock":false,"MaxArmorMaxesArmor":true,"MechbayLayout":true,"MechbayLayoutDisableStore":true,"MechbayAdvancedStripping":true,"MultiTargetStat":true,"OnWeaponFireFix":true,"PainTolerance":true,"PathfinderTeamFix":true,"PreventHeadShots":false,"RandomStartByDifficulty":true,"ReduceSaveCompression":true,"ScaleObjectiveBuildingStructure":true,"ShowAllArgoUpgrades":true,"SimGameDifficultyLabelsReplacer":false,"SkirmishAlwaysUnlimited":true,"SkirmishReset":false,"SkipDeleteSavePopup":true,"SpawnProtection":true,"StreamlinedMainMenu":true,"TgtComputerTonnageDisplay":true,"TurnDirectorStartFirstRoundFix":false,"UrbanExplosionsFix":false,"WeakAgainstMeleeFix":true,"WeaponTooltip":true},"Abilities":{"FlexibleSensorLockId":"AbilityDefT5A","JuggernautId":"AbilityDefGu8","MultiTargetId":"AbilityDefG5","BraceEffectConfig":{}},"CheatDetection":{"CheatDetection":false,"CheatDetectionNotify":false,"CheatDetectionStat":"CheatFoundS2"},"Combat":{"DisableCTMaxInjureTags":["ProtoMech"],"TorsoMountStatName":"isTorsoMount","CalledShot":{"DisableAllLocations":true,"DisableHeadshots":true,"EnableTacticsModifier":true,"BaseModifier":-1,"PilotTags":{}},"ToHitStatMods":{"WeaponToHitMods":[{"SourceStatName":"WeaponIgnoreEVASIVE_AeroUnit","TargetStatName":"AeroUnit","Multi":false,"Type":"EVASIVE"}],"ActorToHitMods":[{"SourceStatName":"ActorIgnoreDEFENSE_AeroUnit","TargetStatName":"AeroUnit","Multi":false,"Type":"DEFENSE"},{"SourceStatName":"ActorABSOLUTE_AeroUnit","TargetStatName":"AeroUnit","Multi":false,"Type":"ABSOLUTE"}]},"DamageModsBySkill":{"DisplayFloatiesOnTrigger":true,"StabilityMods":[{"StatName":"GunneryStabBonus1","Probability":0.15,"Multiplier":1.15}],"HeatMods":[{"StatName":"GunneryHeatBonus1","Probability":0.15,"Multiplier":1.15}],"APDmgMods":[],"StdDmgMods":[{"StatName":"GunneryDmgBonus1","Probability":0.15,"Multiplier":1.15}]},"FlexibleSensorLock":{"FreeActionWithAbility":false,"FreeActionWithStat":false,"FreeActionStatName":"IR_FreeSensorLock","AlsoAppliesToActiveProbe":false},"PainTolerance":{"ResistPerGuts":15,"HeadDamageResistPenaltyPerArmorPoint":2,"HeadHitArmorOnlyResistPenaltyMulti":0.3,"AmmoExplosionResistPenaltyPerCapacityPercentile":1,"OverheatResistPenaltyPerHeatPercentile":1,"KnockdownResistPenalty":6,"SideLocationDestroyedResistPenalty":10,"CTLocationDestroyedResistPenalty":10},"ScaledStructure":{"DefaultScale":{"Mod":0,"Multi":1.0},"DifficultyScaling":{"1":{"Mod":5,"Multi":1.0},"2":{"Mod":10,"Multi":1.25},"3":{"Mod":15,"Multi":1.5},"4":{"Mod":20,"Multi":2.0},"5":{"Mod":25,"Multi":2.5},"6":{"Mod":30,"Multi":3.0},"7":{"Mod":35,"Multi":3.5},"8":{"Mod":40,"Multi":4.0},"9":{"Mod":45,"Multi":4.5},"10":{"Mod":50,"Multi":5.0},"11":{"Mod":55,"Multi":5.5},"12":{"Mod":60,"Multi":6.0}}},"SpawnProtection":{"ApplyGuard":true,"EvasionPips":8,"ApplyToEnemies":true,"ApplyToAllies":true,"ApplyToNeutrals":true,"ApplyToReinforcements":true},"ObstructionTweaks":{"DRMechLocs":["LeftLeg","RightLeg"],"DRVehicleLocs":["Front","Rear","Left","Right"],"QuadTags":["unit_quad"],"ObstructionDRByTags":{"unit_mech":0.5,"unit_vehicle":0.5,"unit_quad":0.25}},"OnWeaponFireOpts":{"SelfKnockdownCheckStatName":"SelfknockdownCheck_OnFire","IgnoreSelfKnockdownTag":"big_chungus","SelfKnockdownPilotingFactor":0.01,"SelfKnockdownBracedFactor":100.0},"OnWeaponHitOpts":{"ForceShutdownOnHitStat":"OnHitShutdownChance","IgnoreShutdownTag":"DontTazeMeBro","ResistShutdownGutsFactor":0.0325},"TurretArmorAndStructure":{"StructureMultiplierTurret":0,"ArmorMultiplierTurret":0}},"Misc":{"DifficultyUIScaling":{"StartOnlyScalar":40,"StartOnlyPositionY":40,"RegularPositionY":40},"MechLabRefitReqs":{"MechLabRefitReqs":{"requires_refitHarness":"argoUpgrade_mechBay_refitHarness"}}},"Store":{"QuantityOnShift":5,"QuantityOnControl":20}})
16:45:07.316 == Mod Config Initialization Started == 
16:45:07.318 ScaleObjectiveBuildingStructure has difficulties between 1 and 12
16:45:07.318 == Mod Config Initialization Complete == 
16:45:07.323 === MOD CONFIG BEGIN ===
16:45:07.323   DEBUG: True Trace: False
16:45:07.323   -- Fixes --
16:45:07.323   AbilityResourceFix:                 True
16:45:07.323   AlternateMechNamingStyle:           False
16:45:07.323   BuildingDamageColorChange:          False
16:45:07.323   BraceOnMeleeWithJuggernaut:         True
16:45:07.323   BreachingShotIgnoresAllDR:          False
16:45:07.323   BulkPurchasing:                     False
16:45:07.323   BulkScrapping:                      False
16:45:07.323   CalledShotTweaks:                   True
16:45:07.323   CombatLog:                          False
16:45:07.323   DifficultyModsFromStats:            False
16:45:07.323   DisableCampaign:                    True
16:45:07.323   DisableDebug:                       True
16:45:07.323   DisableCombatRestarts:              True
16:45:07.323   DisableCombatSaves:                 True
16:45:07.323   DisableMPHashCalculation:           True
16:45:07.323   DisableLowFundsNotification:        True
16:45:07.323   ExtendedStats:                      False
16:45:07.323   FlexibleSensorLock:                 False
16:45:07.323   MaxArmorMaxesArmor:                 True
16:45:07.323   MechbayLayout:                      True
16:45:07.323   MechbayLayoutDisableStore:          True
16:45:07.323   OnWeaponFireFix:                    True
16:45:07.323   PainTolerance:                      True
16:45:07.323   PathfinderTeamFix:                  True
16:45:07.323   RandomStartByDifficulty:            True
16:45:07.323   ReduceSaveCompression:              True
16:45:07.323   ScaleObjectiveBuildingStructure:    True
16:45:07.323   ShowAllArgoUpgrades:                True
16:45:07.323   SkipDeleteSavePopup:                True
16:45:07.323   SkirmishAlwaysUnlimited:            True
16:45:07.323   SkirmishReset:                      False
16:45:07.323   SimGameDifficultyLabelsReplacer:    False
16:45:07.323   SpawnProtection:                    True
16:45:07.323   StreamlinedMainMenu:                True
16:45:07.323   TurnDirectorStartFirstRoundFix:     False
16:45:07.323   TgtComputerTonnageDisplay:          True
16:45:07.323   UrbanExplosionsFix:                 False
16:45:07.323   WeaponTooltips:                     True
16:45:07.323   DisableCTMaxInjureTags:                     System.Collections.Generic.List`1[System.String]
16:45:07.323   TorsoMountStatName:                     isTorsoMount
16:45:07.323   -- Called Shot --
16:45:07.323    Disable => AllLocations: True  Headshots: True
16:45:07.323    Enable => ComplexTacticsModifier: True
16:45:07.323    BaseModifier:-1
16:45:07.323    CalledShotDefaultMod:-1
16:45:07.323   -- Spawn Protection --
16:45:07.323    ApplyGuard:True  EvasionPips:8
16:45:07.323    ApplyToEnemies:True  ApplyToAllies:True  ApplyToNeutrals:True  
16:45:07.323    ApplyToReinforcements:True
16:45:07.323   -- Cheat Detection --
16:45:07.323    CheatDetection:False
16:45:07.323    CheatDetectionNotify:False
16:45:07.323    CheatDetectionStat:CheatFoundS2
16:45:07.323   -- ObstructionTweaks --
16:45:07.323    DRMechLocs:System.Collections.Generic.List`1[BattleTech.ArmorLocation]
16:45:07.323    DRVehicleLocs:System.Collections.Generic.List`1[BattleTech.VehicleChassisLocations]
16:45:07.323    QuadTags:System.Collections.Generic.List`1[System.String]
16:45:07.323    ObstructionDRByTags:System.Collections.Generic.Dictionary`2[System.String,System.Single]
16:45:07.323   -- Store --
16:45:07.323    QuantityOnShift:5  QuantityOnControl:20
16:45:07.323   -- Flexible Sensor Lock Options --
16:45:07.323    FreeActionWithAbility:False  AbilityId:AbilityDefT5A
16:45:07.323 === MOD CONFIG END ===
16:45:07.323 INFO: No errors reading settings file.
16:45:07.329 Activating Fix: BraceOnMeleeWithJuggernaut
16:45:07.329 Activating Fix: CalledShotTweaks
16:45:07.329 Activating Fix: PainTolerance
16:45:07.329 Activating Fix: PathfinderTeamFix
16:45:07.329 Activating Fix: ScaleObjectiveBuildingStructure
16:45:07.329 Activating Fix: SpawnProtection
16:45:07.329 Activating Fix: RandomStartByDifficulty
16:45:07.329 Activating Fix: DisableCampaign
16:45:07.329 Activating Fix: DisableLowFundsNotification
16:45:07.329 Activating Fix: DisableMPHashCalculation
16:45:07.329 Activating Fix: MultiTargetStat
16:45:07.330 Activating fix: ReduceSaveCompression.
16:45:07.330 Activating fix: ShowAllArgoUpgrades.
16:45:07.330 Activating fix: SkipDeleteSavePopup.
16:45:07.330 Activating Fix: SkirmishAlwaysUnlimited
16:45:07.330 Activating Fix: DisableCombatSaves
16:45:07.330 Activating Fix: DisableCombatRestart
16:45:07.331 Activating Fix: StreamlinedMainMenu
16:45:07.338 Activating Fix: WeaponTooltip
16:45:07.639 AA:CPSFA Found INJURY IGNORED instruction at idx: 73
16:45:07.639 AA:CPSFA Found Pilot.ClearNeedsInjury instruction at idx: 118
16:45:07.648 M:CK Found INJURY IGNORED instruction at idx: 111
16:45:07.733 [InitializeEffects] Initializing effects for Brace Effects
16:45:51.248 Disabling the campaign button on the main menu.
16:45:51.262 Disabling the debug buttons in the main menu.
