REPORT 2022-05-06T14:25:40: Initializing PanicSystem - Version 4.2.0.5
REPORT 2022-05-06T14:38:10: Turn Damage Tracker Reset - new Mission
REPORT 2022-05-06T14:38:10: hookPDF
 ACTOR 5df48a48-1840-49b0-84e9-126847053afa.0-Commando-Commando / pilotable / true / No pilot_cannot_eject tag / No CanEject stat
REPORT 2022-05-06T14:39:53: new Turn Activation for Commando - Commando - 5df48a48-1840-49b0-84e9-126847053afa.0
REPORT 2022-05-06T14:39:54: attack was completed for Commando - Commando - 5df48a48-1840-49b0-84e9-126847053afa.0 (ActorMovementSequence:CompleteOrders) -victims [0]
REPORT 2022-05-06T14:40:08: new Turn Re-Activation for Commando
REPORT 2022-05-06T14:40:08: 
^^^^^^^^^^^^^^^^^^^^^^^^^^^^^^^^^^^^^^^^^^^^^^
REPORT 2022-05-06T14:40:08: Blackjack Omni :14c58a13-96a6-4f91-a1e5-47b5d02b81d1.0 took Damage from ER TAG (C) - Weapon
REPORT 2022-05-06T14:40:08: Damage to Blackjack Omni/Blackjack Omni/14c58a13-96a6-4f91-a1e5-47b5d02b81d1.0
REPORT 2022-05-06T14:40:08: Damage by Commando/Commando/5df48a48-1840-49b0-84e9-126847053afa.0
REPORT 2022-05-06T14:40:08: Damage >>> D: 1.000 DS: 0.000 H: 0
REPORT 2022-05-06T14:40:08: Blackjack Omni|Blackjack Omni|14c58a13-96a6-4f91-a1e5-47b5d02b81d1.0 added to victims. [1]
REPORT 2022-05-06T14:40:08: first Turn for Blackjack Omni  - Blackjack Omni - 14c58a13-96a6-4f91-a1e5-47b5d02b81d1.0
REPORT 2022-05-06T14:40:09: attack was completed for Commando - Commando - 5df48a48-1840-49b0-84e9-126847053afa.0 (AttackDirector:OnAttackComplete) -victims [1]
REPORT 2022-05-06T14:40:09: 
══════════════════════════════════════════════
REPORT 2022-05-06T14:40:09: Damage to Blackjack Omni/Blackjack Omni/14c58a13-96a6-4f91-a1e5-47b5d02b81d1.0
REPORT 2022-05-06T14:40:09: Damage by Commando/Commando/5df48a48-1840-49b0-84e9-126847053afa.0
REPORT 2022-05-06T14:40:09: Damage >>> A: 0.000/620.000 S: 0.000/336.000 NA%) H: 0
REPORT 2022-05-06T14:40:09: No damage
REPORT 2022-05-06T14:40:10: Processing Commando:5df48a48-1840-49b0-84e9-126847053afa.0
REPORT 2022-05-06T14:40:10: completed Turn Activation for Commando - Commando - 5df48a48-1840-49b0-84e9-126847053afa.0 -victims [0]
REPORT 2022-05-06T14:40:10: ActorHealth Commando - Commando - 5df48a48-1840-49b0-84e9-126847053afa.0 -103.630%
REPORT 2022-05-06T14:40:10: Checking pilot panic for Commando:5df48a48-1840-49b0-84e9-126847053afa.0 recent panicFalse Confident Health:103.630% v/s 30 Alone:False
 ACTOR 14c58a13-96a6-4f91-a1e5-47b5d02b81d1.0-Blackjack Omni-Blackjack Omni / pilotable / true / No pilot_cannot_eject tag / No CanEject stat
REPORT 2022-05-06T14:40:11: new Turn Activation for Blackjack Omni - Blackjack Omni - 14c58a13-96a6-4f91-a1e5-47b5d02b81d1.0
REPORT 2022-05-06T14:40:11: attack was completed for Blackjack Omni - Blackjack Omni - 14c58a13-96a6-4f91-a1e5-47b5d02b81d1.0 (ActorMovementSequence:CompleteOrders) -victims [0]
REPORT 2022-05-06T14:40:12: new Turn Re-Activation for Blackjack Omni
REPORT 2022-05-06T14:40:16: attack was completed for Blackjack Omni - Blackjack Omni - 14c58a13-96a6-4f91-a1e5-47b5d02b81d1.0 (AttackDirector:OnAttackComplete) -victims [0]
REPORT 2022-05-06T14:40:17: Processing Blackjack Omni:14c58a13-96a6-4f91-a1e5-47b5d02b81d1.0
REPORT 2022-05-06T14:40:17: completed Turn Activation for Blackjack Omni - Blackjack Omni - 14c58a13-96a6-4f91-a1e5-47b5d02b81d1.0 -victims [0]
REPORT 2022-05-06T14:40:17: ActorHealth Blackjack Omni - Blackjack Omni - 14c58a13-96a6-4f91-a1e5-47b5d02b81d1.0 -100.000%
REPORT 2022-05-06T14:40:17: Checking pilot panic for Blackjack Omni:14c58a13-96a6-4f91-a1e5-47b5d02b81d1.0 recent panicFalse Confident Health:100.000% v/s 30 Alone:False
 ACTOR ec9d2280-ca9a-4d90-8a20-963d8a4c0a39.0-Incubus-Incubus / pilotable / true / No pilot_cannot_eject tag / No CanEject stat
REPORT 2022-05-06T14:40:23: new Turn Activation for Incubus - Incubus - ec9d2280-ca9a-4d90-8a20-963d8a4c0a39.0
REPORT 2022-05-06T14:40:24: attack was completed for Incubus - Incubus - ec9d2280-ca9a-4d90-8a20-963d8a4c0a39.0 (ActorMovementSequence:CompleteOrders) -victims [0]
REPORT 2022-05-06T14:40:31: new Turn Re-Activation for Incubus
REPORT 2022-05-06T14:40:32: 
^^^^^^^^^^^^^^^^^^^^^^^^^^^^^^^^^^^^^^^^^^^^^^
REPORT 2022-05-06T14:40:32: Blackjack Omni :14c58a13-96a6-4f91-a1e5-47b5d02b81d1.0 took Damage from Streak SRM4 (C)R - Weapon
REPORT 2022-05-06T14:40:32: Damage to Blackjack Omni/Blackjack Omni/14c58a13-96a6-4f91-a1e5-47b5d02b81d1.0
REPORT 2022-05-06T14:40:32: Damage by Incubus/Incubus/ec9d2280-ca9a-4d90-8a20-963d8a4c0a39.0
REPORT 2022-05-06T14:40:32: Damage >>> D: 10.000 DS: 0.000 H: 0
REPORT 2022-05-06T14:40:32: Blackjack Omni|Blackjack Omni|14c58a13-96a6-4f91-a1e5-47b5d02b81d1.0 added to victims. [1]
REPORT 2022-05-06T14:40:32: 
^^^^^^^^^^^^^^^^^^^^^^^^^^^^^^^^^^^^^^^^^^^^^^
REPORT 2022-05-06T14:40:32: Blackjack Omni :14c58a13-96a6-4f91-a1e5-47b5d02b81d1.0 took Damage from Streak SRM4 (C)R - Weapon
REPORT 2022-05-06T14:40:32: Damage to Blackjack Omni/Blackjack Omni/14c58a13-96a6-4f91-a1e5-47b5d02b81d1.0
REPORT 2022-05-06T14:40:32: Damage by Incubus/Incubus/ec9d2280-ca9a-4d90-8a20-963d8a4c0a39.0
REPORT 2022-05-06T14:40:32: Damage >>> D: 10.000 DS: 0.000 H: 0
REPORT 2022-05-06T14:40:32: 
^^^^^^^^^^^^^^^^^^^^^^^^^^^^^^^^^^^^^^^^^^^^^^
REPORT 2022-05-06T14:40:32: Blackjack Omni :14c58a13-96a6-4f91-a1e5-47b5d02b81d1.0 took Damage from Streak SRM4 (C)R - Weapon
REPORT 2022-05-06T14:40:32: Damage to Blackjack Omni/Blackjack Omni/14c58a13-96a6-4f91-a1e5-47b5d02b81d1.0
REPORT 2022-05-06T14:40:32: Damage by Incubus/Incubus/ec9d2280-ca9a-4d90-8a20-963d8a4c0a39.0
REPORT 2022-05-06T14:40:32: Damage >>> D: 10.000 DS: 0.000 H: 0
REPORT 2022-05-06T14:40:32: 
^^^^^^^^^^^^^^^^^^^^^^^^^^^^^^^^^^^^^^^^^^^^^^
REPORT 2022-05-06T14:40:32: Blackjack Omni :14c58a13-96a6-4f91-a1e5-47b5d02b81d1.0 took Damage from Streak SRM4 (C)R - Weapon
REPORT 2022-05-06T14:40:32: Damage to Blackjack Omni/Blackjack Omni/14c58a13-96a6-4f91-a1e5-47b5d02b81d1.0
REPORT 2022-05-06T14:40:32: Damage by Incubus/Incubus/ec9d2280-ca9a-4d90-8a20-963d8a4c0a39.0
REPORT 2022-05-06T14:40:32: Damage >>> D: 10.000 DS: 0.000 H: 0
REPORT 2022-05-06T14:40:32: attack was completed for Incubus - Incubus - ec9d2280-ca9a-4d90-8a20-963d8a4c0a39.0 (AttackDirector:OnAttackComplete) -victims [1]
REPORT 2022-05-06T14:40:32: 
══════════════════════════════════════════════
REPORT 2022-05-06T14:40:32: Damage to Blackjack Omni/Blackjack Omni/14c58a13-96a6-4f91-a1e5-47b5d02b81d1.0
REPORT 2022-05-06T14:40:32: Damage by Incubus/Incubus/ec9d2280-ca9a-4d90-8a20-963d8a4c0a39.0
REPORT 2022-05-06T14:40:32: Damage >>> A: 30.000/620.000 S: 0.000/336.000 (3.14%) H: 0
REPORT 2022-05-06T14:40:32: Not enough damage
REPORT 2022-05-06T14:40:33: Processing Incubus:ec9d2280-ca9a-4d90-8a20-963d8a4c0a39.0
REPORT 2022-05-06T14:40:33: completed Turn Activation for Incubus - Incubus - ec9d2280-ca9a-4d90-8a20-963d8a4c0a39.0 -victims [0]
REPORT 2022-05-06T14:40:33: ActorHealth Incubus - Incubus - ec9d2280-ca9a-4d90-8a20-963d8a4c0a39.0 -100.000%
REPORT 2022-05-06T14:40:33: Checking pilot panic for Incubus:ec9d2280-ca9a-4d90-8a20-963d8a4c0a39.0 recent panicFalse Confident Health:100.000% v/s 30 Alone:False
 ACTOR 6cd3107e-0f9d-4809-ab8c-fb30faf4cd80.0-Dervish-Dervish / pilotable / true / No pilot_cannot_eject tag / No CanEject stat
REPORT 2022-05-06T14:40:35: new Turn Activation for Dervish - Dervish - 6cd3107e-0f9d-4809-ab8c-fb30faf4cd80.0
REPORT 2022-05-06T14:40:35: new Turn Re-Activation for Dervish
REPORT 2022-05-06T14:40:40: attack was completed for Dervish - Dervish - 6cd3107e-0f9d-4809-ab8c-fb30faf4cd80.0 (AttackDirector:OnAttackComplete) -victims [0]
REPORT 2022-05-06T14:40:41: Processing Dervish:6cd3107e-0f9d-4809-ab8c-fb30faf4cd80.0
REPORT 2022-05-06T14:40:41: completed Turn Activation for Dervish - Dervish - 6cd3107e-0f9d-4809-ab8c-fb30faf4cd80.0 -victims [0]
REPORT 2022-05-06T14:40:41: ActorHealth Dervish - Dervish - 6cd3107e-0f9d-4809-ab8c-fb30faf4cd80.0 -100.000%
REPORT 2022-05-06T14:40:41: Checking pilot panic for Dervish:6cd3107e-0f9d-4809-ab8c-fb30faf4cd80.0 recent panicFalse Confident Health:100.000% v/s 30 Alone:False
REPORT 2022-05-06T14:41:14: new Turn Activation for Incubus - Incubus - ec9d2280-ca9a-4d90-8a20-963d8a4c0a39.0
REPORT 2022-05-06T14:41:16: attack was completed for Incubus - Incubus - ec9d2280-ca9a-4d90-8a20-963d8a4c0a39.0 (ActorMovementSequence:CompleteOrders) -victims [0]
REPORT 2022-05-06T14:41:22: new Turn Re-Activation for Incubus
REPORT 2022-05-06T14:41:22: 
^^^^^^^^^^^^^^^^^^^^^^^^^^^^^^^^^^^^^^^^^^^^^^
REPORT 2022-05-06T14:41:22: Blackjack Omni :14c58a13-96a6-4f91-a1e5-47b5d02b81d1.0 took Damage from Pierce M Pulse - Weapon
REPORT 2022-05-06T14:41:22: Damage to Blackjack Omni/Blackjack Omni/14c58a13-96a6-4f91-a1e5-47b5d02b81d1.0
REPORT 2022-05-06T14:41:22: Damage by Incubus/Incubus/ec9d2280-ca9a-4d90-8a20-963d8a4c0a39.0
REPORT 2022-05-06T14:41:22: Damage >>> D: 22.000 DS: 9.000 H: 0
REPORT 2022-05-06T14:41:22: Blackjack Omni|Blackjack Omni|14c58a13-96a6-4f91-a1e5-47b5d02b81d1.0 added to victims. [1]
REPORT 2022-05-06T14:41:23: 
^^^^^^^^^^^^^^^^^^^^^^^^^^^^^^^^^^^^^^^^^^^^^^
REPORT 2022-05-06T14:41:23: Blackjack Omni :14c58a13-96a6-4f91-a1e5-47b5d02b81d1.0 took Damage from Pierce M Pulse - Weapon
REPORT 2022-05-06T14:41:23: Damage to Blackjack Omni/Blackjack Omni/14c58a13-96a6-4f91-a1e5-47b5d02b81d1.0
REPORT 2022-05-06T14:41:23: Damage by Incubus/Incubus/ec9d2280-ca9a-4d90-8a20-963d8a4c0a39.0
REPORT 2022-05-06T14:41:23: Damage >>> D: 22.000 DS: 9.000 H: 0
REPORT 2022-05-06T14:41:23: 
^^^^^^^^^^^^^^^^^^^^^^^^^^^^^^^^^^^^^^^^^^^^^^
REPORT 2022-05-06T14:41:23: Blackjack Omni :14c58a13-96a6-4f91-a1e5-47b5d02b81d1.0 took Damage from Pierce M Pulse - Weapon
REPORT 2022-05-06T14:41:23: Damage to Blackjack Omni/Blackjack Omni/14c58a13-96a6-4f91-a1e5-47b5d02b81d1.0
REPORT 2022-05-06T14:41:23: Damage by Incubus/Incubus/ec9d2280-ca9a-4d90-8a20-963d8a4c0a39.0
REPORT 2022-05-06T14:41:23: Damage >>> D: 22.000 DS: 9.000 H: 0
REPORT 2022-05-06T14:41:23: 
^^^^^^^^^^^^^^^^^^^^^^^^^^^^^^^^^^^^^^^^^^^^^^
REPORT 2022-05-06T14:41:23: Blackjack Omni :14c58a13-96a6-4f91-a1e5-47b5d02b81d1.0 took Damage from Pierce M Pulse - Weapon
REPORT 2022-05-06T14:41:23: Damage to Blackjack Omni/Blackjack Omni/14c58a13-96a6-4f91-a1e5-47b5d02b81d1.0
REPORT 2022-05-06T14:41:23: Damage by Incubus/Incubus/ec9d2280-ca9a-4d90-8a20-963d8a4c0a39.0
REPORT 2022-05-06T14:41:23: Damage >>> D: 22.000 DS: 9.000 H: 0
REPORT 2022-05-06T14:41:23: 
^^^^^^^^^^^^^^^^^^^^^^^^^^^^^^^^^^^^^^^^^^^^^^
REPORT 2022-05-06T14:41:23: Blackjack Omni :14c58a13-96a6-4f91-a1e5-47b5d02b81d1.0 took Damage from Streak SRM4 (C)R - Weapon
REPORT 2022-05-06T14:41:23: Damage to Blackjack Omni/Blackjack Omni/14c58a13-96a6-4f91-a1e5-47b5d02b81d1.0
REPORT 2022-05-06T14:41:23: Damage by Incubus/Incubus/ec9d2280-ca9a-4d90-8a20-963d8a4c0a39.0
REPORT 2022-05-06T14:41:23: Damage >>> D: 10.000 DS: 0.000 H: 0
REPORT 2022-05-06T14:41:23: 
^^^^^^^^^^^^^^^^^^^^^^^^^^^^^^^^^^^^^^^^^^^^^^
REPORT 2022-05-06T14:41:23: Blackjack Omni :14c58a13-96a6-4f91-a1e5-47b5d02b81d1.0 took Damage from Streak SRM4 (C)R - Weapon
REPORT 2022-05-06T14:41:23: Damage to Blackjack Omni/Blackjack Omni/14c58a13-96a6-4f91-a1e5-47b5d02b81d1.0
REPORT 2022-05-06T14:41:23: Damage by Incubus/Incubus/ec9d2280-ca9a-4d90-8a20-963d8a4c0a39.0
REPORT 2022-05-06T14:41:23: Damage >>> D: 10.000 DS: 0.000 H: 0
REPORT 2022-05-06T14:41:23: 
^^^^^^^^^^^^^^^^^^^^^^^^^^^^^^^^^^^^^^^^^^^^^^
REPORT 2022-05-06T14:41:23: Blackjack Omni :14c58a13-96a6-4f91-a1e5-47b5d02b81d1.0 took Damage from Streak SRM4 (C)R - Weapon
REPORT 2022-05-06T14:41:23: Damage to Blackjack Omni/Blackjack Omni/14c58a13-96a6-4f91-a1e5-47b5d02b81d1.0
REPORT 2022-05-06T14:41:23: Damage by Incubus/Incubus/ec9d2280-ca9a-4d90-8a20-963d8a4c0a39.0
REPORT 2022-05-06T14:41:23: Damage >>> D: 10.000 DS: 0.000 H: 0
REPORT 2022-05-06T14:41:23: 
^^^^^^^^^^^^^^^^^^^^^^^^^^^^^^^^^^^^^^^^^^^^^^
REPORT 2022-05-06T14:41:23: Blackjack Omni :14c58a13-96a6-4f91-a1e5-47b5d02b81d1.0 took Damage from Streak SRM4 (C)R - Weapon
REPORT 2022-05-06T14:41:23: Damage to Blackjack Omni/Blackjack Omni/14c58a13-96a6-4f91-a1e5-47b5d02b81d1.0
REPORT 2022-05-06T14:41:23: Damage by Incubus/Incubus/ec9d2280-ca9a-4d90-8a20-963d8a4c0a39.0
REPORT 2022-05-06T14:41:23: Damage >>> D: 10.000 DS: 0.000 H: 0
REPORT 2022-05-06T14:41:25: attack was completed for Incubus - Incubus - ec9d2280-ca9a-4d90-8a20-963d8a4c0a39.0 (AttackDirector:OnAttackComplete) -victims [1]
REPORT 2022-05-06T14:41:25: 
══════════════════════════════════════════════
REPORT 2022-05-06T14:41:25: Damage to Blackjack Omni/Blackjack Omni/14c58a13-96a6-4f91-a1e5-47b5d02b81d1.0
REPORT 2022-05-06T14:41:25: Damage by Incubus/Incubus/ec9d2280-ca9a-4d90-8a20-963d8a4c0a39.0
REPORT 2022-05-06T14:41:25: He's dead Jim.....
REPORT 2022-05-06T14:41:26: Processing Incubus:ec9d2280-ca9a-4d90-8a20-963d8a4c0a39.0
REPORT 2022-05-06T14:41:26: completed Turn Activation for Incubus - Incubus - ec9d2280-ca9a-4d90-8a20-963d8a4c0a39.0 -victims [0]
REPORT 2022-05-06T14:41:26: ActorHealth Incubus - Incubus - ec9d2280-ca9a-4d90-8a20-963d8a4c0a39.0 -100.000%
REPORT 2022-05-06T14:41:26: Checking pilot panic for Incubus:ec9d2280-ca9a-4d90-8a20-963d8a4c0a39.0 recent panicFalse Confident Health:100.000% v/s 30 Alone:False
REPORT 2022-05-06T14:41:38: new Turn Activation for Commando - Commando - 5df48a48-1840-49b0-84e9-126847053afa.0
REPORT 2022-05-06T14:41:39: attack was completed for Commando - Commando - 5df48a48-1840-49b0-84e9-126847053afa.0 (ActorMovementSequence:CompleteOrders) -victims [0]
REPORT 2022-05-06T14:41:43: new Turn Re-Activation for Commando
REPORT 2022-05-06T14:41:43: 
^^^^^^^^^^^^^^^^^^^^^^^^^^^^^^^^^^^^^^^^^^^^^^
REPORT 2022-05-06T14:41:43: Dervish :6cd3107e-0f9d-4809-ab8c-fb30faf4cd80.0 took Damage from ER TAG (C) - Weapon
REPORT 2022-05-06T14:41:43: Damage to Dervish/Dervish/6cd3107e-0f9d-4809-ab8c-fb30faf4cd80.0
REPORT 2022-05-06T14:41:43: Damage by Commando/Commando/5df48a48-1840-49b0-84e9-126847053afa.0
REPORT 2022-05-06T14:41:43: Damage >>> D: 1.000 DS: 0.000 H: 0
REPORT 2022-05-06T14:41:43: Dervish|Dervish|6cd3107e-0f9d-4809-ab8c-fb30faf4cd80.0 added to victims. [1]
REPORT 2022-05-06T14:41:43: first Turn for Dervish  - Dervish - 6cd3107e-0f9d-4809-ab8c-fb30faf4cd80.0
REPORT 2022-05-06T14:41:43: 
^^^^^^^^^^^^^^^^^^^^^^^^^^^^^^^^^^^^^^^^^^^^^^
REPORT 2022-05-06T14:41:43: Dervish :6cd3107e-0f9d-4809-ab8c-fb30faf4cd80.0 took Damage from ER L Laser - Weapon
REPORT 2022-05-06T14:41:43: Damage to Dervish/Dervish/6cd3107e-0f9d-4809-ab8c-fb30faf4cd80.0
REPORT 2022-05-06T14:41:43: Damage by Commando/Commando/5df48a48-1840-49b0-84e9-126847053afa.0
REPORT 2022-05-06T14:41:43: Damage >>> D: 45.000 DS: 0.000 H: 0
REPORT 2022-05-06T14:41:44: 
^^^^^^^^^^^^^^^^^^^^^^^^^^^^^^^^^^^^^^^^^^^^^^
REPORT 2022-05-06T14:41:44: Dervish :6cd3107e-0f9d-4809-ab8c-fb30faf4cd80.0 took Damage from SRM6 (C)R - Weapon
REPORT 2022-05-06T14:41:44: Damage to Dervish/Dervish/6cd3107e-0f9d-4809-ab8c-fb30faf4cd80.0
REPORT 2022-05-06T14:41:44: Damage by Commando/Commando/5df48a48-1840-49b0-84e9-126847053afa.0
REPORT 2022-05-06T14:41:44: Damage >>> D: 5.000 DS: 4.000 H: 0
REPORT 2022-05-06T14:41:44: 
^^^^^^^^^^^^^^^^^^^^^^^^^^^^^^^^^^^^^^^^^^^^^^
REPORT 2022-05-06T14:41:44: Dervish :6cd3107e-0f9d-4809-ab8c-fb30faf4cd80.0 took Damage from SRM6 (C)R - Weapon
REPORT 2022-05-06T14:41:44: Damage to Dervish/Dervish/6cd3107e-0f9d-4809-ab8c-fb30faf4cd80.0
REPORT 2022-05-06T14:41:44: Damage by Commando/Commando/5df48a48-1840-49b0-84e9-126847053afa.0
REPORT 2022-05-06T14:41:44: Damage >>> D: 5.000 DS: 4.000 H: 0
REPORT 2022-05-06T14:41:44: 
^^^^^^^^^^^^^^^^^^^^^^^^^^^^^^^^^^^^^^^^^^^^^^
REPORT 2022-05-06T14:41:44: Dervish :6cd3107e-0f9d-4809-ab8c-fb30faf4cd80.0 took Damage from SRM6 (C)R - Weapon
REPORT 2022-05-06T14:41:44: Damage to Dervish/Dervish/6cd3107e-0f9d-4809-ab8c-fb30faf4cd80.0
REPORT 2022-05-06T14:41:44: Damage by Commando/Commando/5df48a48-1840-49b0-84e9-126847053afa.0
REPORT 2022-05-06T14:41:44: Damage >>> D: 5.000 DS: 4.000 H: 0
REPORT 2022-05-06T14:41:44: 
^^^^^^^^^^^^^^^^^^^^^^^^^^^^^^^^^^^^^^^^^^^^^^
REPORT 2022-05-06T14:41:44: Dervish :6cd3107e-0f9d-4809-ab8c-fb30faf4cd80.0 took Damage from SRM6 (C)R - Weapon
REPORT 2022-05-06T14:41:44: Damage to Dervish/Dervish/6cd3107e-0f9d-4809-ab8c-fb30faf4cd80.0
REPORT 2022-05-06T14:41:44: Damage by Commando/Commando/5df48a48-1840-49b0-84e9-126847053afa.0
REPORT 2022-05-06T14:41:44: Damage >>> D: 5.000 DS: 4.000 H: 0
REPORT 2022-05-06T14:41:44: 
^^^^^^^^^^^^^^^^^^^^^^^^^^^^^^^^^^^^^^^^^^^^^^
REPORT 2022-05-06T14:41:44: Dervish :6cd3107e-0f9d-4809-ab8c-fb30faf4cd80.0 took Damage from SRM6 (C)R - Weapon
REPORT 2022-05-06T14:41:44: Damage to Dervish/Dervish/6cd3107e-0f9d-4809-ab8c-fb30faf4cd80.0
REPORT 2022-05-06T14:41:44: Damage by Commando/Commando/5df48a48-1840-49b0-84e9-126847053afa.0
REPORT 2022-05-06T14:41:44: Damage >>> D: 5.000 DS: 4.000 H: 0
REPORT 2022-05-06T14:41:44: 
^^^^^^^^^^^^^^^^^^^^^^^^^^^^^^^^^^^^^^^^^^^^^^
REPORT 2022-05-06T14:41:44: Dervish :6cd3107e-0f9d-4809-ab8c-fb30faf4cd80.0 took Damage from SRM6 (C)R - Weapon
REPORT 2022-05-06T14:41:44: Damage to Dervish/Dervish/6cd3107e-0f9d-4809-ab8c-fb30faf4cd80.0
REPORT 2022-05-06T14:41:44: Damage by Commando/Commando/5df48a48-1840-49b0-84e9-126847053afa.0
REPORT 2022-05-06T14:41:44: Damage >>> D: 5.000 DS: 4.000 H: 0
REPORT 2022-05-06T14:41:44: attack was completed for Commando - Commando - 5df48a48-1840-49b0-84e9-126847053afa.0 (AttackDirector:OnAttackComplete) -victims [1]
REPORT 2022-05-06T14:41:44: 
══════════════════════════════════════════════
REPORT 2022-05-06T14:41:44: Damage to Dervish/Dervish/6cd3107e-0f9d-4809-ab8c-fb30faf4cd80.0
REPORT 2022-05-06T14:41:44: Damage by Commando/Commando/5df48a48-1840-49b0-84e9-126847053afa.0
REPORT 2022-05-06T14:41:44: Damage >>> A: 66.000/500.000 S: 16.000/366.000 (9.47%) H: 0
REPORT 2022-05-06T14:41:44: Structure damage requires panic save
REPORT 2022-05-06T14:41:44: ----------------------------------------------
REPORT 2022-05-06T14:41:44: Factors              |     Change |      Total
REPORT 2022-05-06T14:41:44: ----------------------------------------------
REPORT 2022-05-06T14:41:44: ActorHealth Dervish - Dervish - 6cd3107e-0f9d-4809-ab8c-fb30faf4cd80.0 -90.531%
REPORT 2022-05-06T14:41:44: Unit health 90.53%   |            |
REPORT 2022-05-06T14:41:44: Head                 | A:100.000% | S:100.000%
REPORT 2022-05-06T14:41:44: CenterTorso          | A:100.000% | S:100.000%
REPORT 2022-05-06T14:41:44:                      | [100.000%] | 
REPORT 2022-05-06T14:41:44: LeftTorso            | A: 86.667% | S: 87.692%
REPORT 2022-05-06T14:41:44:                      | [100.000%] | 
REPORT 2022-05-06T14:41:44: LT                   |      3.162 |      3.162
REPORT 2022-05-06T14:41:44: RightTorso           | A:100.000% | S:100.000%
REPORT 2022-05-06T14:41:44:                      | [100.000%] | 
REPORT 2022-05-06T14:41:44: LeftLeg              | A: 25.333% | S: 87.692%
REPORT 2022-05-06T14:41:44: LL                   |      6.523 |      9.685
REPORT 2022-05-06T14:41:44: RightLeg             | A:100.000% | S:100.000%
REPORT 2022-05-06T14:41:44: Alone                |          5 |     14.685
REPORT 2022-05-06T14:41:44: Resolve 0            |     10.000 |     24.685
REPORT 2022-05-06T14:41:44: Guts and Tactics     |         -9 |     15.685
REPORT 2022-05-06T14:41:44: Fetched final multiplier from actor: 1
REPORT 2022-05-06T14:41:44: Panic multiplier     |          1 |     15.685
REPORT 2022-05-06T14:41:44: ----------------------------------------------
REPORT 2022-05-06T14:41:44: Saving throw         | 16       8 |       Roll
REPORT 2022-05-06T14:41:44: ----------------------------------------------
REPORT 2022-05-06T14:41:44: Failed panic save
REPORT 2022-05-06T14:41:44: Dervish UNSETTLED
REPORT 2022-05-06T14:41:44: ActorHealth Dervish - Dervish - 6cd3107e-0f9d-4809-ab8c-fb30faf4cd80.0 -90.531%
REPORT 2022-05-06T14:41:44: Damage Levels reset for Dervish - Dervish - 6cd3107e-0f9d-4809-ab8c-fb30faf4cd80.0 -H:0 A:434 S:350
REPORT 2022-05-06T14:41:44: Processing Commando:5df48a48-1840-49b0-84e9-126847053afa.0
REPORT 2022-05-06T14:41:44: completed Turn Activation for Commando - Commando - 5df48a48-1840-49b0-84e9-126847053afa.0 -victims [0]
REPORT 2022-05-06T14:41:44: ActorHealth Commando - Commando - 5df48a48-1840-49b0-84e9-126847053afa.0 -103.630%
REPORT 2022-05-06T14:41:44: Checking pilot panic for Commando:5df48a48-1840-49b0-84e9-126847053afa.0 recent panicFalse Confident Health:103.630% v/s 30 Alone:False
REPORT 2022-05-06T14:41:48: new Turn Activation for Dervish - Dervish - 6cd3107e-0f9d-4809-ab8c-fb30faf4cd80.0
REPORT 2022-05-06T14:41:48: new Turn Re-Activation for Dervish
REPORT 2022-05-06T14:41:48: new Turn Re-Activation for Dervish
REPORT 2022-05-06T14:41:48: 
^^^^^^^^^^^^^^^^^^^^^^^^^^^^^^^^^^^^^^^^^^^^^^
REPORT 2022-05-06T14:41:48: Incubus :ec9d2280-ca9a-4d90-8a20-963d8a4c0a39.0 took Damage from DFA - Weapon
REPORT 2022-05-06T14:41:48: Damage to Incubus/Incubus/ec9d2280-ca9a-4d90-8a20-963d8a4c0a39.0
REPORT 2022-05-06T14:41:48: Damage by Dervish/Dervish/6cd3107e-0f9d-4809-ab8c-fb30faf4cd80.0
REPORT 2022-05-06T14:41:48: Damage >>> D: 36.720 DS: 0.000 H: 0
REPORT 2022-05-06T14:41:48: Incubus|Incubus|ec9d2280-ca9a-4d90-8a20-963d8a4c0a39.0 added to victims. [1]
REPORT 2022-05-06T14:41:48: first Turn for Incubus  - Incubus - ec9d2280-ca9a-4d90-8a20-963d8a4c0a39.0
REPORT 2022-05-06T14:41:49: 
^^^^^^^^^^^^^^^^^^^^^^^^^^^^^^^^^^^^^^^^^^^^^^
REPORT 2022-05-06T14:41:49: Dervish :6cd3107e-0f9d-4809-ab8c-fb30faf4cd80.0 took Damage from DFA - DFASelf
REPORT 2022-05-06T14:41:49: Damage to Dervish/Dervish/6cd3107e-0f9d-4809-ab8c-fb30faf4cd80.0
REPORT 2022-05-06T14:41:49: Damage by Dervish/Dervish/6cd3107e-0f9d-4809-ab8c-fb30faf4cd80.0
REPORT 2022-05-06T14:41:49: Damage >>> D: 0.000 DS: 0.000 H: 0
REPORT 2022-05-06T14:41:49: Dervish|Dervish|6cd3107e-0f9d-4809-ab8c-fb30faf4cd80.0 added to victims. [2]
REPORT 2022-05-06T14:41:49: 
^^^^^^^^^^^^^^^^^^^^^^^^^^^^^^^^^^^^^^^^^^^^^^
REPORT 2022-05-06T14:41:49: Dervish :6cd3107e-0f9d-4809-ab8c-fb30faf4cd80.0 took Damage from DFA - DFASelf
REPORT 2022-05-06T14:41:49: Damage to Dervish/Dervish/6cd3107e-0f9d-4809-ab8c-fb30faf4cd80.0
REPORT 2022-05-06T14:41:49: Damage by Dervish/Dervish/6cd3107e-0f9d-4809-ab8c-fb30faf4cd80.0
REPORT 2022-05-06T14:41:49: Damage >>> D: 0.000 DS: 0.000 H: 0
REPORT 2022-05-06T14:41:52: attack was completed for Dervish - Dervish - 6cd3107e-0f9d-4809-ab8c-fb30faf4cd80.0 (AttackDirector:OnAttackComplete) -victims [2]
REPORT 2022-05-06T14:41:52: 
══════════════════════════════════════════════
REPORT 2022-05-06T14:41:52: Damage to Incubus/Incubus/ec9d2280-ca9a-4d90-8a20-963d8a4c0a39.0
REPORT 2022-05-06T14:41:52: Damage by Dervish/Dervish/6cd3107e-0f9d-4809-ab8c-fb30faf4cd80.0
REPORT 2022-05-06T14:41:52: Damage >>> A: 36.720/390.000 S: 0.000/206.000 (6.16%) H: 0
REPORT 2022-05-06T14:41:52: Not enough damage
REPORT 2022-05-06T14:41:52: 
══════════════════════════════════════════════
REPORT 2022-05-06T14:41:52: Damage to Dervish/Dervish/6cd3107e-0f9d-4809-ab8c-fb30faf4cd80.0
REPORT 2022-05-06T14:41:52: Damage by Dervish/Dervish/6cd3107e-0f9d-4809-ab8c-fb30faf4cd80.0
REPORT 2022-05-06T14:41:52: Damage >>> A: 0.000/434.000 S: 0.000/350.000 NA%) H: 0
REPORT 2022-05-06T14:41:52: No damage
REPORT 2022-05-06T14:41:52: 
^^^^^^^^^^^^^^^^^^^^^^^^^^^^^^^^^^^^^^^^^^^^^^
REPORT 2022-05-06T14:41:52: Dervish :6cd3107e-0f9d-4809-ab8c-fb30faf4cd80.0 took Damage from DFA - Melee
REPORT 2022-05-06T14:41:52: Damage to Dervish/Dervish/6cd3107e-0f9d-4809-ab8c-fb30faf4cd80.0
REPORT 2022-05-06T14:41:52: Damage by Dervish/Dervish/6cd3107e-0f9d-4809-ab8c-fb30faf4cd80.0
REPORT 2022-05-06T14:41:52: Damage >>> D: 25.000 DS: 0.000 H: 0
REPORT 2022-05-06T14:41:52: Dervish|Dervish|6cd3107e-0f9d-4809-ab8c-fb30faf4cd80.0 added to victims. [1]
REPORT 2022-05-06T14:41:52: 
^^^^^^^^^^^^^^^^^^^^^^^^^^^^^^^^^^^^^^^^^^^^^^
REPORT 2022-05-06T14:41:52: Dervish :6cd3107e-0f9d-4809-ab8c-fb30faf4cd80.0 took Damage from DFA - Melee
REPORT 2022-05-06T14:41:52: Damage to Dervish/Dervish/6cd3107e-0f9d-4809-ab8c-fb30faf4cd80.0
REPORT 2022-05-06T14:41:52: Damage by Dervish/Dervish/6cd3107e-0f9d-4809-ab8c-fb30faf4cd80.0
REPORT 2022-05-06T14:41:52: Damage >>> D: 20.000 DS: 0.000 H: 0
REPORT 2022-05-06T14:41:52: 
^^^^^^^^^^^^^^^^^^^^^^^^^^^^^^^^^^^^^^^^^^^^^^
REPORT 2022-05-06T14:41:52: Incubus :ec9d2280-ca9a-4d90-8a20-963d8a4c0a39.0 took Damage from DFA - Melee
REPORT 2022-05-06T14:41:52: Damage to Incubus/Incubus/ec9d2280-ca9a-4d90-8a20-963d8a4c0a39.0
REPORT 2022-05-06T14:41:52: Damage by Dervish/Dervish/6cd3107e-0f9d-4809-ab8c-fb30faf4cd80.0
REPORT 2022-05-06T14:41:52: Damage >>> D: 25.000 DS: 0.000 H: 0
REPORT 2022-05-06T14:41:52: Incubus|Incubus|ec9d2280-ca9a-4d90-8a20-963d8a4c0a39.0 added to victims. [2]
REPORT 2022-05-06T14:41:52: 
^^^^^^^^^^^^^^^^^^^^^^^^^^^^^^^^^^^^^^^^^^^^^^
REPORT 2022-05-06T14:41:52: Incubus :ec9d2280-ca9a-4d90-8a20-963d8a4c0a39.0 took Damage from DFA - Melee
REPORT 2022-05-06T14:41:52: Damage to Incubus/Incubus/ec9d2280-ca9a-4d90-8a20-963d8a4c0a39.0
REPORT 2022-05-06T14:41:52: Damage by Dervish/Dervish/6cd3107e-0f9d-4809-ab8c-fb30faf4cd80.0
REPORT 2022-05-06T14:41:52: Damage >>> D: 25.000 DS: 0.000 H: 0
REPORT 2022-05-06T14:41:52: 
^^^^^^^^^^^^^^^^^^^^^^^^^^^^^^^^^^^^^^^^^^^^^^
REPORT 2022-05-06T14:41:52: Incubus :ec9d2280-ca9a-4d90-8a20-963d8a4c0a39.0 took Damage from DFA - Melee
REPORT 2022-05-06T14:41:52: Damage to Incubus/Incubus/ec9d2280-ca9a-4d90-8a20-963d8a4c0a39.0
REPORT 2022-05-06T14:41:52: Damage by Dervish/Dervish/6cd3107e-0f9d-4809-ab8c-fb30faf4cd80.0
REPORT 2022-05-06T14:41:52: Damage >>> D: 25.000 DS: 0.000 H: 0
REPORT 2022-05-06T14:41:52: 
^^^^^^^^^^^^^^^^^^^^^^^^^^^^^^^^^^^^^^^^^^^^^^
REPORT 2022-05-06T14:41:52: Incubus :ec9d2280-ca9a-4d90-8a20-963d8a4c0a39.0 took Damage from DFA - Melee
REPORT 2022-05-06T14:41:52: Damage to Incubus/Incubus/ec9d2280-ca9a-4d90-8a20-963d8a4c0a39.0
REPORT 2022-05-06T14:41:52: Damage by Dervish/Dervish/6cd3107e-0f9d-4809-ab8c-fb30faf4cd80.0
REPORT 2022-05-06T14:41:52: Damage >>> D: 10.000 DS: 0.000 H: 0
REPORT 2022-05-06T14:41:57: 
^^^^^^^^^^^^^^^^^^^^^^^^^^^^^^^^^^^^^^^^^^^^^^
REPORT 2022-05-06T14:41:57: Incubus :ec9d2280-ca9a-4d90-8a20-963d8a4c0a39.0 took Damage from Melee - KnockdownSelf
REPORT 2022-05-06T14:41:57: Damage to Incubus/Incubus/ec9d2280-ca9a-4d90-8a20-963d8a4c0a39.0
REPORT 2022-05-06T14:41:57: Damage by Dervish/Dervish/6cd3107e-0f9d-4809-ab8c-fb30faf4cd80.0
REPORT 2022-05-06T14:41:57: Damage >>> D: 15.000 DS: 0.000 H: 0
REPORT 2022-05-06T14:41:58: Processing Dervish:6cd3107e-0f9d-4809-ab8c-fb30faf4cd80.0
REPORT 2022-05-06T14:41:58: completed Turn Activation for Dervish - Dervish - 6cd3107e-0f9d-4809-ab8c-fb30faf4cd80.0 -victims [2]
REPORT 2022-05-06T14:41:58: 
══════════════════════════════════════════════
REPORT 2022-05-06T14:41:58: Damage to Dervish/Dervish/6cd3107e-0f9d-4809-ab8c-fb30faf4cd80.0
REPORT 2022-05-06T14:41:58: Damage by Dervish/Dervish/6cd3107e-0f9d-4809-ab8c-fb30faf4cd80.0
REPORT 2022-05-06T14:41:58: Damage >>> A: 44.000/434.000 S: 1.000/350.000 (5.74%) H: 0
REPORT 2022-05-06T14:41:58: Not enough damage
REPORT 2022-05-06T14:41:58: 
══════════════════════════════════════════════
REPORT 2022-05-06T14:41:58: Damage to Incubus/Incubus/ec9d2280-ca9a-4d90-8a20-963d8a4c0a39.0
REPORT 2022-05-06T14:41:58: Damage by Dervish/Dervish/6cd3107e-0f9d-4809-ab8c-fb30faf4cd80.0
REPORT 2022-05-06T14:41:58: Damage >>> A: 111.720/390.000 S: 0.000/206.000 (18.74%) H: 0
REPORT 2022-05-06T14:41:58: Total damage requires a panic save
REPORT 2022-05-06T14:41:58: ----------------------------------------------
REPORT 2022-05-06T14:41:58: Factors              |     Change |      Total
REPORT 2022-05-06T14:41:58: ----------------------------------------------
REPORT 2022-05-06T14:41:58: ActorHealth Incubus - Incubus - ec9d2280-ca9a-4d90-8a20-963d8a4c0a39.0 -81.255%
REPORT 2022-05-06T14:41:58: Unit health 81.26%   |            |
REPORT 2022-05-06T14:41:58: Pilot injuries       |     12.500 |     12.500
REPORT 2022-05-06T14:41:58: Unsteady             |          5 |     17.500
REPORT 2022-05-06T14:41:58: Head                 | A: 22.222% | S:100.000%
REPORT 2022-05-06T14:41:58: Head                 |      9.722 |     27.222
REPORT 2022-05-06T14:41:58: CenterTorso          | A:100.000% | S:100.000%
REPORT 2022-05-06T14:41:58:                      | [100.000%] | 
REPORT 2022-05-06T14:41:58: LeftTorso            | A: 50.000% | S:100.000%
REPORT 2022-05-06T14:41:58:                      | [100.000%] | 
REPORT 2022-05-06T14:41:58: LT                   |      4.167 |     31.389
REPORT 2022-05-06T14:41:58: RightTorso           | A: 70.000% | S:100.000%
REPORT 2022-05-06T14:41:58:                      | [100.000%] | 
REPORT 2022-05-06T14:41:58: RT                   |      2.500 |     33.889
REPORT 2022-05-06T14:41:58: LeftLeg              | A: 33.236% | S:100.000%
REPORT 2022-05-06T14:41:58: LL                   |      5.007 |     38.896
REPORT 2022-05-06T14:41:58: RightLeg             | A:100.000% | S:100.000%
REPORT 2022-05-06T14:41:58: Alone 0/1            |      0.000 |     38.896
REPORT 2022-05-06T14:41:58: Resolve 0            |     10.000 |     48.896
REPORT 2022-05-06T14:41:58: Guts and Tactics     |        -15 |     33.896
REPORT 2022-05-06T14:41:58: Fetched final multiplier from actor: 1
REPORT 2022-05-06T14:41:58: Panic multiplier     |          1 |     33.896
REPORT 2022-05-06T14:41:58: ----------------------------------------------
REPORT 2022-05-06T14:41:58: Saving throw         | 34      53 |       Roll
REPORT 2022-05-06T14:41:58: ----------------------------------------------
REPORT 2022-05-06T14:41:58: Successful panic save
REPORT 2022-05-06T14:41:58: ActorHealth Dervish - Dervish - 6cd3107e-0f9d-4809-ab8c-fb30faf4cd80.0 -85.335%
REPORT 2022-05-06T14:41:58: Checking pilot panic for Dervish:6cd3107e-0f9d-4809-ab8c-fb30faf4cd80.0 recent panicTrue Unsettled Health:85.335% v/s 40 Alone:True
REPORT 2022-05-06T14:42:12: new Turn Activation for Commando - Commando - 5df48a48-1840-49b0-84e9-126847053afa.0
REPORT 2022-05-06T14:42:13: attack was completed for Commando - Commando - 5df48a48-1840-49b0-84e9-126847053afa.0 (ActorMovementSequence:CompleteOrders) -victims [0]
REPORT 2022-05-06T14:42:22: new Turn Re-Activation for Commando
REPORT 2022-05-06T14:42:22: 
^^^^^^^^^^^^^^^^^^^^^^^^^^^^^^^^^^^^^^^^^^^^^^
REPORT 2022-05-06T14:42:22: Dervish :6cd3107e-0f9d-4809-ab8c-fb30faf4cd80.0 took Damage from ER TAG (C) - Weapon
REPORT 2022-05-06T14:42:22: Damage to Dervish/Dervish/6cd3107e-0f9d-4809-ab8c-fb30faf4cd80.0
REPORT 2022-05-06T14:42:22: Damage by Commando/Commando/5df48a48-1840-49b0-84e9-126847053afa.0
REPORT 2022-05-06T14:42:22: Damage >>> D: 1.000 DS: 0.000 H: 0
REPORT 2022-05-06T14:42:22: Dervish|Dervish|6cd3107e-0f9d-4809-ab8c-fb30faf4cd80.0 added to victims. [1]
REPORT 2022-05-06T14:42:22: 
^^^^^^^^^^^^^^^^^^^^^^^^^^^^^^^^^^^^^^^^^^^^^^
REPORT 2022-05-06T14:42:22: Dervish :6cd3107e-0f9d-4809-ab8c-fb30faf4cd80.0 took Damage from ER L Laser - Weapon
REPORT 2022-05-06T14:42:22: Damage to Dervish/Dervish/6cd3107e-0f9d-4809-ab8c-fb30faf4cd80.0
REPORT 2022-05-06T14:42:22: Damage by Commando/Commando/5df48a48-1840-49b0-84e9-126847053afa.0
REPORT 2022-05-06T14:42:22: Damage >>> D: 45.000 DS: 0.000 H: 0
REPORT 2022-05-06T14:42:23: 
^^^^^^^^^^^^^^^^^^^^^^^^^^^^^^^^^^^^^^^^^^^^^^
REPORT 2022-05-06T14:42:23: Dervish :6cd3107e-0f9d-4809-ab8c-fb30faf4cd80.0 took Damage from S X-Pulse - Weapon
REPORT 2022-05-06T14:42:23: Damage to Dervish/Dervish/6cd3107e-0f9d-4809-ab8c-fb30faf4cd80.0
REPORT 2022-05-06T14:42:23: Damage by Commando/Commando/5df48a48-1840-49b0-84e9-126847053afa.0
REPORT 2022-05-06T14:42:23: Damage >>> D: 8.000 DS: 0.000 H: 0
REPORT 2022-05-06T14:42:23: 
^^^^^^^^^^^^^^^^^^^^^^^^^^^^^^^^^^^^^^^^^^^^^^
REPORT 2022-05-06T14:42:23: Dervish :6cd3107e-0f9d-4809-ab8c-fb30faf4cd80.0 took Damage from S X-Pulse - Weapon
REPORT 2022-05-06T14:42:23: Damage to Dervish/Dervish/6cd3107e-0f9d-4809-ab8c-fb30faf4cd80.0
REPORT 2022-05-06T14:42:23: Damage by Commando/Commando/5df48a48-1840-49b0-84e9-126847053afa.0
REPORT 2022-05-06T14:42:23: Damage >>> D: 8.000 DS: 0.000 H: 0
REPORT 2022-05-06T14:42:23: 
^^^^^^^^^^^^^^^^^^^^^^^^^^^^^^^^^^^^^^^^^^^^^^
REPORT 2022-05-06T14:42:23: Dervish :6cd3107e-0f9d-4809-ab8c-fb30faf4cd80.0 took Damage from S X-Pulse - Weapon
REPORT 2022-05-06T14:42:23: Damage to Dervish/Dervish/6cd3107e-0f9d-4809-ab8c-fb30faf4cd80.0
REPORT 2022-05-06T14:42:23: Damage by Commando/Commando/5df48a48-1840-49b0-84e9-126847053afa.0
REPORT 2022-05-06T14:42:23: Damage >>> D: 8.000 DS: 0.000 H: 0
REPORT 2022-05-06T14:42:23: 
^^^^^^^^^^^^^^^^^^^^^^^^^^^^^^^^^^^^^^^^^^^^^^
REPORT 2022-05-06T14:42:23: Dervish :6cd3107e-0f9d-4809-ab8c-fb30faf4cd80.0 took Damage from SRM6 (C)R - Weapon
REPORT 2022-05-06T14:42:23: Damage to Dervish/Dervish/6cd3107e-0f9d-4809-ab8c-fb30faf4cd80.0
REPORT 2022-05-06T14:42:23: Damage by Commando/Commando/5df48a48-1840-49b0-84e9-126847053afa.0
REPORT 2022-05-06T14:42:23: Damage >>> D: 5.000 DS: 4.000 H: 0
REPORT 2022-05-06T14:42:23: 
^^^^^^^^^^^^^^^^^^^^^^^^^^^^^^^^^^^^^^^^^^^^^^
REPORT 2022-05-06T14:42:23: Dervish :6cd3107e-0f9d-4809-ab8c-fb30faf4cd80.0 took Damage from SRM6 (C)R - Weapon
REPORT 2022-05-06T14:42:23: Damage to Dervish/Dervish/6cd3107e-0f9d-4809-ab8c-fb30faf4cd80.0
REPORT 2022-05-06T14:42:23: Damage by Commando/Commando/5df48a48-1840-49b0-84e9-126847053afa.0
REPORT 2022-05-06T14:42:23: Damage >>> D: 5.000 DS: 4.000 H: 0
REPORT 2022-05-06T14:42:23: 
^^^^^^^^^^^^^^^^^^^^^^^^^^^^^^^^^^^^^^^^^^^^^^
REPORT 2022-05-06T14:42:23: Dervish :6cd3107e-0f9d-4809-ab8c-fb30faf4cd80.0 took Damage from SRM6 (C)R - Weapon
REPORT 2022-05-06T14:42:23: Damage to Dervish/Dervish/6cd3107e-0f9d-4809-ab8c-fb30faf4cd80.0
REPORT 2022-05-06T14:42:23: Damage by Commando/Commando/5df48a48-1840-49b0-84e9-126847053afa.0
REPORT 2022-05-06T14:42:23: Damage >>> D: 5.000 DS: 4.000 H: 0
REPORT 2022-05-06T14:42:23: 
^^^^^^^^^^^^^^^^^^^^^^^^^^^^^^^^^^^^^^^^^^^^^^
REPORT 2022-05-06T14:42:23: Dervish :6cd3107e-0f9d-4809-ab8c-fb30faf4cd80.0 took Damage from SRM6 (C)R - Weapon
REPORT 2022-05-06T14:42:23: Damage to Dervish/Dervish/6cd3107e-0f9d-4809-ab8c-fb30faf4cd80.0
REPORT 2022-05-06T14:42:23: Damage by Commando/Commando/5df48a48-1840-49b0-84e9-126847053afa.0
REPORT 2022-05-06T14:42:23: Damage >>> D: 5.000 DS: 4.000 H: 0
REPORT 2022-05-06T14:42:23: 
^^^^^^^^^^^^^^^^^^^^^^^^^^^^^^^^^^^^^^^^^^^^^^
REPORT 2022-05-06T14:42:23: Dervish :6cd3107e-0f9d-4809-ab8c-fb30faf4cd80.0 took Damage from SRM6 (C)R - Weapon
REPORT 2022-05-06T14:42:23: Damage to Dervish/Dervish/6cd3107e-0f9d-4809-ab8c-fb30faf4cd80.0
REPORT 2022-05-06T14:42:23: Damage by Commando/Commando/5df48a48-1840-49b0-84e9-126847053afa.0
REPORT 2022-05-06T14:42:23: Damage >>> D: 5.000 DS: 4.000 H: 0
REPORT 2022-05-06T14:42:23: 
^^^^^^^^^^^^^^^^^^^^^^^^^^^^^^^^^^^^^^^^^^^^^^
REPORT 2022-05-06T14:42:23: Dervish :6cd3107e-0f9d-4809-ab8c-fb30faf4cd80.0 took Damage from SRM6 (C)R - Weapon
REPORT 2022-05-06T14:42:23: Damage to Dervish/Dervish/6cd3107e-0f9d-4809-ab8c-fb30faf4cd80.0
REPORT 2022-05-06T14:42:23: Damage by Commando/Commando/5df48a48-1840-49b0-84e9-126847053afa.0
REPORT 2022-05-06T14:42:23: Damage >>> D: 5.000 DS: 4.000 H: 0
REPORT 2022-05-06T14:42:26: attack was completed for Commando - Commando - 5df48a48-1840-49b0-84e9-126847053afa.0 (AttackDirector:OnAttackComplete) -victims [1]
REPORT 2022-05-06T14:42:26: 
══════════════════════════════════════════════
REPORT 2022-05-06T14:42:26: Damage to Dervish/Dervish/6cd3107e-0f9d-4809-ab8c-fb30faf4cd80.0
REPORT 2022-05-06T14:42:26: Damage by Commando/Commando/5df48a48-1840-49b0-84e9-126847053afa.0
REPORT 2022-05-06T14:42:26: Damage >>> A: 85.000/434.000 S: 76.000/350.000 (20.54%) H: 0
REPORT 2022-05-06T14:42:26: Structure damage requires panic save
REPORT 2022-05-06T14:42:26: ----------------------------------------------
REPORT 2022-05-06T14:42:26: Factors              |     Change |      Total
REPORT 2022-05-06T14:42:26: ----------------------------------------------
REPORT 2022-05-06T14:42:26: ActorHealth Dervish - Dervish - 6cd3107e-0f9d-4809-ab8c-fb30faf4cd80.0 -71.940%
REPORT 2022-05-06T14:42:26: Unit health 71.94%   |            |
REPORT 2022-05-06T14:42:26: Head                 | A:100.000% | S:100.000%
REPORT 2022-05-06T14:42:26: CenterTorso          | A:100.000% | S: 94.444%
REPORT 2022-05-06T14:42:26:                      | [  0.000%] | 
REPORT 2022-05-06T14:42:26: CT                   |     37.037 |     37.037
REPORT 2022-05-06T14:42:26: LeftTorso            | A: 86.667% | S: 69.231%
REPORT 2022-05-06T14:42:26:                      | [ 25.000%] | 
REPORT 2022-05-06T14:42:26: LT                   |     11.378 |     48.415
REPORT 2022-05-06T14:42:26: RightTorso           | A:100.000% | S: 93.846%
REPORT 2022-05-06T14:42:26:                      | [ 70.000%] | 
REPORT 2022-05-06T14:42:26: RT                   |      3.526 |     51.941
REPORT 2022-05-06T14:42:26: LeftLeg              | A:  0.000% | S:  3.077%
REPORT 2022-05-06T14:42:26: LL                   |     14.769 |     66.710
REPORT 2022-05-06T14:42:26: RightLeg             | A: 66.667% | S:100.000%
REPORT 2022-05-06T14:42:26: RL                   |      2.500 |     69.210
REPORT 2022-05-06T14:42:26: Alone                |          5 |     74.210
REPORT 2022-05-06T14:42:26: Resolve 0            |     10.000 |     84.210
REPORT 2022-05-06T14:42:26: Guts and Tactics     |         -9 |     75.210
REPORT 2022-05-06T14:42:26: Fetched final multiplier from actor: 1
REPORT 2022-05-06T14:42:26: Panic multiplier     |          1 |     75.210
REPORT 2022-05-06T14:42:26: ----------------------------------------------
REPORT 2022-05-06T14:42:26: Saving throw         | 75      84 |       Roll
REPORT 2022-05-06T14:42:26: ----------------------------------------------
REPORT 2022-05-06T14:42:26: Successful panic save
REPORT 2022-05-06T14:42:27: Processing Commando:5df48a48-1840-49b0-84e9-126847053afa.0
REPORT 2022-05-06T14:42:27: completed Turn Activation for Commando - Commando - 5df48a48-1840-49b0-84e9-126847053afa.0 -victims [0]
REPORT 2022-05-06T14:42:27: ActorHealth Commando - Commando - 5df48a48-1840-49b0-84e9-126847053afa.0 -103.630%
REPORT 2022-05-06T14:42:27: Checking pilot panic for Commando:5df48a48-1840-49b0-84e9-126847053afa.0 recent panicFalse Confident Health:103.630% v/s 30 Alone:False
REPORT 2022-05-06T14:42:29: new Turn Activation for Dervish - Dervish - 6cd3107e-0f9d-4809-ab8c-fb30faf4cd80.0
REPORT 2022-05-06T14:42:30: new Turn Re-Activation for Dervish
REPORT 2022-05-06T14:42:31: 
^^^^^^^^^^^^^^^^^^^^^^^^^^^^^^^^^^^^^^^^^^^^^^
REPORT 2022-05-06T14:42:31: Incubus :ec9d2280-ca9a-4d90-8a20-963d8a4c0a39.0 took Damage from M Laser - Weapon
REPORT 2022-05-06T14:42:31: Damage to Incubus/Incubus/ec9d2280-ca9a-4d90-8a20-963d8a4c0a39.0
REPORT 2022-05-06T14:42:31: Damage by Dervish/Dervish/6cd3107e-0f9d-4809-ab8c-fb30faf4cd80.0
REPORT 2022-05-06T14:42:31: Damage >>> D: 12.240 DS: 0.000 H: 0
REPORT 2022-05-06T14:42:31: Incubus|Incubus|ec9d2280-ca9a-4d90-8a20-963d8a4c0a39.0 added to victims. [1]
REPORT 2022-05-06T14:42:34: attack was completed for Dervish - Dervish - 6cd3107e-0f9d-4809-ab8c-fb30faf4cd80.0 (AttackDirector:OnAttackComplete) -victims [1]
REPORT 2022-05-06T14:42:34: 
══════════════════════════════════════════════
REPORT 2022-05-06T14:42:34: Damage to Incubus/Incubus/ec9d2280-ca9a-4d90-8a20-963d8a4c0a39.0
REPORT 2022-05-06T14:42:34: Damage by Dervish/Dervish/6cd3107e-0f9d-4809-ab8c-fb30faf4cd80.0
REPORT 2022-05-06T14:42:34: Damage >>> A: 83.960/390.000 S: 0.000/206.000 (14.09%) H: 0
REPORT 2022-05-06T14:42:34: Not enough damage
REPORT 2022-05-06T14:42:35: Processing Dervish:6cd3107e-0f9d-4809-ab8c-fb30faf4cd80.0
REPORT 2022-05-06T14:42:35: completed Turn Activation for Dervish - Dervish - 6cd3107e-0f9d-4809-ab8c-fb30faf4cd80.0 -victims [0]
REPORT 2022-05-06T14:42:35: ActorHealth Dervish - Dervish - 6cd3107e-0f9d-4809-ab8c-fb30faf4cd80.0 -71.940%
REPORT 2022-05-06T14:42:35: Checking pilot panic for Dervish:6cd3107e-0f9d-4809-ab8c-fb30faf4cd80.0 recent panicFalse Unsettled Health:71.940% v/s 40 Alone:True
REPORT 2022-05-06T14:42:35: ActorHealth Dervish - Dervish - 6cd3107e-0f9d-4809-ab8c-fb30faf4cd80.0 -71.940%
REPORT 2022-05-06T14:42:38: new Turn Activation for Incubus - Incubus - ec9d2280-ca9a-4d90-8a20-963d8a4c0a39.0
REPORT 2022-05-06T14:42:47: new Turn Re-Activation for Incubus
REPORT 2022-05-06T14:42:48: attack was completed for Incubus - Incubus - ec9d2280-ca9a-4d90-8a20-963d8a4c0a39.0 (ActorMovementSequence:CompleteOrders) -victims [0]
REPORT 2022-05-06T14:42:51: new Turn Re-Activation for Incubus
REPORT 2022-05-06T14:42:51: 
^^^^^^^^^^^^^^^^^^^^^^^^^^^^^^^^^^^^^^^^^^^^^^
REPORT 2022-05-06T14:42:51: Dervish :6cd3107e-0f9d-4809-ab8c-fb30faf4cd80.0 took Damage from Pierce M Pulse - Weapon
REPORT 2022-05-06T14:42:51: Damage to Dervish/Dervish/6cd3107e-0f9d-4809-ab8c-fb30faf4cd80.0
REPORT 2022-05-06T14:42:51: Damage by Incubus/Incubus/ec9d2280-ca9a-4d90-8a20-963d8a4c0a39.0
REPORT 2022-05-06T14:42:51: Damage >>> D: 19.800 DS: 8.100 H: 0
REPORT 2022-05-06T14:42:51: Dervish|Dervish|6cd3107e-0f9d-4809-ab8c-fb30faf4cd80.0 added to victims. [1]
REPORT 2022-05-06T14:42:51: 
^^^^^^^^^^^^^^^^^^^^^^^^^^^^^^^^^^^^^^^^^^^^^^
REPORT 2022-05-06T14:42:51: Dervish :6cd3107e-0f9d-4809-ab8c-fb30faf4cd80.0 took Damage from Pierce M Pulse - Weapon
REPORT 2022-05-06T14:42:51: Damage to Dervish/Dervish/6cd3107e-0f9d-4809-ab8c-fb30faf4cd80.0
REPORT 2022-05-06T14:42:51: Damage by Incubus/Incubus/ec9d2280-ca9a-4d90-8a20-963d8a4c0a39.0
REPORT 2022-05-06T14:42:51: Damage >>> D: 19.800 DS: 8.100 H: 0
REPORT 2022-05-06T14:42:51: 
^^^^^^^^^^^^^^^^^^^^^^^^^^^^^^^^^^^^^^^^^^^^^^
REPORT 2022-05-06T14:42:51: Dervish :6cd3107e-0f9d-4809-ab8c-fb30faf4cd80.0 took Damage from Pierce M Pulse - Weapon
REPORT 2022-05-06T14:42:51: Damage to Dervish/Dervish/6cd3107e-0f9d-4809-ab8c-fb30faf4cd80.0
REPORT 2022-05-06T14:42:51: Damage by Incubus/Incubus/ec9d2280-ca9a-4d90-8a20-963d8a4c0a39.0
REPORT 2022-05-06T14:42:51: Damage >>> D: 19.800 DS: 8.100 H: 0
REPORT 2022-05-06T14:42:51: 
^^^^^^^^^^^^^^^^^^^^^^^^^^^^^^^^^^^^^^^^^^^^^^
REPORT 2022-05-06T14:42:51: Dervish :6cd3107e-0f9d-4809-ab8c-fb30faf4cd80.0 took Damage from Pierce M Pulse - Weapon
REPORT 2022-05-06T14:42:51: Damage to Dervish/Dervish/6cd3107e-0f9d-4809-ab8c-fb30faf4cd80.0
REPORT 2022-05-06T14:42:51: Damage by Incubus/Incubus/ec9d2280-ca9a-4d90-8a20-963d8a4c0a39.0
REPORT 2022-05-06T14:42:51: Damage >>> D: 19.800 DS: 8.100 H: 0
REPORT 2022-05-06T14:42:51: 
^^^^^^^^^^^^^^^^^^^^^^^^^^^^^^^^^^^^^^^^^^^^^^
REPORT 2022-05-06T14:42:51: Dervish :6cd3107e-0f9d-4809-ab8c-fb30faf4cd80.0 took Damage from Streak SRM4 (C)R - Weapon
REPORT 2022-05-06T14:42:51: Damage to Dervish/Dervish/6cd3107e-0f9d-4809-ab8c-fb30faf4cd80.0
REPORT 2022-05-06T14:42:51: Damage by Incubus/Incubus/ec9d2280-ca9a-4d90-8a20-963d8a4c0a39.0
REPORT 2022-05-06T14:42:51: Damage >>> D: 9.000 DS: 0.000 H: 0
REPORT 2022-05-06T14:42:51: 
^^^^^^^^^^^^^^^^^^^^^^^^^^^^^^^^^^^^^^^^^^^^^^
REPORT 2022-05-06T14:42:51: Dervish :6cd3107e-0f9d-4809-ab8c-fb30faf4cd80.0 took Damage from Streak SRM4 (C)R - Weapon
REPORT 2022-05-06T14:42:51: Damage to Dervish/Dervish/6cd3107e-0f9d-4809-ab8c-fb30faf4cd80.0
REPORT 2022-05-06T14:42:51: Damage by Incubus/Incubus/ec9d2280-ca9a-4d90-8a20-963d8a4c0a39.0
REPORT 2022-05-06T14:42:51: Damage >>> D: 9.000 DS: 0.000 H: 0
REPORT 2022-05-06T14:42:51: 
^^^^^^^^^^^^^^^^^^^^^^^^^^^^^^^^^^^^^^^^^^^^^^
REPORT 2022-05-06T14:42:51: Dervish :6cd3107e-0f9d-4809-ab8c-fb30faf4cd80.0 took Damage from Streak SRM4 (C)R - Weapon
REPORT 2022-05-06T14:42:51: Damage to Dervish/Dervish/6cd3107e-0f9d-4809-ab8c-fb30faf4cd80.0
REPORT 2022-05-06T14:42:51: Damage by Incubus/Incubus/ec9d2280-ca9a-4d90-8a20-963d8a4c0a39.0
REPORT 2022-05-06T14:42:51: Damage >>> D: 9.000 DS: 0.000 H: 0
REPORT 2022-05-06T14:42:51: 
^^^^^^^^^^^^^^^^^^^^^^^^^^^^^^^^^^^^^^^^^^^^^^
REPORT 2022-05-06T14:42:51: Dervish :6cd3107e-0f9d-4809-ab8c-fb30faf4cd80.0 took Damage from Streak SRM4 (C)R - Weapon
REPORT 2022-05-06T14:42:51: Damage to Dervish/Dervish/6cd3107e-0f9d-4809-ab8c-fb30faf4cd80.0
REPORT 2022-05-06T14:42:51: Damage by Incubus/Incubus/ec9d2280-ca9a-4d90-8a20-963d8a4c0a39.0
REPORT 2022-05-06T14:42:51: Damage >>> D: 9.000 DS: 0.000 H: 0
REPORT 2022-05-06T14:42:53: attack was completed for Incubus - Incubus - ec9d2280-ca9a-4d90-8a20-963d8a4c0a39.0 (AttackDirector:OnAttackComplete) -victims [1]
REPORT 2022-05-06T14:42:53: 
══════════════════════════════════════════════
REPORT 2022-05-06T14:42:53: Damage to Dervish/Dervish/6cd3107e-0f9d-4809-ab8c-fb30faf4cd80.0
REPORT 2022-05-06T14:42:53: Damage by Incubus/Incubus/ec9d2280-ca9a-4d90-8a20-963d8a4c0a39.0
REPORT 2022-05-06T14:42:53: Damage >>> A: 190.600/434.000 S: 123.000/350.000 (40.00%) H: 0
REPORT 2022-05-06T14:42:53: Structure damage requires panic save
REPORT 2022-05-06T14:42:53: ----------------------------------------------
REPORT 2022-05-06T14:42:53: Factors              |     Change |      Total
REPORT 2022-05-06T14:42:53: ----------------------------------------------
REPORT 2022-05-06T14:42:53: ActorHealth Dervish - Dervish - 6cd3107e-0f9d-4809-ab8c-fb30faf4cd80.0 -54.319%
REPORT 2022-05-06T14:42:53: Unit health 54.32%   |            |
REPORT 2022-05-06T14:42:53: Bleeding Rate        |     40.000 |     40.000
REPORT 2022-05-06T14:42:53: Pilot injuries       |     16.667 |     56.667
REPORT 2022-05-06T14:42:53: Knockdown            |          5 |     61.667
REPORT 2022-05-06T14:42:53: Head                 | A:100.000% | S:100.000%
REPORT 2022-05-06T14:42:53: CenterTorso          | A: 64.400% | S: 94.444%
REPORT 2022-05-06T14:42:53:                      | [  0.000%] | 
REPORT 2022-05-06T14:42:53: CT                   |     47.052 |    108.719
REPORT 2022-05-06T14:42:53: LeftTorso            | A:  0.000% | S:  0.000%
REPORT 2022-05-06T14:42:53:                      | [  0.000%] | 
REPORT 2022-05-06T14:42:53: LT                   |     25.000 |    133.719
REPORT 2022-05-06T14:42:53: RightTorso           | A:100.000% | S: 93.846%
REPORT 2022-05-06T14:42:53:                      | [ 70.000%] | 
REPORT 2022-05-06T14:42:53: RT                   |      3.526 |    137.244
REPORT 2022-05-06T14:42:53: LeftLeg              | A:  0.000% | S:  0.000%
REPORT 2022-05-06T14:42:53: LL                   |     15.000 |    152.244
REPORT 2022-05-06T14:42:53: RightLeg             | A: 66.667% | S:100.000%
REPORT 2022-05-06T14:42:53: RL                   |      2.500 |    154.744
REPORT 2022-05-06T14:42:53: Alone                |          5 |    159.744
REPORT 2022-05-06T14:42:53: Resolve 0            |     10.000 |    169.744
REPORT 2022-05-06T14:42:53: Guts and Tactics     |         -9 |    160.744
REPORT 2022-05-06T14:42:53: Fetched final multiplier from actor: 1
REPORT 2022-05-06T14:42:53: Panic multiplier     |          1 |    160.744
REPORT 2022-05-06T14:42:53: ----------------------------------------------
REPORT 2022-05-06T14:42:53: Saving throw         | 161     97 |       Roll
REPORT 2022-05-06T14:42:53: ----------------------------------------------
REPORT 2022-05-06T14:42:53: Failed panic save
REPORT 2022-05-06T14:42:53: Dervish STRESSED
REPORT 2022-05-06T14:42:53: ActorHealth Dervish - Dervish - 6cd3107e-0f9d-4809-ab8c-fb30faf4cd80.0 -54.319%
REPORT 2022-05-06T14:42:53: Damage Levels reset for Dervish - Dervish - 6cd3107e-0f9d-4809-ab8c-fb30faf4cd80.0 -H:0 A:243.4 S:227
REPORT 2022-05-06T14:42:57: 
^^^^^^^^^^^^^^^^^^^^^^^^^^^^^^^^^^^^^^^^^^^^^^
REPORT 2022-05-06T14:42:57: Dervish :6cd3107e-0f9d-4809-ab8c-fb30faf4cd80.0 took Damage from Melee - KnockdownSelf
REPORT 2022-05-06T14:42:57: Damage to Dervish/Dervish/6cd3107e-0f9d-4809-ab8c-fb30faf4cd80.0
REPORT 2022-05-06T14:42:57: Damage by Incubus/Incubus/ec9d2280-ca9a-4d90-8a20-963d8a4c0a39.0
REPORT 2022-05-06T14:42:57: Damage >>> D: 25.000 DS: 0.000 H: 0
REPORT 2022-05-06T14:42:57: Dervish|Dervish|6cd3107e-0f9d-4809-ab8c-fb30faf4cd80.0 added to victims. [1]
REPORT 2022-05-06T14:42:57: 
^^^^^^^^^^^^^^^^^^^^^^^^^^^^^^^^^^^^^^^^^^^^^^
REPORT 2022-05-06T14:42:57: Dervish :6cd3107e-0f9d-4809-ab8c-fb30faf4cd80.0 took Damage from Melee - KnockdownSelf
REPORT 2022-05-06T14:42:57: Damage to Dervish/Dervish/6cd3107e-0f9d-4809-ab8c-fb30faf4cd80.0
REPORT 2022-05-06T14:42:57: Damage by Incubus/Incubus/ec9d2280-ca9a-4d90-8a20-963d8a4c0a39.0
REPORT 2022-05-06T14:42:57: Damage >>> D: 5.000 DS: 0.000 H: 0
REPORT 2022-05-06T14:42:57: Processing Incubus:ec9d2280-ca9a-4d90-8a20-963d8a4c0a39.0
REPORT 2022-05-06T14:42:57: completed Turn Activation for Incubus - Incubus - ec9d2280-ca9a-4d90-8a20-963d8a4c0a39.0 -victims [1]
REPORT 2022-05-06T14:42:57: 
══════════════════════════════════════════════
REPORT 2022-05-06T14:42:57: Damage to Dervish/Dervish/6cd3107e-0f9d-4809-ab8c-fb30faf4cd80.0
REPORT 2022-05-06T14:42:57: Damage by Incubus/Incubus/ec9d2280-ca9a-4d90-8a20-963d8a4c0a39.0
REPORT 2022-05-06T14:42:57: Damage >>> A: 30.000/243.400 S: 0.000/227.000 (6.38%) H: 0
REPORT 2022-05-06T14:42:57: Not enough damage
REPORT 2022-05-06T14:42:57: ActorHealth Incubus - Incubus - ec9d2280-ca9a-4d90-8a20-963d8a4c0a39.0 -85.913%
REPORT 2022-05-06T14:42:57: Checking pilot panic for Incubus:ec9d2280-ca9a-4d90-8a20-963d8a4c0a39.0 recent panicFalse Confident Health:85.913% v/s 30 Alone:False
REPORT 2022-05-06T14:43:13: new Turn Activation for Incubus - Incubus - ec9d2280-ca9a-4d90-8a20-963d8a4c0a39.0
REPORT 2022-05-06T14:43:13: new Turn Re-Activation for Incubus
REPORT 2022-05-06T14:43:13: new Turn Re-Activation for Incubus
REPORT 2022-05-06T14:43:14: attack was completed for Incubus - Incubus - ec9d2280-ca9a-4d90-8a20-963d8a4c0a39.0 (ActorMovementSequence:CompleteOrders) -victims [0]
REPORT 2022-05-06T14:43:15: 
^^^^^^^^^^^^^^^^^^^^^^^^^^^^^^^^^^^^^^^^^^^^^^
REPORT 2022-05-06T14:43:15: Dervish :6cd3107e-0f9d-4809-ab8c-fb30faf4cd80.0 took Damage from Melee - Weapon
REPORT 2022-05-06T14:43:15: Damage to Dervish/Dervish/6cd3107e-0f9d-4809-ab8c-fb30faf4cd80.0
REPORT 2022-05-06T14:43:15: Damage by Incubus/Incubus/ec9d2280-ca9a-4d90-8a20-963d8a4c0a39.0
REPORT 2022-05-06T14:43:15: Damage >>> D: 27.000 DS: 0.000 H: 0
REPORT 2022-05-06T14:43:15: Dervish|Dervish|6cd3107e-0f9d-4809-ab8c-fb30faf4cd80.0 added to victims. [1]
REPORT 2022-05-06T14:43:16: attack was completed for Incubus - Incubus - ec9d2280-ca9a-4d90-8a20-963d8a4c0a39.0 (AttackDirector:OnAttackComplete) -victims [1]
REPORT 2022-05-06T14:43:16: 
══════════════════════════════════════════════
REPORT 2022-05-06T14:43:16: Damage to Dervish/Dervish/6cd3107e-0f9d-4809-ab8c-fb30faf4cd80.0
REPORT 2022-05-06T14:43:16: Damage by Incubus/Incubus/ec9d2280-ca9a-4d90-8a20-963d8a4c0a39.0
REPORT 2022-05-06T14:43:16: Damage >>> A: 57.000/243.400 S: 0.000/227.000 (12.12%) H: 0
REPORT 2022-05-06T14:43:16: Not enough damage
REPORT 2022-05-06T14:43:19: new Turn Re-Activation for Incubus
REPORT 2022-05-06T14:43:19: 
^^^^^^^^^^^^^^^^^^^^^^^^^^^^^^^^^^^^^^^^^^^^^^
REPORT 2022-05-06T14:43:19: Dervish :6cd3107e-0f9d-4809-ab8c-fb30faf4cd80.0 took Damage from Pierce M Pulse - Weapon
REPORT 2022-05-06T14:43:19: Damage to Dervish/Dervish/6cd3107e-0f9d-4809-ab8c-fb30faf4cd80.0
REPORT 2022-05-06T14:43:19: Damage by Incubus/Incubus/ec9d2280-ca9a-4d90-8a20-963d8a4c0a39.0
REPORT 2022-05-06T14:43:19: Damage >>> D: 19.800 DS: 8.100 H: 0
REPORT 2022-05-06T14:43:19: Dervish|Dervish|6cd3107e-0f9d-4809-ab8c-fb30faf4cd80.0 added to victims. [1]
REPORT 2022-05-06T14:43:19: 
^^^^^^^^^^^^^^^^^^^^^^^^^^^^^^^^^^^^^^^^^^^^^^
REPORT 2022-05-06T14:43:19: Dervish :6cd3107e-0f9d-4809-ab8c-fb30faf4cd80.0 took Damage from Pierce M Pulse - Weapon
REPORT 2022-05-06T14:43:19: Damage to Dervish/Dervish/6cd3107e-0f9d-4809-ab8c-fb30faf4cd80.0
REPORT 2022-05-06T14:43:19: Damage by Incubus/Incubus/ec9d2280-ca9a-4d90-8a20-963d8a4c0a39.0
REPORT 2022-05-06T14:43:19: Damage >>> D: 19.800 DS: 8.100 H: 0
REPORT 2022-05-06T14:43:19: 
^^^^^^^^^^^^^^^^^^^^^^^^^^^^^^^^^^^^^^^^^^^^^^
REPORT 2022-05-06T14:43:19: Dervish :6cd3107e-0f9d-4809-ab8c-fb30faf4cd80.0 took Damage from Pierce M Pulse - Weapon
REPORT 2022-05-06T14:43:19: Damage to Dervish/Dervish/6cd3107e-0f9d-4809-ab8c-fb30faf4cd80.0
REPORT 2022-05-06T14:43:19: Damage by Incubus/Incubus/ec9d2280-ca9a-4d90-8a20-963d8a4c0a39.0
REPORT 2022-05-06T14:43:19: Damage >>> D: 19.800 DS: 8.100 H: 0
REPORT 2022-05-06T14:43:20: 
^^^^^^^^^^^^^^^^^^^^^^^^^^^^^^^^^^^^^^^^^^^^^^
REPORT 2022-05-06T14:43:20: Dervish :6cd3107e-0f9d-4809-ab8c-fb30faf4cd80.0 took Damage from Pierce M Pulse - Weapon
REPORT 2022-05-06T14:43:20: Damage to Dervish/Dervish/6cd3107e-0f9d-4809-ab8c-fb30faf4cd80.0
REPORT 2022-05-06T14:43:20: Damage by Incubus/Incubus/ec9d2280-ca9a-4d90-8a20-963d8a4c0a39.0
REPORT 2022-05-06T14:43:20: Damage >>> D: 19.800 DS: 8.100 H: 0
REPORT 2022-05-06T14:43:20: 
^^^^^^^^^^^^^^^^^^^^^^^^^^^^^^^^^^^^^^^^^^^^^^
REPORT 2022-05-06T14:43:20: Dervish :6cd3107e-0f9d-4809-ab8c-fb30faf4cd80.0 took Damage from Streak SRM4 (C)R - Weapon
REPORT 2022-05-06T14:43:20: Damage to Dervish/Dervish/6cd3107e-0f9d-4809-ab8c-fb30faf4cd80.0
REPORT 2022-05-06T14:43:20: Damage by Incubus/Incubus/ec9d2280-ca9a-4d90-8a20-963d8a4c0a39.0
REPORT 2022-05-06T14:43:20: Damage >>> D: 9.000 DS: 0.000 H: 0
REPORT 2022-05-06T14:43:20: 
^^^^^^^^^^^^^^^^^^^^^^^^^^^^^^^^^^^^^^^^^^^^^^
REPORT 2022-05-06T14:43:20: Dervish :6cd3107e-0f9d-4809-ab8c-fb30faf4cd80.0 took Damage from Streak SRM4 (C)R - Weapon
REPORT 2022-05-06T14:43:20: Damage to Dervish/Dervish/6cd3107e-0f9d-4809-ab8c-fb30faf4cd80.0
REPORT 2022-05-06T14:43:20: Damage by Incubus/Incubus/ec9d2280-ca9a-4d90-8a20-963d8a4c0a39.0
REPORT 2022-05-06T14:43:20: Damage >>> D: 9.000 DS: 0.000 H: 0
REPORT 2022-05-06T14:43:20: 
^^^^^^^^^^^^^^^^^^^^^^^^^^^^^^^^^^^^^^^^^^^^^^
REPORT 2022-05-06T14:43:20: Dervish :6cd3107e-0f9d-4809-ab8c-fb30faf4cd80.0 took Damage from Streak SRM4 (C)R - Weapon
REPORT 2022-05-06T14:43:20: Damage to Dervish/Dervish/6cd3107e-0f9d-4809-ab8c-fb30faf4cd80.0
REPORT 2022-05-06T14:43:20: Damage by Incubus/Incubus/ec9d2280-ca9a-4d90-8a20-963d8a4c0a39.0
REPORT 2022-05-06T14:43:20: Damage >>> D: 9.000 DS: 0.000 H: 0
REPORT 2022-05-06T14:43:20: 
^^^^^^^^^^^^^^^^^^^^^^^^^^^^^^^^^^^^^^^^^^^^^^
REPORT 2022-05-06T14:43:20: Dervish :6cd3107e-0f9d-4809-ab8c-fb30faf4cd80.0 took Damage from Streak SRM4 (C)R - Weapon
REPORT 2022-05-06T14:43:20: Damage to Dervish/Dervish/6cd3107e-0f9d-4809-ab8c-fb30faf4cd80.0
REPORT 2022-05-06T14:43:20: Damage by Incubus/Incubus/ec9d2280-ca9a-4d90-8a20-963d8a4c0a39.0
REPORT 2022-05-06T14:43:20: He's dead Jim.....
REPORT 2022-05-06T14:43:23: attack was completed for Incubus - Incubus - ec9d2280-ca9a-4d90-8a20-963d8a4c0a39.0 (AttackDirector:OnAttackComplete) -victims [1]
REPORT 2022-05-06T14:43:23: 
══════════════════════════════════════════════
REPORT 2022-05-06T14:43:23: Damage to Dervish/Dervish/6cd3107e-0f9d-4809-ab8c-fb30faf4cd80.0
REPORT 2022-05-06T14:43:23: Damage by Incubus/Incubus/ec9d2280-ca9a-4d90-8a20-963d8a4c0a39.0
REPORT 2022-05-06T14:43:23: He's dead Jim.....
REPORT 2022-05-06T14:43:23: attack was completed for Incubus - Incubus - ec9d2280-ca9a-4d90-8a20-963d8a4c0a39.0 (MechMeleeSequence:CompleteOrders) -victims [0]
REPORT 2022-05-06T14:43:24: Processing Incubus:ec9d2280-ca9a-4d90-8a20-963d8a4c0a39.0
REPORT 2022-05-06T14:43:24: completed Turn Activation for Incubus - Incubus - ec9d2280-ca9a-4d90-8a20-963d8a4c0a39.0 -victims [0]
REPORT 2022-05-06T14:43:24: ActorHealth Incubus - Incubus - ec9d2280-ca9a-4d90-8a20-963d8a4c0a39.0 -87.591%
REPORT 2022-05-06T14:43:24: Checking pilot panic for Incubus:ec9d2280-ca9a-4d90-8a20-963d8a4c0a39.0 recent panicFalse Confident Health:87.591% v/s 30 Alone:False
REPORT 2022-05-06T14:44:16: Slapdash GetMechEjectionCount 0
REPORT 2022-05-06T14:44:16: Raza5 GetMechEjectionCount 0
REPORT 2022-05-06T14:45:23: Turn Damage Tracker Reset - new Mission
