18:25:33.104 Loaded settings from D:\Steam\steamapps\common\BATTLETECH\Mods\RarityTiedSpawner/settings.json. Version 0.0.0.0
18:38:11.021 Old Length: 52
18:38:11.026 Possible unit: Blackjack. Adding 5 to list.
18:38:11.030 Possible unit: Blackjack. Adding 4 to list.
18:38:11.034 Possible unit: Enforcer. Adding 4 to list.
18:38:11.038 Possible unit: Griffin. Adding 4 to list.
18:38:11.042 Possible unit: Griffin. Adding 4 to list.
18:38:11.046 Possible unit: Shadow Hawk. Adding 3 to list.
18:38:11.049 Possible unit: Shadow Hawk. Adding 4 to list.
18:38:11.053 Possible unit: Vindicator. Adding 2 to list.
18:38:11.057 Possible unit: Wolverine. Adding 4 to list.
18:38:11.061 Possible unit: Assassin. Adding 5 to list.
18:38:11.067 Possible unit: Phoenix Hawk. Adding 5 to list.
18:38:11.071 Possible unit: Phoenix Hawk. Adding 5 to list.
18:38:11.075 Possible unit: Vulcan. Adding 5 to list.
18:38:11.078 Possible unit: Vulcan. Adding 4 to list.
18:38:11.082 Possible unit: Blackjack Omni. Adding 6 to list.
18:38:11.085 Possible unit: Blackjack Omni. Adding 6 to list.
18:38:11.089 Possible unit: Blackjack Omni. Adding 6 to list.
18:38:11.093 Possible unit: Blackjack Omni. Adding 6 to list.
18:38:11.097 Possible unit: Blackjack Omni. Adding 6 to list.
18:38:11.100 Possible unit: Blackjack Omni. Adding 6 to list.
18:38:11.104 Possible unit: Cicada. Adding 3 to list.
18:38:11.108 Possible unit: Cicada. Adding 3 to list.
18:38:11.111 Possible unit: Clint. Adding 4 to list.
18:38:11.115 Possible unit: Dervish. Adding 4 to list.
18:38:11.119 Possible unit: Enforcer. Adding 5 to list.
18:38:11.123 Possible unit: Firestarter Omni. Adding 6 to list.
18:38:11.127 Possible unit: Firestarter Omni. Adding 6 to list.
18:38:11.130 Possible unit: Firestarter Omni. Adding 6 to list.
18:38:11.134 Possible unit: Firestarter Omni. Adding 6 to list.
18:38:11.139 Possible unit: Firestarter Omni. Adding 6 to list.
18:38:11.142 Possible unit: Firestarter Omni. Adding 6 to list.
18:38:11.146 Possible unit: Griffin. Adding 6 to list.
18:38:11.150 Possible unit: Griffin. Adding 6 to list.
18:38:11.153 Possible unit: Hunchback. Adding 5 to list.
18:38:11.157 Possible unit: Icarus II. Adding 4 to list.
18:38:11.161 Possible unit: Shadow Hawk. Adding 3 to list.
18:38:11.164 Possible unit: Shadow Hawk. Adding 6 to list.
18:38:11.168 Possible unit: Shadow Hawk. Adding 2 to list.
18:38:11.172 Possible unit: Starslayer. Adding 6 to list.
18:38:11.175 Possible unit: Whitworth. Adding 4 to list.
18:38:11.179 Possible unit: Wolverine. Adding 2 to list.
18:38:11.182 Possible unit: Wolverine. Adding 6 to list.
18:38:11.186 Possible unit: BattleHammer. Adding 3 to list.
18:38:11.189 Possible unit: Griffin. Adding 3 to list.
18:38:11.193 Possible unit: Coyotl Omni-mech. Adding 3 to list.
18:38:11.197 Possible unit: Coyotl Omni-mech. Adding 3 to list.
18:38:11.201 Possible unit: Phoenix Hawk. Adding 6 to list.
18:38:11.204 Possible unit: Phoenix Hawk. Adding 6 to list.
18:38:11.208 Possible unit: Vulcan. Adding 6 to list.
18:38:11.212 Possible unit: Vulcan. Adding 6 to list.
18:38:11.219 Possible unit: Hatchetman. Adding 6 to list.
18:38:11.219 New Length: 293
18:38:11.320 Old Length: 24
18:38:11.324 Possible unit: Blackjack. Adding 5 to list.
18:38:11.327 Possible unit: Blackjack. Adding 4 to list.
18:38:11.331 Possible unit: Griffin. Adding 4 to list.
18:38:11.335 Possible unit: Kintaro. Adding 4 to list.
18:38:11.339 Possible unit: Shadow Hawk. Adding 3 to list.
18:38:11.343 Possible unit: Shadow Hawk. Adding 4 to list.
18:38:11.346 Possible unit: Wolverine. Adding 4 to list.
18:38:11.350 Possible unit: Wolverine. Adding 4 to list.
18:38:11.354 Possible unit: Blackjack Omni. Adding 6 to list.
18:38:11.358 Possible unit: Blackjack Omni. Adding 6 to list.
18:38:11.361 Possible unit: Blackjack Omni. Adding 6 to list.
18:38:11.365 Possible unit: Blackjack Omni. Adding 6 to list.
18:38:11.369 Possible unit: Blackjack Omni. Adding 6 to list.
18:38:11.372 Possible unit: Blackjack Omni. Adding 6 to list.
18:38:11.376 Possible unit: Dervish. Adding 4 to list.
18:38:11.380 Possible unit: Kintaro. Adding 3 to list.
18:38:11.384 Possible unit: Shadow Hawk. Adding 6 to list.
18:38:11.387 Possible unit: Shadow Hawk. Adding 2 to list.
18:38:11.391 Possible unit: Wolverine. Adding 2 to list.
18:38:11.395 Possible unit: Wolverine. Adding 6 to list.
18:38:11.398 Possible unit: Bushwacker. Adding 2 to list.
18:38:11.402 Possible unit: Coyotl Omni-mech. Adding 3 to list.
18:38:11.407 Possible unit: Coyotl Omni-mech. Adding 3 to list.
18:38:11.411 New Length: 123
