18:50:18.942 Assembly version: 0.9.14.0
18:50:18.942 ModDir is:D:\Steam\steamapps\common\BATTLETECH\Mods\CBTBehaviorsEnhanced
18:50:18.942 mod.json settings are:({"Debug":true,"Trace":false,"Developer":{"ForceFallAfterJump":false,"ForceInvalidateAllMeleeAttacks":false,"DebugHeatToAdd":150},"Features":{"BiomeBreaches":false,"PermanentEvasion":true,"StartupChecks":false},"ToHitSelfJumped":2,"CustomCategories":{"HipActuatorCategoryId":["LegHip"],"UpperLegActuatorCategoryId":["LegUpperActuator"],"LowerLegActuatorCategoryId":["LegLowerActuator"],"FootActuatorCategoryId":["LegFootActuator"],"ShoulderActuatorCategoryId":["ArmShoulder"],"UpperArmActuatorCategoryId":["ArmUpperActuator"],"LowerArmActuatorCategoryId":["ArmLowerActuator","OmniLowerActuator"],"HandActuatorCategoryId":["ArmHandActuator","OmniHandActuator"]},"Heat":{"Movement":{"15":0,"30":-1,"45":-1,"60":-2,"75":-2,"93":-3,"111":-3,"129":-4,"147":-4},"Firing":{"24":1,"39":2,"51":3,"72":4,"99":5,"123":6,"144":7},"Shutdown":{"42":0.1,"54":0.3,"66":0.6,"78":0.8,"90":0.9,"102":1.0,"114":1.1,"126":1.2,"138":1.3,"150":-1},"Explosion":{"60":0.4,"90":0.6,"120":1.0},"PilotInjury":{"84":0.3,"117":0.6,"141":0.8},"SystemFailures":{"57":0.1,"69":0.3,"84":0.5,"105":0.8,"120":0.95,"135":-1},"ShowLowOverheatAnim":42,"ShowExtremeOverheatAnim":90,"ShutdownFallThreshold":0.75,"MaxHeat":150,"WarnAtHeat":42},"Melee":{"AI":{"EvasionPipRemovedUtility":10.0,"EvasionPipLostUtility":40.0,"PilotInjuryMultiUtility":2.0},"Charge":{"AttackerDamagePerTargetTon":2,"TargetDamagePerAttackerTon":0.5,"AttackerInstabilityPerTargetTon":0.25,"TargetInstabilityPerAttackerTon":0.25,"DamageClusterDivisor":25.0,"UnsteadyAttackerOnHit":false,"UnsteadyAttackerOnMiss":true,"UnsteadyTargetOnHit":false,"UsePilotingDelta":false,"TargetVehicleEvasionPipsRemoved":3},"DFA":{"AttackerDamagePerTargetTon":1.5,"TargetDamagePerAttackerTon":2,"AttackerInstabilityPerTargetTon":1,"TargetInstabilityPerAttackerTon":1,"DamageClusterDivisor":25.0,"UnsteadyAttackerOnHit":true,"UnsteadyAttackerOnMiss":false,"UnsteadyTargetOnHit":true,"UsePilotingDelta":false,"TargetVehicleEvasionPipsRemoved":3},"Kick":{"BaseAttackBonus":-2,"LegActuatorDamageMalus":2,"FootActuatorDamageMalus":1,"TargetDamagePerAttackerTon":1,"TargetInstabilityPerAttackerTon":0.5,"LegActuatorDamageReduction":0.5,"UnsteadyAttackerOnHit":false,"UnsteadyAttackerOnMiss":true,"UnsteadyTargetOnHit":true,"TargetVehicleEvasionPipsRemoved":2},"PhysicalWeapon":{"ArmActuatorDamageMalus":2,"DefaultDamagePerAttackerTon":2,"DefaultInstabilityPerAttackerTon":1,"DefaultUnsteadyAttackerOnHit":false,"DefaultUnsteadyAttackerOnMiss":false,"DefaultUnsteadyTargetOnHit":true,"TargetVehicleEvasionPipsRemoved":2},"Punch":{"ArmActuatorDamageMalus":1,"HandActuatorDamageMalus":1,"TargetDamagePerAttackerTon":0.5,"TargetInstabilityPerAttackerTon":1,"ArmActuatorDamageReduction":0.5,"UnsteadyAttackerOnHit":false,"UnsteadyAttackerOnMiss":false,"UnsteadyTargetOnHit":false,"TargetVehicleEvasionPipsRemoved":3},"Turrets":{"DefaultTonnage":100.0,"LightTonnage":25.0,"MediumTonnage":50.0,"HeavyTonnage":75.0},"Swarm":{"MechWeights":{"Head":8,"CenterTorso":16,"CenterTorsoRear":16,"LeftTorso":16,"LeftTorsoRear":16,"RightTorso":16,"RightTorsoRear":16},"VehicleWeights":{"Turret":40,"Left":16,"Right":16,"Rear":40}},"AllowMeleeFromSprint":true,"ProneTargetAttackModifier":-2,"ExtraHitsAverageAllDamage":false,"FilterCanUseInMeleeWeaponsByAttack":true,"DisableMeleeForVehicles":true},"Move":{"MinimumMove":40.0,"RunMulti":1.5,"FallAfterRunChance":0.3,"FallAfterJumpChance":0.3,"MPMetersPerHex":28.0},"Piloting":{"StabilityCheck":0.3,"DFAReductionMulti":0.05,"ShowAllStabilityRolls":false,"StandAttemptFallChance":0.3,"FallingDamagePerTenTons":5},"Breaches":{"VacuumCheck":0.17,"ThinAtmoCheck":0.03},"AI":{"EvasionPipRemovedUtility":10.0,"EvasionPipLostUtility":5.0,"PilotInjuryMultiUtility":1.0},"SkillChecks":{"ModPerPointOfPiloting":0.05,"ModPerPointOfGuts":0.05}})
18:50:18.951 === MOD CONFIG BEGIN ===
18:50:18.951   Debug: True Trace: False
18:50:18.951   FEATURES => BiomeBreaches: False  PermanentEvasion: True  StartupChecks: False
18:50:18.951   ToHitSelfJumped: 2
18:50:18.951 
18:50:18.951 === CUSTOM CATEGORY OPTIONS ===
18:50:18.951   ShoulderActuatorCategoryId: 'ArmShoulder'  UpperArmActuatorCategoryId: 'ArmUpperActuator'  LowerArmActuatorCategoryId: 'ArmLowerActuator,OmniLowerActuator'  HandActuatorCategoryId: 'ArmHandActuator,OmniHandActuator'  
18:50:18.951   HipActuatorCategoryId: 'LegHip'  UpperLegActuatorCategoryId: 'LegUpperActuator'  LowerLegActuatorCategoryId: 'LegLowerActuator'  FootActuatorCategoryId: 'LegFootActuator'  
18:50:18.951 
18:50:18.951 === HEAT OPTIONS ===
18:50:18.954   Movement mods: 15 : 0, 30 : -1, 45 : -1, 60 : -2, 75 : -2, 93 : -3, 111 : -3, 129 : -4, 147 : -4, 
18:50:18.954   Firing mods: 24 : 1, 39 : 2, 51 : 3, 72 : 4, 99 : 5, 123 : 6, 144 : 7, 
18:50:18.955   Shutdown chances: 42 : 0.1, 54 : 0.3, 66 : 0.6, 78 : 0.8, 90 : 0.9, 102 : 1, 114 : 1.1, 126 : 1.2, 138 : 1.3, 150 : -1, 
18:50:18.955   Ammo Explosion chances: 60 : 0.4, 90 : 0.6, 120 : 1, 
18:50:18.955   Pilot Injury chances: 84 : 0.3, 117 : 0.6, 141 : 0.8, 
18:50:18.955   System Failure chances: 57 : 0.1, 69 : 0.3, 84 : 0.5, 105 : 0.8, 120 : 0.95, 135 : -1, 
18:50:18.955   ShowLowOverheatAnim: 42  ShowExtremeOverheatAnim: 90
18:50:18.955   ShutdownFallThreshold: 0.75
18:50:18.955   MaxHeat: 150  WarnAtHeat: 42
18:50:18.955 
18:50:18.955 === MELEE OPTIONS ===
18:50:18.955   ExtraHitsAverageAllDamage: False  ProneTargetAttackModifier: -2  FilterCanUseInMeleeWeaponsByAttack: True
18:50:18.955   -- CHARGE OPTIONS --
18:50:18.955   AttackerDamagePerTargetTon: 2  AttackerInstabilityPerTargetTon: 1
18:50:18.955   TargetDamagePerAttackerTon: 0.5  TargetInstabilityPerAttackerTon: 1
18:50:18.955   DamageClusterDivisor: 25
18:50:18.955   Unsteady => AttackerOnHit: False  AttackerOnMiss: True  TargetOnHit: False
18:50:18.955   TargetVehicleEvasionPipsRemoved: 3
18:50:18.955 
18:50:18.955   -- DFA OPTIONS --
18:50:18.955   AttackerDamagePerTargetTon: 1.5  AttackerInstabilityPerTargetTon: 1
18:50:18.955   TargetDamagePerAttackerTon: 2  TargetInstabilityPerAttackerTon: 1
18:50:18.955   DamageClusterDivisor: 25
18:50:18.955   Unsteady => AttackerOnHit: True  AttackerOnMiss: False  TargetOnHit: True
18:50:18.955   TargetVehicleEvasionPipsRemoved: 3
18:50:18.955 
18:50:18.955   -- KICK OPTIONS --
18:50:18.955   BaseAttackBonus: -2  LegActuatorDamageMalus: 2  FootActuatorDamageMalus: 1
18:50:18.955   TargetDamagePerAttackerTon: 1  TargetInstabilityPerAttackerTon: 0.5
18:50:18.955   LegActuatorDamageReduction: 0.5
18:50:18.955   Unsteady => AttackerOnHit: False  AttackerOnMiss: True  TargetOnHit: True
18:50:18.955   TargetVehicleEvasionPipsRemoved: 2
18:50:18.955 
18:50:18.955   -- PHYSICAL WEAPON OPTIONS --
18:50:18.955   DefaultDamagePerAttackTon: 2  DefaultInstabilityPerAttackerTon: 1
18:50:18.955   ArmActuatorDamageMalus: 2
18:50:18.955   Unsteady Default => AttackerOnHit: False  AttackerOnMiss: False  TargetOnHit: True
18:50:18.955   TargetVehicleEvasionPipsRemoved: 2
18:50:18.955 
18:50:18.955   -- PUNCH OPTIONS --
18:50:18.955   TargetDamagePerAttackerTon: 0.5  TargetInstabilityPerAttackerTon: 1
18:50:18.955   ArmActuatorDamageMalus: 1  HandActuatorDamageMalus: 1
18:50:18.956   ArmActuatorDamageReduction: 0.5
18:50:18.956   Unsteady => AttackerOnHit: False  AttackerOnMiss: False  TargetOnHit: False
18:50:18.956   TargetVehicleEvasionPipsRemoved: 3
18:50:18.956 
18:50:18.956   -- SWARM OPTIONS --
18:50:18.956 
18:50:18.956 === MOVE OPTIONS ===
18:50:18.956   MinimumMove: 40m  HeatMovePenalty: -24m  RunMulti: x1.5
18:50:18.956   FallAfterChances =>   Jump: 0.3  Run: 0.3
18:50:18.956   MPMetersPerHex: 28m
18:50:18.956 
18:50:18.956 === PILOTING OPTIONS ===
18:50:18.956   StabilityCheck: 0.3
18:50:18.956   DFAReductionMulti: x0.05  FallingDamagePerTenTons: 5
18:50:18.956 
18:50:18.956 === SKILL CHECKS OPTIONS ===
18:50:18.956   PilotingSkillMulti: x0.05  GutsSkillMulti: 0.05
18:50:18.956 === BREACHES OPTIONS ===
18:50:18.956   ThinAtmoCheck: 0.03  VacuumCheck: 0.17
18:50:18.956 
18:50:18.956 === MOD CONFIG END ===
18:50:18.956 INFO: No errors reading settings file.
18:50:31.216 Invoking FinishedLoading
18:50:31.216 Initializing IRBTModUtils movement feature modifiers.
18:50:31.216 Enabling MechEngineer functionality
18:50:31.217  -- Checking for RolePlayer and MechEngineer Integration -- 
18:50:31.217   Successfully linked with RolePlayer
18:50:31.217  -- Done
18:50:31.217 Initializing CleverGirl extensions
