INFO: 2022-03-25T12:45:08 - Initializing TisButAScratch - Version 1.0.4.1
INFO: 2022-03-25T12:45:08 - Adding effects for BleedGutsLvl1!
INFO: 2022-03-25T12:45:08 - TEMPORARY: MechWarrior

TBAS_SimBleed__Guts__-1

BattleTech.SimGameStat[] AND {"Scope":1,"Requirements":null,"AddedTags":["TBAS_SimBleed__Guts__-1"],"RemovedTags":[],"Stats":[],"Actions":[],"ForceEvents":null,"TemporaryResult":true,"ResultDuration":10}!
INFO: 2022-03-25T12:45:08 - Adding effects for BleedGutsLvl2!
INFO: 2022-03-25T12:45:08 - TEMPORARY: MechWarrior

TBAS_SimBleed__Guts__-3

BattleTech.SimGameStat[] AND {"Scope":1,"Requirements":null,"AddedTags":["TBAS_SimBleed__Guts__-3"],"RemovedTags":[],"Stats":[],"Actions":[],"ForceEvents":null,"TemporaryResult":true,"ResultDuration":20}!
INFO: 2022-03-25T12:45:08 - Adding effects for BleedGutsLvl3!
INFO: 2022-03-25T12:45:08 - TEMPORARY: MechWarrior

TBAS_SimBleed__Guts__-5

BattleTech.SimGameStat[] AND {"Scope":1,"Requirements":null,"AddedTags":["TBAS_SimBleed__Guts__-5"],"RemovedTags":[],"Stats":[],"Actions":[],"ForceEvents":null,"TemporaryResult":true,"ResultDuration":30}!
INFO: 2022-03-25T12:45:08 - Adding effects for Shock!
INFO: 2022-03-25T12:45:08 - Adding effects for Dizzy!
INFO: 2022-03-25T12:45:08 - Adding effects for Groggy!
INFO: 2022-03-25T12:45:08 - Adding effects for Concussion!
INFO: 2022-03-25T12:45:08 - Adding effects for Broken Jaw!
INFO: 2022-03-25T12:45:08 - Adding effects for Severe Burns - Head!
INFO: 2022-03-25T12:45:08 - Adding effects for Barotrauma - Head!
INFO: 2022-03-25T12:45:08 - Adding effects for Severe Burns - Left Arm!
INFO: 2022-03-25T12:45:08 - Adding effects for Severe Burns - Right Arm!
INFO: 2022-03-25T12:45:08 - Adding effects for Simple Fracture - Left Arm!
INFO: 2022-03-25T12:45:08 - Adding effects for Simple Fracture - Right Arm!
INFO: 2022-03-25T12:45:08 - Adding effects for Compound Fracture - Left Arm!
INFO: 2022-03-25T12:45:08 - Adding effects for Compound Fracture - Right Arm!
INFO: 2022-03-25T12:45:08 - Adding effects for Severe Burns - Left Leg!
INFO: 2022-03-25T12:45:08 - Adding effects for Severe Burns - Right Leg!
INFO: 2022-03-25T12:45:08 - Adding effects for Simple Fracture - Left Leg!
INFO: 2022-03-25T12:45:08 - Adding effects for Compound Fracture - Left Leg!
INFO: 2022-03-25T12:45:08 - Adding effects for Simple Fracture - Right Leg!
INFO: 2022-03-25T12:45:08 - Adding effects for Compound Fracture - Right Leg!
INFO: 2022-03-25T12:45:08 - Adding effects for Internal Bleeding - Torso!
INFO: 2022-03-25T12:45:08 - Adding effects for Broken Ribs!
INFO: 2022-03-25T12:45:08 - Adding effects for Punctured Lung!
INFO: 2022-03-25T12:45:08 - Adding effects for Collapsed Lung!
INFO: 2022-03-25T12:45:08 - Adding effects for Severe Burns - Torso!
INFO: 2022-03-25T12:45:08 - Adding effects for Neural Feedback!
INFO: 2022-03-25T12:45:27 - [UtilityPatches_MechTag] TagSet for mechdef_centurion_CN9-AS did not exist in cache, inititalizing with values: 
.
INFO: 2022-03-25T12:45:27 - [UtilityPatches_MechTag] TagSet for mechdef_marauder_MAD-BH did not exist in cache, inititalizing with values: 
.
INFO: 2022-03-25T12:45:27 - [UtilityPatches_MechTag] TagSet for mechdef_marauder_MAD-CM did not exist in cache, inititalizing with values: 
.
INFO: 2022-03-25T12:45:27 - [UtilityPatches_MechTag] TagSet for mechdef_cyclops_CP-10-HQ did not exist in cache, inititalizing with values: 
.
INFO: 2022-03-25T12:45:28 - [UtilityPatches_MechTag] TagSet for mechdef_raven_RVN-3X did not exist in cache, inititalizing with values: 
.
INFO: 2022-03-25T12:45:28 - [UtilityPatches_MechTag] TagSet for mechdef_annihilator_ANH-JH did not exist in cache, inititalizing with values: 
.
INFO: 2022-03-25T12:45:28 - [UtilityPatches_MechTag] TagSet for mechdef_archer_ARC-LS did not exist in cache, inititalizing with values: 
.
INFO: 2022-03-25T12:45:28 - [UtilityPatches_MechTag] TagSet for mechdef_archer_ARC-XO did not exist in cache, inititalizing with values: 
.
INFO: 2022-03-25T12:45:28 - [UtilityPatches_MechTag] TagSet for mechdef_bullshark_BSK-M3 did not exist in cache, inititalizing with values: 
.
INFO: 2022-03-25T12:45:28 - [UtilityPatches_MechTag] TagSet for mechdef_bullshark_BSK-MAZ did not exist in cache, inititalizing with values: 
.
INFO: 2022-03-25T12:45:28 - [UtilityPatches_MechTag] TagSet for mechdef_rifleman_RFL-RIP did not exist in cache, inititalizing with values: 
.
INFO: 2022-03-25T12:45:38 - [UtilityPatches_MechTag] TagSet for mechdef_bullshark_BSK-CHR did not exist in cache, inititalizing with values: 
.
INFO: 2022-03-25T12:45:38 - [UtilityPatches_MechTag] TagSet for mechdef_bullshark_BSK-M4 did not exist in cache, inititalizing with values: 
.
INFO: 2022-03-25T12:45:38 - [UtilityPatches_MechTag] TagSet for mechdef_bullshark_BSK-M5 did not exist in cache, inititalizing with values: 
.
INFO: 2022-03-25T12:45:38 - [UtilityPatches_MechTag] TagSet for mechdef_bullshark_BSK-M6 did not exist in cache, inititalizing with values: 
.
INFO: 2022-03-25T12:45:38 - [UtilityPatches_MechTag] TagSet for mechdef_bullshark_BSK-M7 did not exist in cache, inititalizing with values: 
.
