18:25:31.059 === MOD CONFIG BEGIN ===
18:25:31.059   DEBUG: False Trace: False
18:25:31.059 
18:25:31.059 --- FEATURES ---
18:25:31.059   EnableMovementModifiers: True
18:25:31.059 
18:25:31.059 --- MOVEMENT ---
18:25:31.059   MinimumMove: 40  MinimumJump: 0
18:25:31.059 
18:25:31.059 --- DIALOGUE OPTIONS ---
18:25:31.060   CallsignPath: BattleTech_Data/StreamingAssets/data/nameLists/name_callsign.txt
18:25:31.060   Portraits: sprites/Portraits/guiTxrPort_DEST_utr.png,sprites/Portraits/guiTxrPort_GenericMW_01_utr.png,sprites/Portraits/guiTxrPort_GenericMW_02_utr.png,sprites/Portraits/guiTxrPort_GenericMW_03_utr.png,sprites/Portraits/guiTxrPort_GenericMW_04_utr.png,sprites/Portraits/guiTxrPort_GenericMW_05_utr.png,sprites/Portraits/guiTxrPort_GenericMW_06_utr.png,sprites/Portraits/guiTxrPort_GenericMW_07_utr.png,sprites/Portraits/guiTxrPort_GenericMW_08_utr.png,sprites/Portraits/guiTxrPort_GenericMW_09_utr.png,sprites/Portraits/guiTxrPort_GenericMW_10_utr.png,sprites/Portraits/guiTxrPort_GenericMW_11_utr.png,sprites/Portraits/guiTxrPort_GenericMW_12_utr.png,sprites/Portraits/guiTxrPort_GenericMW_davion_utr.png,sprites/Portraits/guiTxrPort_GenericMW_default_utr.png,sprites/Portraits/guiTxrPort_GenericMW_kurita_utr.png,sprites/Portraits/guiTxrPort_GenericMW_liao_utr.png,sprites/Portraits/guiTxrPort_GenericMW_marik_utr.png,sprites/Portraits/guiTxrPort_GenericMW_steiner_utr.png
18:25:31.064 
18:25:31.064 --- SKILL MODIFIERS ---
18:25:31.064 Gunnery => ratings: s1=>0,s2=>1,s3=>1,s4=>2,s5=>2,s6=>3,s7=>3,s8=>4,s9=>4,s10=>5,s11=>6,s12=>7,s13=>8,
18:25:31.064   bonus abilities => multiplier: 1  abilities: AbilityDefG5,AbilityDefG8
18:25:31.064 
18:25:31.064 Guts => ratings: s1=>0,s2=>1,s3=>1,s4=>2,s5=>2,s6=>3,s7=>3,s8=>4,s9=>4,s10=>5,s11=>6,s12=>7,s13=>8,s1=>0,s2=>1,s3=>1,s4=>2,s5=>2,s6=>3,s7=>3,s8=>4,s9=>4,s10=>5,s11=>6,s12=>7,s13=>8,
18:25:31.064   bonus abilities => multiplier: 1  abilities: AbilityDefGu5,AbilityDefGu8
18:25:31.064 
18:25:31.065 Piloting => ratings: s1=>0,s2=>1,s3=>1,s4=>2,s5=>2,s6=>3,s7=>3,s8=>4,s9=>4,s10=>5,s11=>6,s12=>7,s13=>8,s1=>0,s2=>1,s3=>1,s4=>2,s5=>2,s6=>3,s7=>3,s8=>4,s9=>4,s10=>5,s11=>6,s12=>7,s13=>8,s1=>0,s2=>1,s3=>1,s4=>2,s5=>2,s6=>3,s7=>3,s8=>4,s9=>4,s10=>5,s11=>6,s12=>7,s13=>8,
18:25:31.065   bonus abilities => multiplier: 1  abilities: AbilityDefP5,AbilityDefP8
18:25:31.065 
18:25:31.065 Tactics => ratings: s1=>0,s2=>1,s3=>1,s4=>2,s5=>2,s6=>3,s7=>3,s8=>4,s9=>4,s10=>5,s11=>6,s12=>7,s13=>8,s1=>0,s2=>1,s3=>1,s4=>2,s5=>2,s6=>3,s7=>3,s8=>4,s9=>4,s10=>5,s11=>6,s12=>7,s13=>8,s1=>0,s2=>1,s3=>1,s4=>2,s5=>2,s6=>3,s7=>3,s8=>4,s9=>4,s10=>5,s11=>6,s12=>7,s13=>8,s1=>0,s2=>1,s3=>1,s4=>2,s5=>2,s6=>3,s7=>3,s8=>4,s9=>4,s10=>5,s11=>6,s12=>7,s13=>8,
18:25:31.065   bonus abilities => multiplier: 1  abilities: AbilityDefT5A,AbilityDefT8A
18:25:31.065 
18:25:31.065 
18:25:31.065 === MOD CONFIG END ===
18:25:31.068 Assembly version: 1.21.0.0
18:25:52.589 Registering 2 positionFactors from mod: CBTBE
18:38:04.143 Loading System.String[] portrait sprites.
18:38:04.438 Added sprite for portraitPath: sprites/Portraits/guiTxrPort_DEST_utr.png
18:38:04.674 Added sprite for portraitPath: sprites/Portraits/guiTxrPort_GenericMW_01_utr.png
18:38:04.907 Added sprite for portraitPath: sprites/Portraits/guiTxrPort_GenericMW_02_utr.png
18:38:05.155 Added sprite for portraitPath: sprites/Portraits/guiTxrPort_GenericMW_03_utr.png
18:38:05.385 Added sprite for portraitPath: sprites/Portraits/guiTxrPort_GenericMW_04_utr.png
18:38:05.629 Added sprite for portraitPath: sprites/Portraits/guiTxrPort_GenericMW_05_utr.png
18:38:05.842 Added sprite for portraitPath: sprites/Portraits/guiTxrPort_GenericMW_06_utr.png
18:38:06.053 Added sprite for portraitPath: sprites/Portraits/guiTxrPort_GenericMW_07_utr.png
18:38:06.285 Added sprite for portraitPath: sprites/Portraits/guiTxrPort_GenericMW_08_utr.png
18:38:06.497 Added sprite for portraitPath: sprites/Portraits/guiTxrPort_GenericMW_09_utr.png
18:38:06.731 Added sprite for portraitPath: sprites/Portraits/guiTxrPort_GenericMW_10_utr.png
18:38:06.956 Added sprite for portraitPath: sprites/Portraits/guiTxrPort_GenericMW_11_utr.png
18:38:07.186 Added sprite for portraitPath: sprites/Portraits/guiTxrPort_GenericMW_12_utr.png
18:38:07.207 Added sprite for portraitPath: sprites/Portraits/guiTxrPort_GenericMW_davion_utr.png
18:38:07.223 Added sprite for portraitPath: sprites/Portraits/guiTxrPort_GenericMW_default_utr.png
18:38:07.243 Added sprite for portraitPath: sprites/Portraits/guiTxrPort_GenericMW_kurita_utr.png
18:38:07.264 Added sprite for portraitPath: sprites/Portraits/guiTxrPort_GenericMW_liao_utr.png
18:38:07.285 Added sprite for portraitPath: sprites/Portraits/guiTxrPort_GenericMW_marik_utr.png
18:38:07.306 Added sprite for portraitPath: sprites/Portraits/guiTxrPort_GenericMW_steiner_utr.png
18:38:07.306 Loaded 19 portraits.
18:38:34.641 ModifiedWalkDistance changed for 'Incubus_Slapdash_7B9F1E30' to 278m from: 277.2m isRun: False
18:38:34.643 ModifiedRunDistance changed for 'Incubus_Slapdash_7B9F1E30' to 445m from: 378m isRun: True
18:38:34.859 ModifiedWalkDistance changed for 'Commando_Raza5_897CCCCA' to 196m from: 196m isRun: False
18:38:34.859 ModifiedRunDistance changed for 'Commando_Raza5_897CCCCA' to 314m from: 294m isRun: True
18:38:34.919 ModifiedWalkDistance changed for 'Dervish_Gunner_BE734610' to 140m from: 140m isRun: False
18:38:34.919 ModifiedRunDistance changed for 'Dervish_Gunner_BE734610' to 210m from: 210m isRun: True
18:38:35.082 ModifiedWalkDistance changed for 'Blackjack Omni_Gunner_958BC8D6' to 112m from: 112m isRun: False
18:38:35.082 ModifiedRunDistance changed for 'Blackjack Omni_Gunner_958BC8D6' to 168m from: 168m isRun: True
18:41:52.665 Creating dialogueContent for castDef: castDef_ec9d2280-ca9a-4d90-8a20-963d8a4c0a39.0
18:42:51.544 ModifiedWalkDistance changed for 'Dervish_Gunner_BE734610' to 40m from: 140m isRun: False
18:42:51.544 ModifiedRunDistance changed for 'Dervish_Gunner_BE734610' to 60m from: 210m isRun: True
18:42:53.257 Creating dialogueContent for castDef: castDef_6cd3107e-0f9d-4809-ab8c-fb30faf4cd80.0
18:43:23.914 ModifiedWalkDistance changed for 'Incubus_Slapdash_7B9F1E30' to 254m from: 277.2m isRun: False
18:43:23.930 ModifiedWalkDistance changed for 'Incubus_Slapdash_7B9F1E30' to 278m from: 277.2m isRun: False
18:44:09.607 Objective found with status Ignored (AMMO COSTS DEDUCTED: ¢3,600)
18:44:09.607 Setting Gold
